[ 2014-09-01T14:24:51+08:00 ] 127.0.0.1 /NewFace/index.php/Home/Index/academy
INFO: [ app_begin ] --START--
INFO: Run Behavior\ReadHtmlCacheBehavior [ RunTime:0.001617s ]
INFO: [ app_begin ] --END-- [ RunTime:0.002538s ]
SQL: SHOW COLUMNS FROM `student` [ RunTime:0.008323s ]
NOTIC: [8] Undefined offset: 0 G:\wamp\www\NewFace\Application\Home\Controller\IndexController.class.php 第 44 行.
NOTIC: [8] Undefined variable: first G:\wamp\www\NewFace\Application\Home\Controller\IndexController.class.php 第 46 行.
SQL: SELECT `stu_id`,`stu_praise_count`,`stu_img` FROM `student` ORDER BY stu_praise_count desc LIMIT 0,11   [ RunTime:0.348031s ]
INFO: [ app_end ] --START--
INFO: Run Behavior\ShowPageTraceBehavior [ RunTime:0.002655s ]
INFO: [ app_end ] --END-- [ RunTime:0.002848s ]

[ 2014-09-01T14:24:54+08:00 ] 127.0.0.1 /NewFace/index.php/Home/Index/academy
INFO: [ app_begin ] --START--
INFO: Run Behavior\ReadHtmlCacheBehavior [ RunTime:0.000846s ]
INFO: [ app_begin ] --END-- [ RunTime:0.001314s ]
SQL: SHOW COLUMNS FROM `student` [ RunTime:0.016353s ]
NOTIC: [8] Undefined offset: 0 G:\wamp\www\NewFace\Application\Home\Controller\IndexController.class.php 第 44 行.
NOTIC: [8] Undefined variable: first G:\wamp\www\NewFace\Application\Home\Controller\IndexController.class.php 第 46 行.
SQL: SELECT `stu_id`,`stu_praise_count`,`stu_img` FROM `student` ORDER BY stu_praise_count desc LIMIT 0,11   [ RunTime:0.004086s ]
INFO: [ app_end ] --START--
INFO: Run Behavior\ShowPageTraceBehavior [ RunTime:0.000796s ]
INFO: [ app_end ] --END-- [ RunTime:0.000831s ]

[ 2014-09-01T14:24:56+08:00 ] 127.0.0.1 /NewFace/index.php/Home/Index/academy
INFO: [ app_begin ] --START--
INFO: Run Behavior\ReadHtmlCacheBehavior [ RunTime:0.000836s ]
INFO: [ app_begin ] --END-- [ RunTime:0.001305s ]
SQL: SHOW COLUMNS FROM `student` [ RunTime:0.009512s ]
NOTIC: [8] Undefined offset: 0 G:\wamp\www\NewFace\Application\Home\Controller\IndexController.class.php 第 44 行.
NOTIC: [8] Undefined variable: first G:\wamp\www\NewFace\Application\Home\Controller\IndexController.class.php 第 46 行.
SQL: SELECT `stu_id`,`stu_praise_count`,`stu_img` FROM `student` ORDER BY stu_praise_count desc LIMIT 0,11   [ RunTime:0.025740s ]
INFO: [ app_end ] --START--
INFO: Run Behavior\ShowPageTraceBehavior [ RunTime:0.002560s ]
INFO: [ app_end ] --END-- [ RunTime:0.002731s ]

[ 2014-09-01T14:24:57+08:00 ] 127.0.0.1 /NewFace/index.php/Home/Index/academy
INFO: [ app_begin ] --START--
INFO: Run Behavior\ReadHtmlCacheBehavior [ RunTime:0.000796s ]
INFO: [ app_begin ] --END-- [ RunTime:0.001255s ]
SQL: SHOW COLUMNS FROM `student` [ RunTime:0.002736s ]
NOTIC: [8] Undefined offset: 0 G:\wamp\www\NewFace\Application\Home\Controller\IndexController.class.php 第 44 行.
NOTIC: [8] Undefined variable: first G:\wamp\www\NewFace\Application\Home\Controller\IndexController.class.php 第 46 行.
SQL: SELECT `stu_id`,`stu_praise_count`,`stu_img` FROM `student` ORDER BY stu_praise_count desc LIMIT 0,11   [ RunTime:0.003931s ]
INFO: [ app_end ] --START--
INFO: Run Behavior\ShowPageTraceBehavior [ RunTime:0.000887s ]
INFO: [ app_end ] --END-- [ RunTime:0.000930s ]

[ 2014-09-01T14:24:57+08:00 ] 127.0.0.1 /NewFace/index.php/Home/Index/academy
INFO: [ app_begin ] --START--
INFO: Run Behavior\ReadHtmlCacheBehavior [ RunTime:0.000869s ]
INFO: [ app_begin ] --END-- [ RunTime:0.001340s ]
SQL: SHOW COLUMNS FROM `student` [ RunTime:0.003119s ]
NOTIC: [8] Undefined offset: 0 G:\wamp\www\NewFace\Application\Home\Controller\IndexController.class.php 第 44 行.
NOTIC: [8] Undefined variable: first G:\wamp\www\NewFace\Application\Home\Controller\IndexController.class.php 第 46 行.
SQL: SELECT `stu_id`,`stu_praise_count`,`stu_img` FROM `student` ORDER BY stu_praise_count desc LIMIT 0,11   [ RunTime:0.004342s ]
INFO: [ app_end ] --START--
INFO: Run Behavior\ShowPageTraceBehavior [ RunTime:0.000962s ]
INFO: [ app_end ] --END-- [ RunTime:0.001008s ]

[ 2014-09-01T14:24:58+08:00 ] 127.0.0.1 /NewFace/index.php/Home/Index/academy
INFO: [ app_begin ] --START--
INFO: Run Behavior\ReadHtmlCacheBehavior [ RunTime:0.000838s ]
INFO: [ app_begin ] --END-- [ RunTime:0.001287s ]
SQL: SHOW COLUMNS FROM `student` [ RunTime:0.002748s ]
NOTIC: [8] Undefined offset: 0 G:\wamp\www\NewFace\Application\Home\Controller\IndexController.class.php 第 44 行.
NOTIC: [8] Undefined variable: first G:\wamp\www\NewFace\Application\Home\Controller\IndexController.class.php 第 46 行.
SQL: SELECT `stu_id`,`stu_praise_count`,`stu_img` FROM `student` ORDER BY stu_praise_count desc LIMIT 0,11   [ RunTime:0.004840s ]
INFO: [ app_end ] --START--
INFO: Run Behavior\ShowPageTraceBehavior [ RunTime:0.000948s ]
INFO: [ app_end ] --END-- [ RunTime:0.000991s ]

[ 2014-09-01T14:24:58+08:00 ] 127.0.0.1 /NewFace/index.php/Home/Index/academy
INFO: [ app_begin ] --START--
INFO: Run Behavior\ReadHtmlCacheBehavior [ RunTime:0.000853s ]
INFO: [ app_begin ] --END-- [ RunTime:0.001316s ]
SQL: SHOW COLUMNS FROM `student` [ RunTime:0.002838s ]
NOTIC: [8] Undefined offset: 0 G:\wamp\www\NewFace\Application\Home\Controller\IndexController.class.php 第 44 行.
NOTIC: [8] Undefined variable: first G:\wamp\www\NewFace\Application\Home\Controller\IndexController.class.php 第 46 行.
SQL: SELECT `stu_id`,`stu_praise_count`,`stu_img` FROM `student` ORDER BY stu_praise_count desc LIMIT 0,11   [ RunTime:0.004040s ]
INFO: [ app_end ] --START--
INFO: Run Behavior\ShowPageTraceBehavior [ RunTime:0.000884s ]
INFO: [ app_end ] --END-- [ RunTime:0.000942s ]

[ 2014-09-01T14:24:59+08:00 ] 127.0.0.1 /NewFace/index.php/Home/Index/academy
INFO: [ app_begin ] --START--
INFO: Run Behavior\ReadHtmlCacheBehavior [ RunTime:0.000826s ]
INFO: [ app_begin ] --END-- [ RunTime:0.001285s ]
SQL: SHOW COLUMNS FROM `student` [ RunTime:0.002882s ]
NOTIC: [8] Undefined offset: 0 G:\wamp\www\NewFace\Application\Home\Controller\IndexController.class.php 第 44 行.
NOTIC: [8] Undefined variable: first G:\wamp\www\NewFace\Application\Home\Controller\IndexController.class.php 第 46 行.
SQL: SELECT `stu_id`,`stu_praise_count`,`stu_img` FROM `student` ORDER BY stu_praise_count desc LIMIT 0,11   [ RunTime:0.004184s ]
INFO: [ app_end ] --START--
INFO: Run Behavior\ShowPageTraceBehavior [ RunTime:0.000848s ]
INFO: [ app_end ] --END-- [ RunTime:0.000887s ]

[ 2014-09-01T14:24:59+08:00 ] 127.0.0.1 /NewFace/index.php/Home/Index/academy
INFO: [ app_begin ] --START--
INFO: Run Behavior\ReadHtmlCacheBehavior [ RunTime:0.000824s ]
INFO: [ app_begin ] --END-- [ RunTime:0.001294s ]
SQL: SHOW COLUMNS FROM `student` [ RunTime:0.002789s ]
NOTIC: [8] Undefined offset: 0 G:\wamp\www\NewFace\Application\Home\Controller\IndexController.class.php 第 44 行.
NOTIC: [8] Undefined variable: first G:\wamp\www\NewFace\Application\Home\Controller\IndexController.class.php 第 46 行.
SQL: SELECT `stu_id`,`stu_praise_count`,`stu_img` FROM `student` ORDER BY stu_praise_count desc LIMIT 0,11   [ RunTime:0.003958s ]
INFO: [ app_end ] --START--
INFO: Run Behavior\ShowPageTraceBehavior [ RunTime:0.000839s ]
INFO: [ app_end ] --END-- [ RunTime:0.000878s ]

[ 2014-09-01T14:24:59+08:00 ] 127.0.0.1 /NewFace/index.php/Home/Index/academy
INFO: [ app_begin ] --START--
INFO: Run Behavior\ReadHtmlCacheBehavior [ RunTime:0.000718s ]
INFO: [ app_begin ] --END-- [ RunTime:0.001111s ]
SQL: SHOW COLUMNS FROM `student` [ RunTime:0.002935s ]
NOTIC: [8] Undefined offset: 0 G:\wamp\www\NewFace\Application\Home\Controller\IndexController.class.php 第 44 行.
NOTIC: [8] Undefined variable: first G:\wamp\www\NewFace\Application\Home\Controller\IndexController.class.php 第 46 行.
SQL: SELECT `stu_id`,`stu_praise_count`,`stu_img` FROM `student` ORDER BY stu_praise_count desc LIMIT 0,11   [ RunTime:0.003945s ]
INFO: [ app_end ] --START--
INFO: Run Behavior\ShowPageTraceBehavior [ RunTime:0.000958s ]
INFO: [ app_end ] --END-- [ RunTime:0.001007s ]

[ 2014-09-01T14:25:10+08:00 ] 127.0.0.1 /NewFace/index.php/Home/Index/detail
INFO: [ app_begin ] --START--
INFO: Run Behavior\ReadHtmlCacheBehavior [ RunTime:0.000836s ]
INFO: [ app_begin ] --END-- [ RunTime:0.001318s ]
SQL: SHOW COLUMNS FROM `student` [ RunTime:0.002751s ]
SQL: SELECT `stu_id`,`stu_img`,`stu_praise_count` FROM `student` WHERE ( stu_id=1 ) LIMIT 1   [ RunTime:0.064280s ]
SQL: SHOW COLUMNS FROM `comment` [ RunTime:0.052850s ]
SQL: SELECT `stu_name`,`com_content` FROM `comment` INNER JOIN student ON comment.com_uid=student.stu_id  WHERE ( com_pid=1 )  [ RunTime:0.095236s ]
INFO: [ app_end ] --START--
INFO: Run Behavior\ShowPageTraceBehavior [ RunTime:0.001293s ]
INFO: [ app_end ] --END-- [ RunTime:0.001531s ]

[ 2014-09-01T14:25:16+08:00 ] 127.0.0.1 /NewFace/index.php/Home/Index/sendCom
INFO: [ app_begin ] --START--
INFO: Run Behavior\ReadHtmlCacheBehavior [ RunTime:0.000884s ]
INFO: [ app_begin ] --END-- [ RunTime:0.001347s ]
SQL: SHOW COLUMNS FROM `comment` [ RunTime:0.023603s ]
NOTIC: [8] Undefined index: stu_id G:\wamp\www\NewFace\Application\Home\Controller\IndexController.class.php 第 79 行.
SQL: INSERT INTO `comment` (`com_pid`,`com_content`,`com_uid`,`com_addtime`) VALUES (1,'dfsdf',null,'2014-09-01 14:25:15 ') [ RunTime:0.154161s ]
NOTIC: [8] Undefined index: stu_name G:\wamp\www\NewFace\Application\Home\Controller\IndexController.class.php 第 83 行.
INFO: [ app_end ] --START--
INFO: Run Behavior\ShowPageTraceBehavior [ RunTime:0.002639s ]
INFO: [ app_end ] --END-- [ RunTime:0.002767s ]

[ 2014-09-01T14:25:29+08:00 ] 127.0.0.1 /NewFace/index.php/Home/Index/academy
INFO: [ app_begin ] --START--
INFO: Run Behavior\ReadHtmlCacheBehavior [ RunTime:0.002295s ]
INFO: [ app_begin ] --END-- [ RunTime:0.003499s ]
SQL: SHOW COLUMNS FROM `student` [ RunTime:0.004104s ]
SQL: SELECT `stu_id`,`stu_praise_count`,`stu_img` FROM `student` WHERE ( stu_academy='通信与信息工程学院' ) LIMIT 0,11   [ RunTime:0.000490s ]
INFO: [ app_end ] --START--
INFO: Run Behavior\ShowPageTraceBehavior [ RunTime:0.001294s ]
INFO: [ app_end ] --END-- [ RunTime:0.001366s ]

[ 2014-09-01T14:25:32+08:00 ] 127.0.0.1 /NewFace/index.php/Home/Index/academy
INFO: [ app_begin ] --START--
INFO: Run Behavior\ReadHtmlCacheBehavior [ RunTime:0.000839s ]
INFO: [ app_begin ] --END-- [ RunTime:0.001313s ]
SQL: SHOW COLUMNS FROM `student` [ RunTime:0.003189s ]
SQL: SELECT `stu_id`,`stu_praise_count`,`stu_img` FROM `student` WHERE ( stu_academy='通信与信息工程学院' ) LIMIT 0,11   [ RunTime:0.022587s ]
INFO: [ app_end ] --START--
INFO: Run Behavior\ShowPageTraceBehavior [ RunTime:0.000981s ]
INFO: [ app_end ] --END-- [ RunTime:0.001029s ]

[ 2014-09-01T14:25:35+08:00 ] 127.0.0.1 /NewFace/index.php/Home/Index/academy
INFO: [ app_begin ] --START--
INFO: Run Behavior\ReadHtmlCacheBehavior [ RunTime:0.001141s ]
INFO: [ app_begin ] --END-- [ RunTime:0.001581s ]
SQL: SHOW COLUMNS FROM `student` [ RunTime:0.003299s ]
SQL: SELECT `stu_id`,`stu_praise_count`,`stu_img` FROM `student` WHERE ( stu_academy='通信与信息工程学院' ) LIMIT 0,11   [ RunTime:0.000377s ]
INFO: [ app_end ] --START--
INFO: Run Behavior\ShowPageTraceBehavior [ RunTime:0.000961s ]
INFO: [ app_end ] --END-- [ RunTime:0.001009s ]

[ 2014-09-01T14:25:39+08:00 ] 127.0.0.1 /NewFace/index.php/Home/Index/academy
INFO: [ app_begin ] --START--
INFO: Run Behavior\ReadHtmlCacheBehavior [ RunTime:0.000888s ]
INFO: [ app_begin ] --END-- [ RunTime:0.001354s ]
SQL: SHOW COLUMNS FROM `student` [ RunTime:0.002858s ]
SQL: SELECT `stu_id`,`stu_praise_count`,`stu_img` FROM `student` WHERE ( stu_academy='通信与信息工程学院' ) LIMIT 0,11   [ RunTime:0.000350s ]
INFO: [ app_end ] --START--
INFO: Run Behavior\ShowPageTraceBehavior [ RunTime:0.000945s ]
INFO: [ app_end ] --END-- [ RunTime:0.001023s ]

[ 2014-09-01T14:25:41+08:00 ] 127.0.0.1 /NewFace/index.php/Home/Index/academy
INFO: [ app_begin ] --START--
INFO: Run Behavior\ReadHtmlCacheBehavior [ RunTime:0.000841s ]
INFO: [ app_begin ] --END-- [ RunTime:0.001309s ]
SQL: SHOW COLUMNS FROM `student` [ RunTime:0.002960s ]
SQL: SELECT `stu_id`,`stu_praise_count`,`stu_img` FROM `student` WHERE ( stu_academy='通信与信息工程学院' ) LIMIT 0,11   [ RunTime:0.000357s ]
INFO: [ app_end ] --START--
INFO: Run Behavior\ShowPageTraceBehavior [ RunTime:0.000944s ]
INFO: [ app_end ] --END-- [ RunTime:0.000990s ]

[ 2014-09-01T14:25:44+08:00 ] 127.0.0.1 /NewFace/index.php/Home/Index/academy
INFO: [ app_begin ] --START--
INFO: Run Behavior\ReadHtmlCacheBehavior [ RunTime:0.000828s ]
INFO: [ app_begin ] --END-- [ RunTime:0.001356s ]
SQL: SHOW COLUMNS FROM `student` [ RunTime:0.003388s ]
SQL: SELECT `stu_id`,`stu_praise_count`,`stu_img` FROM `student` WHERE ( stu_academy='通信与信息工程学院' ) LIMIT 0,11   [ RunTime:0.000371s ]
INFO: [ app_end ] --START--
INFO: Run Behavior\ShowPageTraceBehavior [ RunTime:0.000854s ]
INFO: [ app_end ] --END-- [ RunTime:0.000897s ]

[ 2014-09-01T14:25:46+08:00 ] 127.0.0.1 /NewFace/index.php/Home/Index/academy
INFO: [ app_begin ] --START--
INFO: Run Behavior\ReadHtmlCacheBehavior [ RunTime:0.000785s ]
INFO: [ app_begin ] --END-- [ RunTime:0.001264s ]
SQL: SHOW COLUMNS FROM `student` [ RunTime:0.002685s ]
SQL: SELECT `stu_id`,`stu_praise_count`,`stu_img` FROM `student` WHERE ( stu_academy='通信与信息工程学院' ) LIMIT 0,11   [ RunTime:0.000350s ]
INFO: [ app_end ] --START--
INFO: Run Behavior\ShowPageTraceBehavior [ RunTime:0.000966s ]
INFO: [ app_end ] --END-- [ RunTime:0.001013s ]

[ 2014-09-01T14:25:48+08:00 ] 127.0.0.1 /NewFace/index.php/Home/Index/academy
INFO: [ app_begin ] --START--
INFO: Run Behavior\ReadHtmlCacheBehavior [ RunTime:0.000879s ]
INFO: [ app_begin ] --END-- [ RunTime:0.001352s ]
SQL: SHOW COLUMNS FROM `student` [ RunTime:0.029966s ]
SQL: SELECT `stu_id`,`stu_praise_count`,`stu_img` FROM `student` WHERE ( stu_academy='通信与信息工程学院' ) LIMIT 0,11   [ RunTime:0.000352s ]
INFO: [ app_end ] --START--
INFO: Run Behavior\ShowPageTraceBehavior [ RunTime:0.000906s ]
INFO: [ app_end ] --END-- [ RunTime:0.000952s ]

[ 2014-09-01T14:25:51+08:00 ] 127.0.0.1 /NewFace/index.php/Home/Index/academy
INFO: [ app_begin ] --START--
INFO: Run Behavior\ReadHtmlCacheBehavior [ RunTime:0.000830s ]
INFO: [ app_begin ] --END-- [ RunTime:0.001298s ]
SQL: SHOW COLUMNS FROM `student` [ RunTime:0.002861s ]
SQL: SELECT `stu_id`,`stu_praise_count`,`stu_img` FROM `student` WHERE ( stu_academy='通信与信息工程学院' ) LIMIT 0,11   [ RunTime:0.000354s ]
INFO: [ app_end ] --START--
INFO: Run Behavior\ShowPageTraceBehavior [ RunTime:0.000927s ]
INFO: [ app_end ] --END-- [ RunTime:0.000978s ]

[ 2014-09-01T15:36:09+08:00 ] 127.0.0.1 /NewFace/index.php/Home/Index/academy
INFO: [ app_begin ] --START--
INFO: Run Behavior\ReadHtmlCacheBehavior [ RunTime:0.002381s ]
INFO: [ app_begin ] --END-- [ RunTime:0.003846s ]
SQL: SHOW COLUMNS FROM `student` [ RunTime:0.005070s ]
NOTIC: [8] Undefined offset: 0 G:\wamp\www\NewFace\Application\Home\Controller\IndexController.class.php 第 45 行.
NOTIC: [8] Undefined variable: first G:\wamp\www\NewFace\Application\Home\Controller\IndexController.class.php 第 47 行.
SQL: SELECT `stu_id`,`stu_praise_count`,`stu_img` FROM `student` ORDER BY stu_praise_count desc LIMIT 0,11   [ RunTime:0.000344s ]
ERR: 1054:Unknown column 'stu_img' in 'field list'
 [ SQL语句 ] : SELECT `stu_id`,`stu_praise_count`,`stu_img` FROM `student` ORDER BY stu_praise_count desc LIMIT 0,11  
INFO: [ app_end ] --START--
INFO: Run Behavior\ShowPageTraceBehavior [ RunTime:0.001388s ]
INFO: [ app_end ] --END-- [ RunTime:0.001462s ]

[ 2014-09-01T15:36:11+08:00 ] 127.0.0.1 /NewFace/index.php/Home/Index/academy
INFO: [ app_begin ] --START--
INFO: Run Behavior\ReadHtmlCacheBehavior [ RunTime:0.000565s ]
INFO: [ app_begin ] --END-- [ RunTime:0.000996s ]
SQL: SHOW COLUMNS FROM `student` [ RunTime:0.002658s ]
NOTIC: [8] Undefined offset: 0 G:\wamp\www\NewFace\Application\Home\Controller\IndexController.class.php 第 45 行.
NOTIC: [8] Undefined variable: first G:\wamp\www\NewFace\Application\Home\Controller\IndexController.class.php 第 47 行.
SQL: SELECT `stu_id`,`stu_praise_count`,`stu_img` FROM `student` ORDER BY stu_praise_count desc LIMIT 0,11   [ RunTime:0.000216s ]
ERR: 1054:Unknown column 'stu_img' in 'field list'
 [ SQL语句 ] : SELECT `stu_id`,`stu_praise_count`,`stu_img` FROM `student` ORDER BY stu_praise_count desc LIMIT 0,11  
INFO: [ app_end ] --START--
INFO: Run Behavior\ShowPageTraceBehavior [ RunTime:0.000705s ]
INFO: [ app_end ] --END-- [ RunTime:0.000741s ]

[ 2014-09-01T15:38:40+08:00 ] 127.0.0.1 /NewFace/index.php/Home/Index/detail
INFO: [ app_begin ] --START--
INFO: Run Behavior\ReadHtmlCacheBehavior [ RunTime:0.003014s ]
INFO: [ app_begin ] --END-- [ RunTime:0.004104s ]
SQL: SHOW COLUMNS FROM `student` [ RunTime:0.004251s ]
SQL: SELECT `stu_id`,`img_name`,`stu_praise_count` FROM `student` JOIN image ON student.stu_id=image.img_uid  WHERE ( stu_id=1 ) LIMIT 1   [ RunTime:0.000372s ]
SQL: SHOW COLUMNS FROM `comment` [ RunTime:0.024653s ]
SQL: SELECT `stu_name`,`com_content` FROM `comment` INNER JOIN student ON comment.com_uid=student.stu_id  WHERE ( com_pid=1 )  [ RunTime:0.011219s ]
INFO: [ app_end ] --START--
INFO: Run Behavior\ShowPageTraceBehavior [ RunTime:0.000938s ]
INFO: [ app_end ] --END-- [ RunTime:0.001000s ]

[ 2014-09-01T15:40:27+08:00 ] 127.0.0.1 /NewFace/index.php/Home/Index/detail
INFO: [ app_begin ] --START--
INFO: Run Behavior\ReadHtmlCacheBehavior [ RunTime:0.000949s ]
INFO: [ app_begin ] --END-- [ RunTime:0.001468s ]
SQL: SHOW COLUMNS FROM `student` [ RunTime:0.003600s ]
SQL: SELECT `stu_id`,`img_name`,`stu_praise_count` FROM `student` JOIN image ON student.stu_id=image.img_uid  WHERE ( stu_id=1 ) LIMIT 1   [ RunTime:0.000802s ]
SQL: SHOW COLUMNS FROM `comment` [ RunTime:0.005577s ]
SQL: SELECT `stu_name`,`com_content` FROM `comment` INNER JOIN student ON comment.com_uid=student.stu_id  WHERE ( com_pid=1 )  [ RunTime:0.000383s ]
INFO: [ app_end ] --START--
INFO: Run Behavior\ShowPageTraceBehavior [ RunTime:0.000803s ]
INFO: [ app_end ] --END-- [ RunTime:0.000850s ]

[ 2014-09-01T15:40:40+08:00 ] 127.0.0.1 /NewFace/index.php/Home/Index/detail
INFO: [ app_begin ] --START--
INFO: Run Behavior\ReadHtmlCacheBehavior [ RunTime:0.000834s ]
INFO: [ app_begin ] --END-- [ RunTime:0.001311s ]
SQL: SHOW COLUMNS FROM `student` [ RunTime:0.005054s ]
SQL: SELECT `stu_id`,`img_name`,`stu_praise_count` FROM `student` JOIN image ON student.stu_id=image.img_uid  WHERE ( stu_id=2 ) LIMIT 1   [ RunTime:0.000755s ]
SQL: SHOW COLUMNS FROM `comment` [ RunTime:0.007046s ]
SQL: SELECT `stu_name`,`com_content` FROM `comment` INNER JOIN student ON comment.com_uid=student.stu_id  WHERE ( com_pid=2 )  [ RunTime:0.000284s ]
INFO: [ app_end ] --START--
INFO: Run Behavior\ShowPageTraceBehavior [ RunTime:0.001369s ]
INFO: [ app_end ] --END-- [ RunTime:0.001467s ]

[ 2014-09-01T15:40:43+08:00 ] 127.0.0.1 /NewFace/index.php/Home/Index/detail
INFO: [ app_begin ] --START--
INFO: Run Behavior\ReadHtmlCacheBehavior [ RunTime:0.000776s ]
INFO: [ app_begin ] --END-- [ RunTime:0.001236s ]
SQL: SHOW COLUMNS FROM `student` [ RunTime:0.004495s ]
SQL: SELECT `stu_id`,`img_name`,`stu_praise_count` FROM `student` JOIN image ON student.stu_id=image.img_uid  WHERE ( stu_id=4 ) LIMIT 1   [ RunTime:0.001028s ]
SQL: SHOW COLUMNS FROM `comment` [ RunTime:0.003841s ]
SQL: SELECT `stu_name`,`com_content` FROM `comment` INNER JOIN student ON comment.com_uid=student.stu_id  WHERE ( com_pid=4 )  [ RunTime:0.000296s ]
INFO: [ app_end ] --START--
INFO: Run Behavior\ShowPageTraceBehavior [ RunTime:0.000900s ]
INFO: [ app_end ] --END-- [ RunTime:0.000947s ]

[ 2014-09-01T15:40:45+08:00 ] 127.0.0.1 /NewFace/index.php/Home/Index/detail
INFO: [ app_begin ] --START--
INFO: Run Behavior\ReadHtmlCacheBehavior [ RunTime:0.000913s ]
INFO: [ app_begin ] --END-- [ RunTime:0.001432s ]
SQL: SHOW COLUMNS FROM `student` [ RunTime:0.005856s ]
SQL: SELECT `stu_id`,`img_name`,`stu_praise_count` FROM `student` JOIN image ON student.stu_id=image.img_uid  WHERE ( stu_id=7 ) LIMIT 1   [ RunTime:0.000550s ]
SQL: SHOW COLUMNS FROM `comment` [ RunTime:0.004620s ]
SQL: SELECT `stu_name`,`com_content` FROM `comment` INNER JOIN student ON comment.com_uid=student.stu_id  WHERE ( com_pid=7 )  [ RunTime:0.000402s ]
INFO: [ app_end ] --START--
INFO: Run Behavior\ShowPageTraceBehavior [ RunTime:0.001041s ]
INFO: [ app_end ] --END-- [ RunTime:0.001087s ]

[ 2014-09-01T15:43:16+08:00 ] 127.0.0.1 /NewFace/index.php/Home/Index/academy
INFO: [ app_begin ] --START--
INFO: Run Behavior\ReadHtmlCacheBehavior [ RunTime:0.000985s ]
INFO: [ app_begin ] --END-- [ RunTime:0.001537s ]
SQL: SHOW COLUMNS FROM `student` [ RunTime:0.002754s ]
NOTIC: [8] Undefined offset: 0 G:\wamp\www\NewFace\Application\Home\Controller\IndexController.class.php 第 45 行.
NOTIC: [8] Undefined variable: first G:\wamp\www\NewFace\Application\Home\Controller\IndexController.class.php 第 47 行.
SQL: SELECT `stu_id`,`stu_praise_count`,`stu_img` FROM `student` ORDER BY stu_praise_count desc LIMIT 0,11   [ RunTime:0.000232s ]
ERR: 1054:Unknown column 'stu_img' in 'field list'
 [ SQL语句 ] : SELECT `stu_id`,`stu_praise_count`,`stu_img` FROM `student` ORDER BY stu_praise_count desc LIMIT 0,11  
INFO: [ app_end ] --START--
INFO: Run Behavior\ShowPageTraceBehavior [ RunTime:0.000905s ]
INFO: [ app_end ] --END-- [ RunTime:0.000945s ]

[ 2014-09-01T15:43:18+08:00 ] 127.0.0.1 /NewFace/index.php/Home/Index/academy
INFO: [ app_begin ] --START--
INFO: Run Behavior\ReadHtmlCacheBehavior [ RunTime:0.000853s ]
INFO: [ app_begin ] --END-- [ RunTime:0.001327s ]
SQL: SHOW COLUMNS FROM `student` [ RunTime:0.002851s ]
NOTIC: [8] Undefined offset: 0 G:\wamp\www\NewFace\Application\Home\Controller\IndexController.class.php 第 45 行.
NOTIC: [8] Undefined variable: first G:\wamp\www\NewFace\Application\Home\Controller\IndexController.class.php 第 47 行.
SQL: SELECT `stu_id`,`stu_praise_count`,`stu_img` FROM `student` ORDER BY stu_praise_count desc LIMIT 0,11   [ RunTime:0.000234s ]
ERR: 1054:Unknown column 'stu_img' in 'field list'
 [ SQL语句 ] : SELECT `stu_id`,`stu_praise_count`,`stu_img` FROM `student` ORDER BY stu_praise_count desc LIMIT 0,11  
INFO: [ app_end ] --START--
INFO: Run Behavior\ShowPageTraceBehavior [ RunTime:0.000940s ]
INFO: [ app_end ] --END-- [ RunTime:0.000991s ]

[ 2014-09-01T15:43:19+08:00 ] 127.0.0.1 /NewFace/index.php/Home/Index/academy
INFO: [ app_begin ] --START--
INFO: Run Behavior\ReadHtmlCacheBehavior [ RunTime:0.000843s ]
INFO: [ app_begin ] --END-- [ RunTime:0.001308s ]
SQL: SHOW COLUMNS FROM `student` [ RunTime:0.003161s ]
NOTIC: [8] Undefined offset: 0 G:\wamp\www\NewFace\Application\Home\Controller\IndexController.class.php 第 45 行.
NOTIC: [8] Undefined variable: first G:\wamp\www\NewFace\Application\Home\Controller\IndexController.class.php 第 47 行.
SQL: SELECT `stu_id`,`stu_praise_count`,`stu_img` FROM `student` ORDER BY stu_praise_count desc LIMIT 0,11   [ RunTime:0.000228s ]
ERR: 1054:Unknown column 'stu_img' in 'field list'
 [ SQL语句 ] : SELECT `stu_id`,`stu_praise_count`,`stu_img` FROM `student` ORDER BY stu_praise_count desc LIMIT 0,11  
INFO: [ app_end ] --START--
INFO: Run Behavior\ShowPageTraceBehavior [ RunTime:0.000899s ]
INFO: [ app_end ] --END-- [ RunTime:0.000944s ]

[ 2014-09-01T17:48:58+08:00 ] 127.0.0.1 /NewFace/index.php/Home/Index/check_login
INFO: [ app_begin ] --START--
INFO: Run Behavior\ReadHtmlCacheBehavior [ RunTime:0.013161s ]
INFO: [ app_begin ] --END-- [ RunTime:0.031662s ]
SQL: SHOW COLUMNS FROM `student` [ RunTime:0.040841s ]
SQL: SELECT * FROM `student` WHERE `stu_xuehao` = 0 LIMIT 1   [ RunTime:0.037181s ]
INFO: [ app_end ] --START--
INFO: Run Behavior\ShowPageTraceBehavior [ RunTime:0.021927s ]
INFO: [ app_end ] --END-- [ RunTime:0.022145s ]

[ 2014-09-01T17:49:07+08:00 ] 127.0.0.1 /NewFace/index.php/Home/Index/check_login
INFO: [ app_begin ] --START--
INFO: Run Behavior\ReadHtmlCacheBehavior [ RunTime:0.000729s ]
INFO: [ app_begin ] --END-- [ RunTime:0.001128s ]
SQL: SHOW COLUMNS FROM `student` [ RunTime:0.002704s ]
SQL: SELECT * FROM `student` WHERE `stu_xuehao` = 2014214373 LIMIT 1   [ RunTime:0.001800s ]
SQL: SELECT * FROM `student` WHERE `stu_xuehao` = 2014214373 AND `stu_idcard` = '' LIMIT 1   [ RunTime:0.002679s ]
INFO: [ app_end ] --START--
INFO: Run Behavior\ShowPageTraceBehavior [ RunTime:0.000866s ]
INFO: [ app_end ] --END-- [ RunTime:0.000903s ]

[ 2014-09-01T17:49:27+08:00 ] 127.0.0.1 /NewFace/index.php/Home/Index/check_login
INFO: [ app_begin ] --START--
INFO: Run Behavior\ReadHtmlCacheBehavior [ RunTime:0.000943s ]
INFO: [ app_begin ] --END-- [ RunTime:0.001441s ]
SQL: SHOW COLUMNS FROM `student` [ RunTime:0.002694s ]
SQL: SELECT * FROM `student` WHERE `stu_xuehao` = 2014214373 LIMIT 1   [ RunTime:0.002055s ]
SQL: SELECT * FROM `student` WHERE `stu_xuehao` = 2014214373 AND `stu_idcard` = '183827' LIMIT 1   [ RunTime:0.003217s ]
SQL: SELECT * FROM `student` WHERE ( stu_xuehao=2014214373 ) LIMIT 1   [ RunTime:0.001633s ]
INFO: [ app_end ] --START--
INFO: Run Behavior\ShowPageTraceBehavior [ RunTime:0.000777s ]
INFO: [ app_end ] --END-- [ RunTime:0.000812s ]

[ 2014-09-01T17:49:28+08:00 ] 127.0.0.1 /NewFace/index.php/Home/Index/check_login
INFO: [ app_begin ] --START--
INFO: Run Behavior\ReadHtmlCacheBehavior [ RunTime:0.000755s ]
INFO: [ app_begin ] --END-- [ RunTime:0.001163s ]
SQL: SHOW COLUMNS FROM `student` [ RunTime:0.064337s ]
SQL: SELECT * FROM `student` WHERE `stu_xuehao` = 2014214373 LIMIT 1   [ RunTime:0.009385s ]
SQL: SELECT * FROM `student` WHERE `stu_xuehao` = 2014214373 AND `stu_idcard` = '183827' LIMIT 1   [ RunTime:0.006424s ]
SQL: SELECT * FROM `student` WHERE ( stu_xuehao=2014214373 ) LIMIT 1   [ RunTime:0.007156s ]
INFO: [ app_end ] --START--
INFO: Run Behavior\ShowPageTraceBehavior [ RunTime:0.002426s ]
INFO: [ app_end ] --END-- [ RunTime:0.002551s ]

[ 2014-09-01T17:49:44+08:00 ] 127.0.0.1 /NewFace/index.php/Home/Index/detail
INFO: [ app_begin ] --START--
INFO: Run Behavior\ReadHtmlCacheBehavior [ RunTime:0.000963s ]
INFO: [ app_begin ] --END-- [ RunTime:0.001561s ]
SQL: SHOW COLUMNS FROM `student` [ RunTime:0.054051s ]
SQL: SELECT `stu_id`,`img_name`,`stu_praise_count` FROM `student` JOIN image ON student.stu_id=image.img_uid  WHERE ( stu_id=1 ) LIMIT 1   [ RunTime:0.000814s ]
SQL: SHOW COLUMNS FROM `comment` [ RunTime:0.010703s ]
SQL: SELECT `stu_name`,`com_content` FROM `comment` INNER JOIN student ON comment.com_uid=student.stu_id  WHERE ( com_pid=1 )  [ RunTime:0.000451s ]
INFO: [ app_end ] --START--
INFO: Run Behavior\ShowPageTraceBehavior [ RunTime:0.001238s ]
INFO: [ app_end ] --END-- [ RunTime:0.001349s ]

[ 2014-09-01T18:15:24+08:00 ] 127.0.0.1 /NewFace/index.php/Home/Index/detail
INFO: [ app_begin ] --START--
INFO: Run Behavior\ReadHtmlCacheBehavior [ RunTime:0.001265s ]
INFO: [ app_begin ] --END-- [ RunTime:0.001755s ]
SQL: SHOW COLUMNS FROM `student` [ RunTime:0.024312s ]
SQL: SELECT `stu_id`,`img_name`,`stu_praise_count` FROM `student` JOIN image ON student.stu_id=image.img_uid  WHERE ( stu_id=1 ) LIMIT 1   [ RunTime:0.000552s ]
SQL: SHOW COLUMNS FROM `comment` [ RunTime:0.004190s ]
SQL: SELECT `stu_name`,`com_content` FROM `comment` INNER JOIN student ON comment.com_uid=student.stu_id  WHERE ( com_pid=1 )  [ RunTime:0.001213s ]
INFO: [ app_end ] --START--
INFO: Run Behavior\ShowPageTraceBehavior [ RunTime:0.001534s ]
INFO: [ app_end ] --END-- [ RunTime:0.001618s ]

[ 2014-09-01T18:15:32+08:00 ] 127.0.0.1 /NewFace/index.php/Home/Index/academy
INFO: [ app_begin ] --START--
INFO: Run Behavior\ReadHtmlCacheBehavior [ RunTime:0.000858s ]
INFO: [ app_begin ] --END-- [ RunTime:0.001371s ]
SQL: SHOW COLUMNS FROM `student` [ RunTime:0.002932s ]
SQL: SELECT `stu_id`,`stu_praise_count`,`stu_img` FROM `student` WHERE ( stu_academy='通信与信息工程学院' ) LIMIT 0,11   [ RunTime:0.013228s ]
ERR: 1054:Unknown column 'stu_img' in 'field list'
 [ SQL语句 ] : SELECT `stu_id`,`stu_praise_count`,`stu_img` FROM `student` WHERE ( stu_academy='通信与信息工程学院' ) LIMIT 0,11  
INFO: [ app_end ] --START--
INFO: Run Behavior\ShowPageTraceBehavior [ RunTime:0.000949s ]
INFO: [ app_end ] --END-- [ RunTime:0.000997s ]

[ 2014-09-01T18:15:36+08:00 ] 127.0.0.1 /NewFace/index.php/Home/Index/academy
INFO: [ app_begin ] --START--
INFO: Run Behavior\ReadHtmlCacheBehavior [ RunTime:0.000832s ]
INFO: [ app_begin ] --END-- [ RunTime:0.001262s ]
SQL: SHOW COLUMNS FROM `student` [ RunTime:0.003616s ]
SQL: SELECT `stu_id`,`stu_praise_count`,`stu_img` FROM `student` WHERE ( stu_academy='通信与信息工程学院' ) LIMIT 0,11   [ RunTime:0.000219s ]
ERR: 1054:Unknown column 'stu_img' in 'field list'
 [ SQL语句 ] : SELECT `stu_id`,`stu_praise_count`,`stu_img` FROM `student` WHERE ( stu_academy='通信与信息工程学院' ) LIMIT 0,11  
INFO: [ app_end ] --START--
INFO: Run Behavior\ShowPageTraceBehavior [ RunTime:0.000941s ]
INFO: [ app_end ] --END-- [ RunTime:0.000983s ]

[ 2014-09-01T18:15:40+08:00 ] 127.0.0.1 /NewFace/index.php/Home/Index/academy
INFO: [ app_begin ] --START--
INFO: Run Behavior\ReadHtmlCacheBehavior [ RunTime:0.000685s ]
INFO: [ app_begin ] --END-- [ RunTime:0.001103s ]
SQL: SHOW COLUMNS FROM `student` [ RunTime:0.002443s ]
SQL: SELECT `stu_id`,`stu_praise_count`,`stu_img` FROM `student` WHERE ( stu_academy='通信与信息工程学院' ) LIMIT 0,11   [ RunTime:0.000193s ]
ERR: 1054:Unknown column 'stu_img' in 'field list'
 [ SQL语句 ] : SELECT `stu_id`,`stu_praise_count`,`stu_img` FROM `student` WHERE ( stu_academy='通信与信息工程学院' ) LIMIT 0,11  
INFO: [ app_end ] --START--
INFO: Run Behavior\ShowPageTraceBehavior [ RunTime:0.001002s ]
INFO: [ app_end ] --END-- [ RunTime:0.001047s ]

[ 2014-09-01T18:15:41+08:00 ] 127.0.0.1 /NewFace/index.php/Home/Index/academy
INFO: [ app_begin ] --START--
INFO: Run Behavior\ReadHtmlCacheBehavior [ RunTime:0.000858s ]
INFO: [ app_begin ] --END-- [ RunTime:0.001335s ]
SQL: SHOW COLUMNS FROM `student` [ RunTime:0.003355s ]
SQL: SELECT `stu_id`,`stu_praise_count`,`stu_img` FROM `student` WHERE ( stu_academy='通信与信息工程学院' ) LIMIT 0,11   [ RunTime:0.000217s ]
ERR: 1054:Unknown column 'stu_img' in 'field list'
 [ SQL语句 ] : SELECT `stu_id`,`stu_praise_count`,`stu_img` FROM `student` WHERE ( stu_academy='通信与信息工程学院' ) LIMIT 0,11  
INFO: [ app_end ] --START--
INFO: Run Behavior\ShowPageTraceBehavior [ RunTime:0.000938s ]
INFO: [ app_end ] --END-- [ RunTime:0.000978s ]

[ 2014-09-01T18:15:43+08:00 ] 127.0.0.1 /NewFace/index.php/Home/Index/academy
INFO: [ app_begin ] --START--
INFO: Run Behavior\ReadHtmlCacheBehavior [ RunTime:0.000742s ]
INFO: [ app_begin ] --END-- [ RunTime:0.001149s ]
SQL: SHOW COLUMNS FROM `student` [ RunTime:0.002892s ]
SQL: SELECT `stu_id`,`stu_praise_count`,`stu_img` FROM `student` WHERE ( stu_academy='通信与信息工程学院' ) LIMIT 0,11   [ RunTime:0.000224s ]
ERR: 1054:Unknown column 'stu_img' in 'field list'
 [ SQL语句 ] : SELECT `stu_id`,`stu_praise_count`,`stu_img` FROM `student` WHERE ( stu_academy='通信与信息工程学院' ) LIMIT 0,11  
INFO: [ app_end ] --START--
INFO: Run Behavior\ShowPageTraceBehavior [ RunTime:0.000833s ]
INFO: [ app_end ] --END-- [ RunTime:0.000867s ]

[ 2014-09-01T18:15:46+08:00 ] 127.0.0.1 /NewFace/index.php/Home/Index/academy
INFO: [ app_begin ] --START--
INFO: Run Behavior\ReadHtmlCacheBehavior [ RunTime:0.000649s ]
INFO: [ app_begin ] --END-- [ RunTime:0.000995s ]
SQL: SHOW COLUMNS FROM `student` [ RunTime:0.002448s ]
SQL: SELECT `stu_id`,`stu_praise_count`,`stu_img` FROM `student` WHERE ( stu_academy='通信与信息工程学院' ) LIMIT 0,11   [ RunTime:0.000171s ]
ERR: 1054:Unknown column 'stu_img' in 'field list'
 [ SQL语句 ] : SELECT `stu_id`,`stu_praise_count`,`stu_img` FROM `student` WHERE ( stu_academy='通信与信息工程学院' ) LIMIT 0,11  
INFO: [ app_end ] --START--
INFO: Run Behavior\ShowPageTraceBehavior [ RunTime:0.000842s ]
INFO: [ app_end ] --END-- [ RunTime:0.000878s ]

[ 2014-09-01T18:16:05+08:00 ] 127.0.0.1 /NewFace/index.php/Home/Index/academy
INFO: [ app_begin ] --START--
INFO: Run Behavior\ReadHtmlCacheBehavior [ RunTime:0.001019s ]
INFO: [ app_begin ] --END-- [ RunTime:0.001645s ]
SQL: SHOW COLUMNS FROM `student` [ RunTime:0.002387s ]
SQL: SELECT `stu_id`,`stu_praise_count`,`stu_img` FROM `student` WHERE ( stu_academy='通信与信息工程学院' ) LIMIT 0,11   [ RunTime:0.000160s ]
ERR: 1054:Unknown column 'stu_img' in 'field list'
 [ SQL语句 ] : SELECT `stu_id`,`stu_praise_count`,`stu_img` FROM `student` WHERE ( stu_academy='通信与信息工程学院' ) LIMIT 0,11  
INFO: [ app_end ] --START--
INFO: Run Behavior\ShowPageTraceBehavior [ RunTime:0.000740s ]
INFO: [ app_end ] --END-- [ RunTime:0.000774s ]

[ 2014-09-01T18:16:06+08:00 ] 127.0.0.1 /NewFace/index.php/Home/Index/academy
INFO: [ app_begin ] --START--
INFO: Run Behavior\ReadHtmlCacheBehavior [ RunTime:0.000772s ]
INFO: [ app_begin ] --END-- [ RunTime:0.001238s ]
SQL: SHOW COLUMNS FROM `student` [ RunTime:0.003249s ]
SQL: SELECT `stu_id`,`stu_praise_count`,`stu_img` FROM `student` WHERE ( stu_academy='通信与信息工程学院' ) LIMIT 0,11   [ RunTime:0.000219s ]
ERR: 1054:Unknown column 'stu_img' in 'field list'
 [ SQL语句 ] : SELECT `stu_id`,`stu_praise_count`,`stu_img` FROM `student` WHERE ( stu_academy='通信与信息工程学院' ) LIMIT 0,11  
INFO: [ app_end ] --START--
INFO: Run Behavior\ShowPageTraceBehavior [ RunTime:0.000968s ]
INFO: [ app_end ] --END-- [ RunTime:0.001011s ]

[ 2014-09-01T18:16:08+08:00 ] 127.0.0.1 /NewFace/index.php/Home/Index/academy
INFO: [ app_begin ] --START--
INFO: Run Behavior\ReadHtmlCacheBehavior [ RunTime:0.000817s ]
INFO: [ app_begin ] --END-- [ RunTime:0.001288s ]
SQL: SHOW COLUMNS FROM `student` [ RunTime:0.002832s ]
SQL: SELECT `stu_id`,`stu_praise_count`,`stu_img` FROM `student` WHERE ( stu_academy='通信与信息工程学院' ) LIMIT 0,11   [ RunTime:0.000254s ]
ERR: 1054:Unknown column 'stu_img' in 'field list'
 [ SQL语句 ] : SELECT `stu_id`,`stu_praise_count`,`stu_img` FROM `student` WHERE ( stu_academy='通信与信息工程学院' ) LIMIT 0,11  
INFO: [ app_end ] --START--
INFO: Run Behavior\ShowPageTraceBehavior [ RunTime:0.000820s ]
INFO: [ app_end ] --END-- [ RunTime:0.000860s ]

[ 2014-09-01T18:16:21+08:00 ] 127.0.0.1 /NewFace/index.php/Home/Index/academy
INFO: [ app_begin ] --START--
INFO: Run Behavior\ReadHtmlCacheBehavior [ RunTime:0.000753s ]
INFO: [ app_begin ] --END-- [ RunTime:0.001154s ]
SQL: SHOW COLUMNS FROM `student` [ RunTime:0.002495s ]
SQL: SELECT `stu_id`,`stu_praise_count`,`stu_img` FROM `student` WHERE ( stu_academy='通信与信息工程学院' ) LIMIT 0,11   [ RunTime:0.000177s ]
ERR: 1054:Unknown column 'stu_img' in 'field list'
 [ SQL语句 ] : SELECT `stu_id`,`stu_praise_count`,`stu_img` FROM `student` WHERE ( stu_academy='通信与信息工程学院' ) LIMIT 0,11  
INFO: [ app_end ] --START--
INFO: Run Behavior\ShowPageTraceBehavior [ RunTime:0.000770s ]
INFO: [ app_end ] --END-- [ RunTime:0.000805s ]

[ 2014-09-01T18:16:35+08:00 ] 127.0.0.1 /NewFace/index.php/Home/Index/academy
INFO: [ app_begin ] --START--
INFO: Run Behavior\ReadHtmlCacheBehavior [ RunTime:0.000851s ]
INFO: [ app_begin ] --END-- [ RunTime:0.001213s ]
SQL: SHOW COLUMNS FROM `student` [ RunTime:0.003525s ]
SQL: SELECT `stu_id`,`stu_praise_count`,`stu_img` FROM `student` WHERE ( stu_academy='通信与信息工程学院' ) LIMIT 0,11   [ RunTime:0.000211s ]
ERR: 1054:Unknown column 'stu_img' in 'field list'
 [ SQL语句 ] : SELECT `stu_id`,`stu_praise_count`,`stu_img` FROM `student` WHERE ( stu_academy='通信与信息工程学院' ) LIMIT 0,11  
INFO: [ app_end ] --START--
INFO: Run Behavior\ShowPageTraceBehavior [ RunTime:0.001104s ]
INFO: [ app_end ] --END-- [ RunTime:0.001146s ]

[ 2014-09-01T18:16:46+08:00 ] 127.0.0.1 /NewFace/index.php/Home/Index/academy
INFO: [ app_begin ] --START--
INFO: Run Behavior\ReadHtmlCacheBehavior [ RunTime:0.000964s ]
INFO: [ app_begin ] --END-- [ RunTime:0.001502s ]
SQL: SHOW COLUMNS FROM `student` [ RunTime:0.003093s ]
SQL: SELECT `stu_id`,`stu_praise_count`,`stu_img` FROM `student` WHERE ( stu_academy='通信与信息工程学院' ) LIMIT 0,11   [ RunTime:0.000219s ]
ERR: 1054:Unknown column 'stu_img' in 'field list'
 [ SQL语句 ] : SELECT `stu_id`,`stu_praise_count`,`stu_img` FROM `student` WHERE ( stu_academy='通信与信息工程学院' ) LIMIT 0,11  
INFO: [ app_end ] --START--
INFO: Run Behavior\ShowPageTraceBehavior [ RunTime:0.000885s ]
INFO: [ app_end ] --END-- [ RunTime:0.000928s ]

[ 2014-09-01T18:18:26+08:00 ] 127.0.0.1 /NewFace/index.php/Home/Index/academy
INFO: [ app_begin ] --START--
INFO: Run Behavior\ReadHtmlCacheBehavior [ RunTime:0.000749s ]
INFO: [ app_begin ] --END-- [ RunTime:0.001173s ]
SQL: SHOW COLUMNS FROM `student` [ RunTime:0.002759s ]
SQL: SELECT `stu_id`,`stu_praise_count`,`stu_img` FROM `student` WHERE ( stu_academy='通信与信息工程学院' ) LIMIT 0,11   [ RunTime:0.000185s ]
ERR: 1054:Unknown column 'stu_img' in 'field list'
 [ SQL语句 ] : SELECT `stu_id`,`stu_praise_count`,`stu_img` FROM `student` WHERE ( stu_academy='通信与信息工程学院' ) LIMIT 0,11  
INFO: [ app_end ] --START--
INFO: Run Behavior\ShowPageTraceBehavior [ RunTime:0.000745s ]
INFO: [ app_end ] --END-- [ RunTime:0.000789s ]

[ 2014-09-01T18:18:36+08:00 ] 127.0.0.1 /NewFace/index.php/Home/Index/academy
INFO: [ app_begin ] --START--
INFO: Run Behavior\ReadHtmlCacheBehavior [ RunTime:0.000588s ]
INFO: [ app_begin ] --END-- [ RunTime:0.000923s ]
SQL: SHOW COLUMNS FROM `student` [ RunTime:0.002668s ]
SQL: SELECT `stu_id`,`stu_praise_count`,`stu_img` FROM `student` WHERE ( stu_academy='通信与信息工程学院' ) LIMIT 0,11   [ RunTime:0.000199s ]
ERR: 1054:Unknown column 'stu_img' in 'field list'
 [ SQL语句 ] : SELECT `stu_id`,`stu_praise_count`,`stu_img` FROM `student` WHERE ( stu_academy='通信与信息工程学院' ) LIMIT 0,11  
INFO: [ app_end ] --START--
INFO: Run Behavior\ShowPageTraceBehavior [ RunTime:0.000873s ]
INFO: [ app_end ] --END-- [ RunTime:0.000915s ]

[ 2014-09-01T18:18:37+08:00 ] 127.0.0.1 /NewFace/index.php/Home/Index/academy
INFO: [ app_begin ] --START--
INFO: Run Behavior\ReadHtmlCacheBehavior [ RunTime:0.000791s ]
INFO: [ app_begin ] --END-- [ RunTime:0.001274s ]
SQL: SHOW COLUMNS FROM `student` [ RunTime:0.002844s ]
SQL: SELECT `stu_id`,`stu_praise_count`,`stu_img` FROM `student` WHERE ( stu_academy='通信与信息工程学院' ) LIMIT 0,11   [ RunTime:0.000188s ]
ERR: 1054:Unknown column 'stu_img' in 'field list'
 [ SQL语句 ] : SELECT `stu_id`,`stu_praise_count`,`stu_img` FROM `student` WHERE ( stu_academy='通信与信息工程学院' ) LIMIT 0,11  
INFO: [ app_end ] --START--
INFO: Run Behavior\ShowPageTraceBehavior [ RunTime:0.000782s ]
INFO: [ app_end ] --END-- [ RunTime:0.000816s ]

[ 2014-09-01T18:18:39+08:00 ] 127.0.0.1 /NewFace/index.php/Home/Index/academy
INFO: [ app_begin ] --START--
INFO: Run Behavior\ReadHtmlCacheBehavior [ RunTime:0.000898s ]
INFO: [ app_begin ] --END-- [ RunTime:0.001527s ]
SQL: SHOW COLUMNS FROM `student` [ RunTime:0.002826s ]
SQL: SELECT `stu_id`,`stu_praise_count`,`stu_img` FROM `student` WHERE ( stu_academy='通信与信息工程学院' ) LIMIT 0,11   [ RunTime:0.000200s ]
ERR: 1054:Unknown column 'stu_img' in 'field list'
 [ SQL语句 ] : SELECT `stu_id`,`stu_praise_count`,`stu_img` FROM `student` WHERE ( stu_academy='通信与信息工程学院' ) LIMIT 0,11  
INFO: [ app_end ] --START--
INFO: Run Behavior\ShowPageTraceBehavior [ RunTime:0.000876s ]
INFO: [ app_end ] --END-- [ RunTime:0.000914s ]

[ 2014-09-01T18:18:41+08:00 ] 127.0.0.1 /NewFace/index.php/Home/Index/academy
INFO: [ app_begin ] --START--
INFO: Run Behavior\ReadHtmlCacheBehavior [ RunTime:0.000794s ]
INFO: [ app_begin ] --END-- [ RunTime:0.001254s ]
SQL: SHOW COLUMNS FROM `student` [ RunTime:0.003055s ]
SQL: SELECT `stu_id`,`stu_praise_count`,`stu_img` FROM `student` WHERE ( stu_academy='通信与信息工程学院' ) LIMIT 0,11   [ RunTime:0.000222s ]
ERR: 1054:Unknown column 'stu_img' in 'field list'
 [ SQL语句 ] : SELECT `stu_id`,`stu_praise_count`,`stu_img` FROM `student` WHERE ( stu_academy='通信与信息工程学院' ) LIMIT 0,11  
INFO: [ app_end ] --START--
INFO: Run Behavior\ShowPageTraceBehavior [ RunTime:0.000781s ]
INFO: [ app_end ] --END-- [ RunTime:0.000817s ]

[ 2014-09-01T18:18:42+08:00 ] 127.0.0.1 /NewFace/index.php/Home/Index/academy
INFO: [ app_begin ] --START--
INFO: Run Behavior\ReadHtmlCacheBehavior [ RunTime:0.000773s ]
INFO: [ app_begin ] --END-- [ RunTime:0.001210s ]
SQL: SHOW COLUMNS FROM `student` [ RunTime:0.002902s ]
SQL: SELECT `stu_id`,`stu_praise_count`,`stu_img` FROM `student` WHERE ( stu_academy='通信与信息工程学院' ) LIMIT 0,11   [ RunTime:0.000241s ]
ERR: 1054:Unknown column 'stu_img' in 'field list'
 [ SQL语句 ] : SELECT `stu_id`,`stu_praise_count`,`stu_img` FROM `student` WHERE ( stu_academy='通信与信息工程学院' ) LIMIT 0,11  
INFO: [ app_end ] --START--
INFO: Run Behavior\ShowPageTraceBehavior [ RunTime:0.000900s ]
INFO: [ app_end ] --END-- [ RunTime:0.000949s ]

[ 2014-09-01T18:18:45+08:00 ] 127.0.0.1 /NewFace/index.php/Home/Index/academy
INFO: [ app_begin ] --START--
INFO: Run Behavior\ReadHtmlCacheBehavior [ RunTime:0.000780s ]
INFO: [ app_begin ] --END-- [ RunTime:0.001295s ]
SQL: SHOW COLUMNS FROM `student` [ RunTime:0.002883s ]
SQL: SELECT `stu_id`,`stu_praise_count`,`stu_img` FROM `student` WHERE ( stu_academy='通信与信息工程学院' ) LIMIT 0,11   [ RunTime:0.000227s ]
ERR: 1054:Unknown column 'stu_img' in 'field list'
 [ SQL语句 ] : SELECT `stu_id`,`stu_praise_count`,`stu_img` FROM `student` WHERE ( stu_academy='通信与信息工程学院' ) LIMIT 0,11  
INFO: [ app_end ] --START--
INFO: Run Behavior\ShowPageTraceBehavior [ RunTime:0.000864s ]
INFO: [ app_end ] --END-- [ RunTime:0.000906s ]

[ 2014-09-01T18:18:48+08:00 ] 127.0.0.1 /NewFace/index.php/Home/Index/academy
INFO: [ app_begin ] --START--
INFO: Run Behavior\ReadHtmlCacheBehavior [ RunTime:0.000580s ]
INFO: [ app_begin ] --END-- [ RunTime:0.000915s ]
SQL: SHOW COLUMNS FROM `student` [ RunTime:0.002618s ]
SQL: SELECT `stu_id`,`stu_praise_count`,`stu_img` FROM `student` WHERE ( stu_academy='通信与信息工程学院' ) LIMIT 0,11   [ RunTime:0.000183s ]
ERR: 1054:Unknown column 'stu_img' in 'field list'
 [ SQL语句 ] : SELECT `stu_id`,`stu_praise_count`,`stu_img` FROM `student` WHERE ( stu_academy='通信与信息工程学院' ) LIMIT 0,11  
INFO: [ app_end ] --START--
INFO: Run Behavior\ShowPageTraceBehavior [ RunTime:0.000832s ]
INFO: [ app_end ] --END-- [ RunTime:0.000869s ]

[ 2014-09-01T18:18:50+08:00 ] 127.0.0.1 /NewFace/index.php/Home/Index/academy
INFO: [ app_begin ] --START--
INFO: Run Behavior\ReadHtmlCacheBehavior [ RunTime:0.000734s ]
INFO: [ app_begin ] --END-- [ RunTime:0.001211s ]
SQL: SHOW COLUMNS FROM `student` [ RunTime:0.002801s ]
SQL: SELECT `stu_id`,`stu_praise_count`,`stu_img` FROM `student` WHERE ( stu_academy='通信与信息工程学院' ) LIMIT 0,11   [ RunTime:0.000216s ]
ERR: 1054:Unknown column 'stu_img' in 'field list'
 [ SQL语句 ] : SELECT `stu_id`,`stu_praise_count`,`stu_img` FROM `student` WHERE ( stu_academy='通信与信息工程学院' ) LIMIT 0,11  
INFO: [ app_end ] --START--
INFO: Run Behavior\ShowPageTraceBehavior [ RunTime:0.000911s ]
INFO: [ app_end ] --END-- [ RunTime:0.000963s ]

[ 2014-09-01T18:18:52+08:00 ] 127.0.0.1 /NewFace/index.php/Home/Index/academy
INFO: [ app_begin ] --START--
INFO: Run Behavior\ReadHtmlCacheBehavior [ RunTime:0.000748s ]
INFO: [ app_begin ] --END-- [ RunTime:0.001172s ]
SQL: SHOW COLUMNS FROM `student` [ RunTime:0.002811s ]
SQL: SELECT `stu_id`,`stu_praise_count`,`stu_img` FROM `student` WHERE ( stu_academy='通信与信息工程学院' ) LIMIT 0,11   [ RunTime:0.000229s ]
ERR: 1054:Unknown column 'stu_img' in 'field list'
 [ SQL语句 ] : SELECT `stu_id`,`stu_praise_count`,`stu_img` FROM `student` WHERE ( stu_academy='通信与信息工程学院' ) LIMIT 0,11  
INFO: [ app_end ] --START--
INFO: Run Behavior\ShowPageTraceBehavior [ RunTime:0.000848s ]
INFO: [ app_end ] --END-- [ RunTime:0.000890s ]

[ 2014-09-01T18:18:53+08:00 ] 127.0.0.1 /NewFace/index.php/Home/Index/academy
INFO: [ app_begin ] --START--
INFO: Run Behavior\ReadHtmlCacheBehavior [ RunTime:0.000791s ]
INFO: [ app_begin ] --END-- [ RunTime:0.001341s ]
SQL: SHOW COLUMNS FROM `student` [ RunTime:0.003317s ]
SQL: SELECT `stu_id`,`stu_praise_count`,`stu_img` FROM `student` WHERE ( stu_academy='通信与信息工程学院' ) LIMIT 0,11   [ RunTime:0.000252s ]
ERR: 1054:Unknown column 'stu_img' in 'field list'
 [ SQL语句 ] : SELECT `stu_id`,`stu_praise_count`,`stu_img` FROM `student` WHERE ( stu_academy='通信与信息工程学院' ) LIMIT 0,11  
INFO: [ app_end ] --START--
INFO: Run Behavior\ShowPageTraceBehavior [ RunTime:0.000927s ]
INFO: [ app_end ] --END-- [ RunTime:0.000969s ]

[ 2014-09-01T18:18:55+08:00 ] 127.0.0.1 /NewFace/index.php/Home/Index/academy
INFO: [ app_begin ] --START--
INFO: Run Behavior\ReadHtmlCacheBehavior [ RunTime:0.000782s ]
INFO: [ app_begin ] --END-- [ RunTime:0.001324s ]
SQL: SHOW COLUMNS FROM `student` [ RunTime:0.002791s ]
SQL: SELECT `stu_id`,`stu_praise_count`,`stu_img` FROM `student` WHERE ( stu_academy='通信与信息工程学院' ) LIMIT 0,11   [ RunTime:0.000206s ]
ERR: 1054:Unknown column 'stu_img' in 'field list'
 [ SQL语句 ] : SELECT `stu_id`,`stu_praise_count`,`stu_img` FROM `student` WHERE ( stu_academy='通信与信息工程学院' ) LIMIT 0,11  
INFO: [ app_end ] --START--
INFO: Run Behavior\ShowPageTraceBehavior [ RunTime:0.000827s ]
INFO: [ app_end ] --END-- [ RunTime:0.000873s ]

[ 2014-09-01T20:38:39+08:00 ] 127.0.0.1 /NewFace/index.php/Home/Index/academy
INFO: [ app_begin ] --START--
INFO: Run Behavior\ReadHtmlCacheBehavior [ RunTime:0.004429s ]
INFO: [ app_begin ] --END-- [ RunTime:0.005846s ]
SQL: SHOW COLUMNS FROM `student` [ RunTime:0.019655s ]
NOTIC: [8] Undefined offset: 0 G:\wamp\www\NewFace\Application\Home\Controller\IndexController.class.php 第 45 行.
NOTIC: [8] Undefined variable: first G:\wamp\www\NewFace\Application\Home\Controller\IndexController.class.php 第 49 行.
SQL: SELECT `stu_id`,`stu_praise_count`,`stu_img` FROM `student` JOIN images ON student.stu_id=images.img_uid  ORDER BY stu_praise_count desc LIMIT 0,11   [ RunTime:0.070229s ]
ERR: 1146:Table 'newface.images' doesn't exist
 [ SQL语句 ] : SELECT `stu_id`,`stu_praise_count`,`stu_img` FROM `student` JOIN images ON student.stu_id=images.img_uid  ORDER BY stu_praise_count desc LIMIT 0,11  
INFO: [ app_end ] --START--
INFO: Run Behavior\ShowPageTraceBehavior [ RunTime:0.001614s ]
INFO: [ app_end ] --END-- [ RunTime:0.001699s ]

[ 2014-09-01T20:43:04+08:00 ] 127.0.0.1 /NewFace/index.php/Home/Index/detail
INFO: [ app_begin ] --START--
INFO: Run Behavior\ReadHtmlCacheBehavior [ RunTime:0.000725s ]
INFO: [ app_begin ] --END-- [ RunTime:0.001158s ]
NOTIC: [8] Undefined index: login G:\wamp\www\NewFace\Application\Home\Controller\IndexController.class.php 第 93 行.

[ 2014-09-01T20:43:12+08:00 ] 127.0.0.1 /NewFace/index.php/Home/Index/detail
INFO: [ app_begin ] --START--
INFO: Run Behavior\ReadHtmlCacheBehavior [ RunTime:0.000772s ]
INFO: [ app_begin ] --END-- [ RunTime:0.001227s ]
NOTIC: [8] Undefined index: login G:\wamp\www\NewFace\Application\Home\Controller\IndexController.class.php 第 93 行.

[ 2014-09-01T20:43:31+08:00 ] 127.0.0.1 /NewFace/index.php/Home/Index/detail
INFO: [ app_begin ] --START--
INFO: Run Behavior\ReadHtmlCacheBehavior [ RunTime:0.000662s ]
INFO: [ app_begin ] --END-- [ RunTime:0.001002s ]
NOTIC: [8] Undefined index: login G:\wamp\www\NewFace\Application\Home\Controller\IndexController.class.php 第 93 行.

[ 2014-09-01T20:44:15+08:00 ] 127.0.0.1 /NewFace/index.php/Home/Index/detail
INFO: [ app_begin ] --START--
INFO: Run Behavior\ReadHtmlCacheBehavior [ RunTime:0.001380s ]
INFO: [ app_begin ] --END-- [ RunTime:0.001891s ]
NOTIC: [8] Undefined index: login G:\wamp\www\NewFace\Application\Home\Controller\IndexController.class.php 第 93 行.

[ 2014-09-01T20:47:02+08:00 ] 127.0.0.1 /NewFace/index.php/Home/Index/detail
INFO: [ app_begin ] --START--
INFO: Run Behavior\ReadHtmlCacheBehavior [ RunTime:0.001115s ]
INFO: [ app_begin ] --END-- [ RunTime:0.001631s ]
NOTIC: [8] Undefined index: login G:\wamp\www\NewFace\Application\Home\Controller\IndexController.class.php 第 93 行.

[ 2014-09-01T20:47:16+08:00 ] 127.0.0.1 /NewFace/index.php/Home/Index/detail
INFO: [ app_begin ] --START--
INFO: Run Behavior\ReadHtmlCacheBehavior [ RunTime:0.000773s ]
INFO: [ app_begin ] --END-- [ RunTime:0.001377s ]
NOTIC: [8] Undefined index: login G:\wamp\www\NewFace\Application\Home\Controller\IndexController.class.php 第 93 行.

[ 2014-09-01T20:47:30+08:00 ] 127.0.0.1 /NewFace/index.php/Home/Index/detail
INFO: [ app_begin ] --START--
INFO: Run Behavior\ReadHtmlCacheBehavior [ RunTime:0.001005s ]
INFO: [ app_begin ] --END-- [ RunTime:0.001822s ]
NOTIC: [8] Undefined index: login G:\wamp\www\NewFace\Application\Home\Controller\IndexController.class.php 第 93 行.

[ 2014-09-01T20:49:05+08:00 ] 127.0.0.1 /NewFace/index.php/Home/Index/detail
INFO: [ app_begin ] --START--
INFO: Run Behavior\ReadHtmlCacheBehavior [ RunTime:0.001086s ]
INFO: [ app_begin ] --END-- [ RunTime:0.001696s ]
NOTIC: [8] Undefined index: login G:\wamp\www\NewFace\Application\Home\Controller\IndexController.class.php 第 93 行.

[ 2014-09-01T20:49:20+08:00 ] 127.0.0.1 /NewFace/index.php/Home/Index/detail
INFO: [ app_begin ] --START--
INFO: Run Behavior\ReadHtmlCacheBehavior [ RunTime:0.000760s ]
INFO: [ app_begin ] --END-- [ RunTime:0.001246s ]
NOTIC: [8] Undefined index: login G:\wamp\www\NewFace\Application\Home\Controller\IndexController.class.php 第 93 行.

[ 2014-09-01T20:49:34+08:00 ] 127.0.0.1 /NewFace/index.php/Home/Index/check_login
INFO: [ app_begin ] --START--
INFO: Run Behavior\ReadHtmlCacheBehavior [ RunTime:0.000698s ]
INFO: [ app_begin ] --END-- [ RunTime:0.001069s ]
SQL: SHOW COLUMNS FROM `student` [ RunTime:0.002496s ]
SQL: SELECT * FROM `student` WHERE `stu_xuehao` = 2014214373 LIMIT 1   [ RunTime:0.001879s ]
SQL: SELECT * FROM `student` WHERE `stu_xuehao` = 2014214373 AND `stu_idcard` = '183827' LIMIT 1   [ RunTime:0.001627s ]
SQL: SELECT * FROM `student` WHERE ( stu_xuehao=2014214373 ) LIMIT 1   [ RunTime:0.001612s ]
INFO: [ app_end ] --START--
INFO: Run Behavior\ShowPageTraceBehavior [ RunTime:0.000880s ]
INFO: [ app_end ] --END-- [ RunTime:0.000920s ]

[ 2014-09-01T20:49:37+08:00 ] 127.0.0.1 /NewFace/index.php/Home/Index/detail
INFO: [ app_begin ] --START--
INFO: Run Behavior\ReadHtmlCacheBehavior [ RunTime:0.000833s ]
INFO: [ app_begin ] --END-- [ RunTime:0.001363s ]
SQL: SHOW COLUMNS FROM `student` [ RunTime:0.002704s ]
SQL: SELECT `stu_id`,`img_name`,`stu_praise_count` FROM `student` JOIN image ON student.stu_id=image.img_uid  WHERE ( stu_id=1 ) LIMIT 1   [ RunTime:0.000321s ]
SQL: SHOW COLUMNS FROM `comment` [ RunTime:0.002650s ]
SQL: SELECT `stu_name`,`com_content` FROM `comment` INNER JOIN student ON comment.com_uid=student.stu_id  WHERE ( com_pid=1 )  [ RunTime:0.000284s ]
INFO: [ app_end ] --START--
INFO: Run Behavior\ShowPageTraceBehavior [ RunTime:0.000848s ]
INFO: [ app_end ] --END-- [ RunTime:0.000893s ]

[ 2014-09-01T20:49:38+08:00 ] 127.0.0.1 /NewFace/index.php/Home/Index/detail
INFO: [ app_begin ] --START--
INFO: Run Behavior\ReadHtmlCacheBehavior [ RunTime:0.000736s ]
INFO: [ app_begin ] --END-- [ RunTime:0.001160s ]
SQL: SHOW COLUMNS FROM `student` [ RunTime:0.004235s ]
SQL: SELECT `stu_id`,`img_name`,`stu_praise_count` FROM `student` JOIN image ON student.stu_id=image.img_uid  WHERE ( stu_id=1 ) LIMIT 1   [ RunTime:0.000349s ]
SQL: SHOW COLUMNS FROM `comment` [ RunTime:0.006051s ]
SQL: SELECT `stu_name`,`com_content` FROM `comment` INNER JOIN student ON comment.com_uid=student.stu_id  WHERE ( com_pid=1 )  [ RunTime:0.000400s ]
INFO: [ app_end ] --START--
INFO: Run Behavior\ShowPageTraceBehavior [ RunTime:0.001105s ]
INFO: [ app_end ] --END-- [ RunTime:0.001170s ]

[ 2014-09-01T20:49:40+08:00 ] 127.0.0.1 /NewFace/index.php/Home/Index/detail
INFO: [ app_begin ] --START--
INFO: Run Behavior\ReadHtmlCacheBehavior [ RunTime:0.000690s ]
INFO: [ app_begin ] --END-- [ RunTime:0.001138s ]
SQL: SHOW COLUMNS FROM `student` [ RunTime:0.003277s ]
SQL: SELECT `stu_id`,`img_name`,`stu_praise_count` FROM `student` JOIN image ON student.stu_id=image.img_uid  WHERE ( stu_id=1 ) LIMIT 1   [ RunTime:0.000454s ]
SQL: SHOW COLUMNS FROM `comment` [ RunTime:0.004727s ]
SQL: SELECT `stu_name`,`com_content` FROM `comment` INNER JOIN student ON comment.com_uid=student.stu_id  WHERE ( com_pid=1 )  [ RunTime:0.000323s ]
INFO: [ app_end ] --START--
INFO: Run Behavior\ShowPageTraceBehavior [ RunTime:0.000726s ]
INFO: [ app_end ] --END-- [ RunTime:0.000765s ]

[ 2014-09-01T20:49:47+08:00 ] 127.0.0.1 /NewFace/index.php/Home/Index/detail
INFO: [ app_begin ] --START--
INFO: Run Behavior\ReadHtmlCacheBehavior [ RunTime:0.000773s ]
INFO: [ app_begin ] --END-- [ RunTime:0.001242s ]
SQL: SHOW COLUMNS FROM `student` [ RunTime:0.009735s ]
SQL: SELECT `stu_id`,`img_name`,`stu_praise_count` FROM `student` JOIN image ON student.stu_id=image.img_uid  WHERE ( stu_id=1 ) LIMIT 1   [ RunTime:0.000463s ]
SQL: SHOW COLUMNS FROM `comment` [ RunTime:0.003748s ]
SQL: SELECT `stu_name`,`com_content` FROM `comment` INNER JOIN student ON comment.com_uid=student.stu_id  WHERE ( com_pid=1 )  [ RunTime:0.000374s ]
INFO: [ app_end ] --START--
INFO: Run Behavior\ShowPageTraceBehavior [ RunTime:0.000768s ]
INFO: [ app_end ] --END-- [ RunTime:0.000815s ]

[ 2014-09-01T20:50:09+08:00 ] 127.0.0.1 /NewFace/index.php/Home/Index/sendCom
INFO: [ app_begin ] --START--
INFO: Run Behavior\ReadHtmlCacheBehavior [ RunTime:0.001230s ]
INFO: [ app_begin ] --END-- [ RunTime:0.001983s ]
SQL: SHOW COLUMNS FROM `comment` [ RunTime:0.002702s ]
SQL: INSERT INTO `comment` (`com_pid`,`com_content`,`com_uid`,`com_addtime`) VALUES (1,'会发生的浪费',2721,'2014-09-01 20:50:09 ') [ RunTime:0.127746s ]
INFO: [ app_end ] --START--
INFO: Run Behavior\ShowPageTraceBehavior [ RunTime:0.002291s ]
INFO: [ app_end ] --END-- [ RunTime:0.002415s ]

[ 2014-09-01T20:50:40+08:00 ] 127.0.0.1 /NewFace/index.php/Home/Index/sendCom
INFO: [ app_begin ] --START--
INFO: Run Behavior\ReadHtmlCacheBehavior [ RunTime:0.001280s ]
INFO: [ app_begin ] --END-- [ RunTime:0.001979s ]
SQL: SHOW COLUMNS FROM `comment` [ RunTime:0.004364s ]
SQL: INSERT INTO `comment` (`com_pid`,`com_content`,`com_uid`,`com_addtime`) VALUES (1,'',2721,'2014-09-01 20:50:40 ') [ RunTime:0.072292s ]
INFO: [ app_end ] --START--
INFO: Run Behavior\ShowPageTraceBehavior [ RunTime:0.001388s ]
INFO: [ app_end ] --END-- [ RunTime:0.001457s ]

[ 2014-09-01T20:52:21+08:00 ] 127.0.0.1 /NewFace/index.php/Home/Index/detail
INFO: [ app_begin ] --START--
INFO: Run Behavior\ReadHtmlCacheBehavior [ RunTime:0.000625s ]
INFO: [ app_begin ] --END-- [ RunTime:0.001058s ]
SQL: SHOW COLUMNS FROM `student` [ RunTime:0.002580s ]
SQL: SELECT `stu_id`,`img_name`,`stu_praise_count` FROM `student` JOIN image ON student.stu_id=image.img_uid  WHERE ( stu_id=1 ) LIMIT 1   [ RunTime:0.000331s ]
SQL: SHOW COLUMNS FROM `comment` [ RunTime:0.002847s ]
SQL: SELECT `stu_name`,`com_content` FROM `comment` INNER JOIN student ON comment.com_uid=student.stu_id  WHERE ( com_pid=1 )  [ RunTime:0.000329s ]
INFO: [ app_end ] --START--
INFO: Run Behavior\ShowPageTraceBehavior [ RunTime:0.000760s ]
INFO: [ app_end ] --END-- [ RunTime:0.000812s ]

[ 2014-09-01T20:52:23+08:00 ] 127.0.0.1 /NewFace/index.php/Home/Index/detail
INFO: [ app_begin ] --START--
INFO: Run Behavior\ReadHtmlCacheBehavior [ RunTime:0.001102s ]
INFO: [ app_begin ] --END-- [ RunTime:0.002034s ]
SQL: SHOW COLUMNS FROM `student` [ RunTime:0.003235s ]
SQL: SELECT `stu_id`,`img_name`,`stu_praise_count` FROM `student` JOIN image ON student.stu_id=image.img_uid  WHERE ( stu_id=1 ) LIMIT 1   [ RunTime:0.000301s ]
SQL: SHOW COLUMNS FROM `comment` [ RunTime:0.004398s ]
SQL: SELECT `stu_name`,`com_content` FROM `comment` INNER JOIN student ON comment.com_uid=student.stu_id  WHERE ( com_pid=1 )  [ RunTime:0.000395s ]
INFO: [ app_end ] --START--
INFO: Run Behavior\ShowPageTraceBehavior [ RunTime:0.000892s ]
INFO: [ app_end ] --END-- [ RunTime:0.000948s ]

[ 2014-09-01T20:52:25+08:00 ] 127.0.0.1 /NewFace/index.php/Home/Index/detail
INFO: [ app_begin ] --START--
INFO: Run Behavior\ReadHtmlCacheBehavior [ RunTime:0.000642s ]
INFO: [ app_begin ] --END-- [ RunTime:0.001184s ]
SQL: SHOW COLUMNS FROM `student` [ RunTime:0.008700s ]
SQL: SELECT `stu_id`,`img_name`,`stu_praise_count` FROM `student` JOIN image ON student.stu_id=image.img_uid  WHERE ( stu_id=2 ) LIMIT 1   [ RunTime:0.002027s ]
SQL: SHOW COLUMNS FROM `comment` [ RunTime:0.005003s ]
SQL: SELECT `stu_name`,`com_content` FROM `comment` INNER JOIN student ON comment.com_uid=student.stu_id  WHERE ( com_pid=2 )  [ RunTime:0.000384s ]
INFO: [ app_end ] --START--
INFO: Run Behavior\ShowPageTraceBehavior [ RunTime:0.001070s ]
INFO: [ app_end ] --END-- [ RunTime:0.001143s ]

[ 2014-09-01T20:52:37+08:00 ] 127.0.0.1 /NewFace/index.php/Home/Index/detail
INFO: [ app_begin ] --START--
INFO: Run Behavior\ReadHtmlCacheBehavior [ RunTime:0.001095s ]
INFO: [ app_begin ] --END-- [ RunTime:0.001773s ]
SQL: SHOW COLUMNS FROM `student` [ RunTime:0.006331s ]
SQL: SELECT `stu_id`,`img_name`,`stu_praise_count` FROM `student` JOIN image ON student.stu_id=image.img_uid  WHERE ( stu_id=1 ) LIMIT 1   [ RunTime:0.000779s ]
SQL: SHOW COLUMNS FROM `comment` [ RunTime:0.006318s ]
SQL: SELECT `stu_name`,`com_content` FROM `comment` INNER JOIN student ON comment.com_uid=student.stu_id  WHERE ( com_pid=1 )  [ RunTime:0.000319s ]
INFO: [ app_end ] --START--
INFO: Run Behavior\ShowPageTraceBehavior [ RunTime:0.000884s ]
INFO: [ app_end ] --END-- [ RunTime:0.000936s ]

[ 2014-09-01T20:53:13+08:00 ] 127.0.0.1 /NewFace/index.php/Home/Index/detail
INFO: [ app_begin ] --START--
INFO: Run Behavior\ReadHtmlCacheBehavior [ RunTime:0.000813s ]
INFO: [ app_begin ] --END-- [ RunTime:0.001278s ]
SQL: SHOW COLUMNS FROM `student` [ RunTime:0.002999s ]
SQL: SELECT `stu_id`,`img_name`,`stu_praise_count` FROM `student` JOIN image ON student.stu_id=image.img_uid  WHERE ( stu_id=1 ) LIMIT 1   [ RunTime:0.000304s ]
SQL: SHOW COLUMNS FROM `comment` [ RunTime:0.002772s ]
SQL: SELECT `stu_name`,`com_content` FROM `comment` INNER JOIN student ON comment.com_uid=student.stu_id  WHERE ( com_pid=1 )  [ RunTime:0.000320s ]
INFO: [ app_end ] --START--
INFO: Run Behavior\ShowPageTraceBehavior [ RunTime:0.000918s ]
INFO: [ app_end ] --END-- [ RunTime:0.000963s ]

[ 2014-09-01T20:53:16+08:00 ] 127.0.0.1 /NewFace/index.php/Home/Index/detail
INFO: [ app_begin ] --START--
INFO: Run Behavior\ReadHtmlCacheBehavior [ RunTime:0.001526s ]
INFO: [ app_begin ] --END-- [ RunTime:0.002109s ]
SQL: SHOW COLUMNS FROM `student` [ RunTime:0.004920s ]
SQL: SELECT `stu_id`,`img_name`,`stu_praise_count` FROM `student` JOIN image ON student.stu_id=image.img_uid  WHERE ( stu_id=1 ) LIMIT 1   [ RunTime:0.000363s ]
SQL: SHOW COLUMNS FROM `comment` [ RunTime:0.005127s ]
SQL: SELECT `stu_name`,`com_content` FROM `comment` INNER JOIN student ON comment.com_uid=student.stu_id  WHERE ( com_pid=1 )  [ RunTime:0.001019s ]
INFO: [ app_end ] --START--
INFO: Run Behavior\ShowPageTraceBehavior [ RunTime:0.003206s ]
INFO: [ app_end ] --END-- [ RunTime:0.003337s ]

[ 2014-09-01T20:53:19+08:00 ] 127.0.0.1 /NewFace/index.php/Home/Index/detail
INFO: [ app_begin ] --START--
INFO: Run Behavior\ReadHtmlCacheBehavior [ RunTime:0.000928s ]
INFO: [ app_begin ] --END-- [ RunTime:0.001437s ]
SQL: SHOW COLUMNS FROM `student` [ RunTime:0.004129s ]
SQL: SELECT `stu_id`,`img_name`,`stu_praise_count` FROM `student` JOIN image ON student.stu_id=image.img_uid  WHERE ( stu_id=1 ) LIMIT 1   [ RunTime:0.000347s ]
SQL: SHOW COLUMNS FROM `comment` [ RunTime:0.002667s ]
SQL: SELECT `stu_name`,`com_content` FROM `comment` INNER JOIN student ON comment.com_uid=student.stu_id  WHERE ( com_pid=1 )  [ RunTime:0.000376s ]
INFO: [ app_end ] --START--
INFO: Run Behavior\ShowPageTraceBehavior [ RunTime:0.002073s ]
INFO: [ app_end ] --END-- [ RunTime:0.002227s ]

[ 2014-09-01T20:53:22+08:00 ] 127.0.0.1 /NewFace/index.php/Home/Index/detail
INFO: [ app_begin ] --START--
INFO: Run Behavior\ReadHtmlCacheBehavior [ RunTime:0.000773s ]
INFO: [ app_begin ] --END-- [ RunTime:0.001205s ]
SQL: SHOW COLUMNS FROM `student` [ RunTime:0.003171s ]
SQL: SELECT `stu_id`,`img_name`,`stu_praise_count` FROM `student` JOIN image ON student.stu_id=image.img_uid  WHERE ( stu_id=1 ) LIMIT 1   [ RunTime:0.000301s ]
SQL: SHOW COLUMNS FROM `comment` [ RunTime:0.002684s ]
SQL: SELECT `stu_name`,`com_content` FROM `comment` INNER JOIN student ON comment.com_uid=student.stu_id  WHERE ( com_pid=1 )  [ RunTime:0.000314s ]
INFO: [ app_end ] --START--
INFO: Run Behavior\ShowPageTraceBehavior [ RunTime:0.000817s ]
INFO: [ app_end ] --END-- [ RunTime:0.000852s ]

[ 2014-09-01T20:53:25+08:00 ] 127.0.0.1 /NewFace/index.php/Home/Index/detail
INFO: [ app_begin ] --START--
INFO: Run Behavior\ReadHtmlCacheBehavior [ RunTime:0.000828s ]
INFO: [ app_begin ] --END-- [ RunTime:0.001267s ]
SQL: SHOW COLUMNS FROM `student` [ RunTime:0.004170s ]
SQL: SELECT `stu_id`,`img_name`,`stu_praise_count` FROM `student` JOIN image ON student.stu_id=image.img_uid  WHERE ( stu_id=2 ) LIMIT 1   [ RunTime:0.000305s ]
SQL: SHOW COLUMNS FROM `comment` [ RunTime:0.002723s ]
SQL: SELECT `stu_name`,`com_content` FROM `comment` INNER JOIN student ON comment.com_uid=student.stu_id  WHERE ( com_pid=2 )  [ RunTime:0.000278s ]
INFO: [ app_end ] --START--
INFO: Run Behavior\ShowPageTraceBehavior [ RunTime:0.000983s ]
INFO: [ app_end ] --END-- [ RunTime:0.001032s ]

[ 2014-09-01T20:53:26+08:00 ] 127.0.0.1 /NewFace/index.php/Home/Index/detail
INFO: [ app_begin ] --START--
INFO: Run Behavior\ReadHtmlCacheBehavior [ RunTime:0.002068s ]
INFO: [ app_begin ] --END-- [ RunTime:0.002804s ]
SQL: SHOW COLUMNS FROM `student` [ RunTime:0.005155s ]
SQL: SELECT `stu_id`,`img_name`,`stu_praise_count` FROM `student` JOIN image ON student.stu_id=image.img_uid  WHERE ( stu_id=2 ) LIMIT 1   [ RunTime:0.000381s ]
SQL: SHOW COLUMNS FROM `comment` [ RunTime:0.004002s ]
SQL: SELECT `stu_name`,`com_content` FROM `comment` INNER JOIN student ON comment.com_uid=student.stu_id  WHERE ( com_pid=2 )  [ RunTime:0.001084s ]
INFO: [ app_end ] --START--
INFO: Run Behavior\ShowPageTraceBehavior [ RunTime:0.000995s ]
INFO: [ app_end ] --END-- [ RunTime:0.001044s ]

[ 2014-09-01T20:53:40+08:00 ] 127.0.0.1 /NewFace/index.php/Home/Index/detail
INFO: [ app_begin ] --START--
INFO: Run Behavior\ReadHtmlCacheBehavior [ RunTime:0.000832s ]
INFO: [ app_begin ] --END-- [ RunTime:0.001332s ]
SQL: SHOW COLUMNS FROM `student` [ RunTime:0.003480s ]
SQL: SELECT `stu_id`,`img_name`,`stu_praise_count` FROM `student` JOIN image ON student.stu_id=image.img_uid  WHERE ( stu_id=1 ) LIMIT 1   [ RunTime:0.000333s ]
SQL: SHOW COLUMNS FROM `comment` [ RunTime:0.002674s ]
SQL: SELECT `stu_name`,`com_content` FROM `comment` INNER JOIN student ON comment.com_uid=student.stu_id  WHERE ( com_pid=1 )  [ RunTime:0.000332s ]
INFO: [ app_end ] --START--
INFO: Run Behavior\ShowPageTraceBehavior [ RunTime:0.000946s ]
INFO: [ app_end ] --END-- [ RunTime:0.000993s ]

[ 2014-09-01T20:53:42+08:00 ] 127.0.0.1 /NewFace/index.php/Home/Index/detail
INFO: [ app_begin ] --START--
INFO: Run Behavior\ReadHtmlCacheBehavior [ RunTime:0.000700s ]
INFO: [ app_begin ] --END-- [ RunTime:0.001129s ]
SQL: SHOW COLUMNS FROM `student` [ RunTime:0.009569s ]
SQL: SELECT `stu_id`,`img_name`,`stu_praise_count` FROM `student` JOIN image ON student.stu_id=image.img_uid  WHERE ( stu_id=1 ) LIMIT 1   [ RunTime:0.000406s ]
SQL: SHOW COLUMNS FROM `comment` [ RunTime:0.005175s ]
SQL: SELECT `stu_name`,`com_content` FROM `comment` INNER JOIN student ON comment.com_uid=student.stu_id  WHERE ( com_pid=1 )  [ RunTime:0.000610s ]
INFO: [ app_end ] --START--
INFO: Run Behavior\ShowPageTraceBehavior [ RunTime:0.001340s ]
INFO: [ app_end ] --END-- [ RunTime:0.001409s ]

[ 2014-09-01T20:53:46+08:00 ] 127.0.0.1 /NewFace/index.php/Home/Index/detail
INFO: [ app_begin ] --START--
INFO: Run Behavior\ReadHtmlCacheBehavior [ RunTime:0.002592s ]
INFO: [ app_begin ] --END-- [ RunTime:0.003401s ]
SQL: SHOW COLUMNS FROM `student` [ RunTime:0.005560s ]
SQL: SELECT `stu_id`,`img_name`,`stu_praise_count` FROM `student` JOIN image ON student.stu_id=image.img_uid  WHERE ( stu_id=2 ) LIMIT 1   [ RunTime:0.000570s ]
SQL: SHOW COLUMNS FROM `comment` [ RunTime:0.004038s ]
SQL: SELECT `stu_name`,`com_content` FROM `comment` INNER JOIN student ON comment.com_uid=student.stu_id  WHERE ( com_pid=2 )  [ RunTime:0.000301s ]
INFO: [ app_end ] --START--
INFO: Run Behavior\ShowPageTraceBehavior [ RunTime:0.000859s ]
INFO: [ app_end ] --END-- [ RunTime:0.000904s ]

[ 2014-09-01T20:55:03+08:00 ] 127.0.0.1 /NewFace/index.php/Home/Index/detail
INFO: [ app_begin ] --START--
INFO: Run Behavior\ReadHtmlCacheBehavior [ RunTime:0.000711s ]
INFO: [ app_begin ] --END-- [ RunTime:0.001199s ]
SQL: SHOW COLUMNS FROM `student` [ RunTime:0.003356s ]
SQL: SELECT `stu_id`,`img_name`,`stu_praise_count` FROM `student` JOIN image ON student.stu_id=image.img_uid  WHERE ( stu_id=1 ) LIMIT 1   [ RunTime:0.000306s ]
SQL: SHOW COLUMNS FROM `comment` [ RunTime:0.002728s ]
SQL: SELECT `stu_name`,`com_content` FROM `comment` INNER JOIN student ON comment.com_uid=student.stu_id  WHERE ( com_pid=1 )  [ RunTime:0.000360s ]
INFO: [ app_end ] --START--
INFO: Run Behavior\ShowPageTraceBehavior [ RunTime:0.000841s ]
INFO: [ app_end ] --END-- [ RunTime:0.000891s ]

[ 2014-09-01T20:55:05+08:00 ] 127.0.0.1 /NewFace/index.php/Home/Index/detail
INFO: [ app_begin ] --START--
INFO: Run Behavior\ReadHtmlCacheBehavior [ RunTime:0.001705s ]
INFO: [ app_begin ] --END-- [ RunTime:0.003311s ]
SQL: SHOW COLUMNS FROM `student` [ RunTime:0.005012s ]
SQL: SELECT `stu_id`,`img_name`,`stu_praise_count` FROM `student` JOIN image ON student.stu_id=image.img_uid  WHERE ( stu_id=1 ) LIMIT 1   [ RunTime:0.000580s ]
SQL: SHOW COLUMNS FROM `comment` [ RunTime:0.009623s ]
SQL: SELECT `stu_name`,`com_content` FROM `comment` INNER JOIN student ON comment.com_uid=student.stu_id  WHERE ( com_pid=1 )  [ RunTime:0.000430s ]
INFO: [ app_end ] --START--
INFO: Run Behavior\ShowPageTraceBehavior [ RunTime:0.000992s ]
INFO: [ app_end ] --END-- [ RunTime:0.001063s ]

[ 2014-09-01T20:55:55+08:00 ] 127.0.0.1 /NewFace/index.php/Home/Index/detail
INFO: [ app_begin ] --START--
INFO: Run Behavior\ReadHtmlCacheBehavior [ RunTime:0.000799s ]
INFO: [ app_begin ] --END-- [ RunTime:0.001270s ]
SQL: SHOW COLUMNS FROM `student` [ RunTime:0.002810s ]
SQL: SELECT `stu_id`,`img_name`,`stu_praise_count` FROM `student` JOIN image ON student.stu_id=image.img_uid  WHERE ( stu_id=1 ) LIMIT 1   [ RunTime:0.000407s ]
SQL: SHOW COLUMNS FROM `comment` [ RunTime:0.003057s ]
SQL: SELECT `stu_name`,`com_content` FROM `comment` INNER JOIN student ON comment.com_uid=student.stu_id  WHERE ( com_pid=1 )  [ RunTime:0.000362s ]
INFO: [ app_end ] --START--
INFO: Run Behavior\ShowPageTraceBehavior [ RunTime:0.000947s ]
INFO: [ app_end ] --END-- [ RunTime:0.000993s ]

[ 2014-09-01T20:55:56+08:00 ] 127.0.0.1 /NewFace/index.php/Home/Index/detail
INFO: [ app_begin ] --START--
INFO: Run Behavior\ReadHtmlCacheBehavior [ RunTime:0.000987s ]
INFO: [ app_begin ] --END-- [ RunTime:0.002141s ]
SQL: SHOW COLUMNS FROM `student` [ RunTime:0.003476s ]
SQL: SELECT `stu_id`,`img_name`,`stu_praise_count` FROM `student` JOIN image ON student.stu_id=image.img_uid  WHERE ( stu_id=1 ) LIMIT 1   [ RunTime:0.000403s ]
SQL: SHOW COLUMNS FROM `comment` [ RunTime:0.003220s ]
SQL: SELECT `stu_name`,`com_content` FROM `comment` INNER JOIN student ON comment.com_uid=student.stu_id  WHERE ( com_pid=1 )  [ RunTime:0.000299s ]
INFO: [ app_end ] --START--
INFO: Run Behavior\ShowPageTraceBehavior [ RunTime:0.000775s ]
INFO: [ app_end ] --END-- [ RunTime:0.000814s ]

[ 2014-09-01T20:56:13+08:00 ] 127.0.0.1 /NewFace/index.php/Home/Index/sendCom
INFO: [ app_begin ] --START--
INFO: Run Behavior\ReadHtmlCacheBehavior [ RunTime:0.000919s ]
INFO: [ app_begin ] --END-- [ RunTime:0.001411s ]
SQL: SHOW COLUMNS FROM `comment` [ RunTime:0.002414s ]
SQL: INSERT INTO `comment` (`com_pid`,`com_content`,`com_uid`,`com_addtime`) VALUES (1,'啊撒范德萨',2721,'2014-09-01 20:56:13 ') [ RunTime:0.077021s ]
INFO: [ app_end ] --START--
INFO: Run Behavior\ShowPageTraceBehavior [ RunTime:0.001003s ]
INFO: [ app_end ] --END-- [ RunTime:0.001042s ]

[ 2014-09-01T20:56:22+08:00 ] 127.0.0.1 /NewFace/index.php/Home/Index/detail
INFO: [ app_begin ] --START--
INFO: Run Behavior\ReadHtmlCacheBehavior [ RunTime:0.000887s ]
INFO: [ app_begin ] --END-- [ RunTime:0.001335s ]
SQL: SHOW COLUMNS FROM `student` [ RunTime:0.004183s ]
SQL: SELECT `stu_id`,`img_name`,`stu_praise_count` FROM `student` JOIN image ON student.stu_id=image.img_uid  WHERE ( stu_id=1 ) LIMIT 1   [ RunTime:0.000625s ]
SQL: SHOW COLUMNS FROM `comment` [ RunTime:0.005573s ]
SQL: SELECT `stu_name`,`com_content` FROM `comment` INNER JOIN student ON comment.com_uid=student.stu_id  WHERE ( com_pid=1 )  [ RunTime:0.000373s ]
INFO: [ app_end ] --START--
INFO: Run Behavior\ShowPageTraceBehavior [ RunTime:0.000783s ]
INFO: [ app_end ] --END-- [ RunTime:0.000838s ]

[ 2014-09-01T20:56:25+08:00 ] 127.0.0.1 /NewFace/index.php/Home/Index/detail
INFO: [ app_begin ] --START--
INFO: Run Behavior\ReadHtmlCacheBehavior [ RunTime:0.000740s ]
INFO: [ app_begin ] --END-- [ RunTime:0.001960s ]
SQL: SHOW COLUMNS FROM `student` [ RunTime:0.002875s ]
SQL: SELECT `stu_id`,`img_name`,`stu_praise_count` FROM `student` JOIN image ON student.stu_id=image.img_uid  WHERE ( stu_id=3 ) LIMIT 1   [ RunTime:0.000824s ]
SQL: SHOW COLUMNS FROM `comment` [ RunTime:0.005265s ]
SQL: SELECT `stu_name`,`com_content` FROM `comment` INNER JOIN student ON comment.com_uid=student.stu_id  WHERE ( com_pid=3 )  [ RunTime:0.000753s ]
INFO: [ app_end ] --START--
INFO: Run Behavior\ShowPageTraceBehavior [ RunTime:0.002384s ]
INFO: [ app_end ] --END-- [ RunTime:0.002574s ]

[ 2014-09-01T20:56:31+08:00 ] 127.0.0.1 /NewFace/index.php/Home/Index/sendCom
INFO: [ app_begin ] --START--
INFO: Run Behavior\ReadHtmlCacheBehavior [ RunTime:0.000721s ]
INFO: [ app_begin ] --END-- [ RunTime:0.001154s ]
SQL: SHOW COLUMNS FROM `comment` [ RunTime:0.002701s ]
SQL: INSERT INTO `comment` (`com_pid`,`com_content`,`com_uid`,`com_addtime`) VALUES (3,'安达芬拴',2721,'2014-09-01 20:56:31 ') [ RunTime:0.038284s ]
INFO: [ app_end ] --START--
INFO: Run Behavior\ShowPageTraceBehavior [ RunTime:0.000867s ]
INFO: [ app_end ] --END-- [ RunTime:0.000909s ]

[ 2014-09-01T20:56:38+08:00 ] 127.0.0.1 /NewFace/index.php/Home/Index/detail
INFO: [ app_begin ] --START--
INFO: Run Behavior\ReadHtmlCacheBehavior [ RunTime:0.000942s ]
INFO: [ app_begin ] --END-- [ RunTime:0.001488s ]
SQL: SHOW COLUMNS FROM `student` [ RunTime:0.002454s ]
SQL: SELECT `stu_id`,`img_name`,`stu_praise_count` FROM `student` JOIN image ON student.stu_id=image.img_uid  WHERE ( stu_id=11 ) LIMIT 1   [ RunTime:0.007705s ]
SQL: SHOW COLUMNS FROM `comment` [ RunTime:0.006264s ]
SQL: SELECT `stu_name`,`com_content` FROM `comment` INNER JOIN student ON comment.com_uid=student.stu_id  WHERE ( com_pid=11 )  [ RunTime:0.000286s ]
INFO: [ app_end ] --START--
INFO: Run Behavior\ShowPageTraceBehavior [ RunTime:0.000846s ]
INFO: [ app_end ] --END-- [ RunTime:0.000898s ]

[ 2014-09-01T20:56:41+08:00 ] 127.0.0.1 /NewFace/index.php/Home/Index/sendCom
INFO: [ app_begin ] --START--
INFO: Run Behavior\ReadHtmlCacheBehavior [ RunTime:0.000549s ]
INFO: [ app_begin ] --END-- [ RunTime:0.000901s ]
SQL: SHOW COLUMNS FROM `comment` [ RunTime:0.002957s ]
SQL: INSERT INTO `comment` (`com_pid`,`com_content`,`com_uid`,`com_addtime`) VALUES (11,'随碟附送',2721,'2014-09-01 20:56:41 ') [ RunTime:0.061997s ]
INFO: [ app_end ] --START--
INFO: Run Behavior\ShowPageTraceBehavior [ RunTime:0.001093s ]
INFO: [ app_end ] --END-- [ RunTime:0.001149s ]

[ 2014-09-01T20:56:56+08:00 ] 127.0.0.1 /NewFace/index.php/Home/Index/detail
INFO: [ app_begin ] --START--
INFO: Run Behavior\ReadHtmlCacheBehavior [ RunTime:0.000687s ]
INFO: [ app_begin ] --END-- [ RunTime:0.001138s ]
NOTIC: [8] Undefined index: login G:\wamp\www\NewFace\Application\Home\Controller\IndexController.class.php 第 93 行.

[ 2014-09-01T20:56:59+08:00 ] 127.0.0.1 /NewFace/index.php/Home/Index/detail
INFO: [ app_begin ] --START--
INFO: Run Behavior\ReadHtmlCacheBehavior [ RunTime:0.000833s ]
INFO: [ app_begin ] --END-- [ RunTime:0.001296s ]
NOTIC: [8] Undefined index: login G:\wamp\www\NewFace\Application\Home\Controller\IndexController.class.php 第 93 行.

[ 2014-09-01T20:57:11+08:00 ] 127.0.0.1 /NewFace/index.php/Home/Index/check_login
INFO: [ app_begin ] --START--
INFO: Run Behavior\ReadHtmlCacheBehavior [ RunTime:0.001471s ]
INFO: [ app_begin ] --END-- [ RunTime:0.002294s ]
SQL: SHOW COLUMNS FROM `student` [ RunTime:0.003172s ]
SQL: SELECT * FROM `student` WHERE `stu_xuehao` = 2014214373 LIMIT 1   [ RunTime:0.002522s ]
SQL: SELECT * FROM `student` WHERE `stu_xuehao` = 2014214373 AND `stu_idcard` = '183827' LIMIT 1   [ RunTime:0.002450s ]
SQL: SELECT * FROM `student` WHERE ( stu_xuehao=2014214373 ) LIMIT 1   [ RunTime:0.002176s ]
INFO: [ app_end ] --START--
INFO: Run Behavior\ShowPageTraceBehavior [ RunTime:0.001063s ]
INFO: [ app_end ] --END-- [ RunTime:0.001132s ]

[ 2014-09-01T20:57:46+08:00 ] 127.0.0.1 /NewFace/index.php/Home/Index/check_login
INFO: [ app_begin ] --START--
INFO: Run Behavior\ReadHtmlCacheBehavior [ RunTime:0.000804s ]
INFO: [ app_begin ] --END-- [ RunTime:0.001274s ]
SQL: SHOW COLUMNS FROM `student` [ RunTime:0.002778s ]
SQL: SELECT * FROM `student` WHERE `stu_xuehao` = 0 LIMIT 1   [ RunTime:0.002803s ]
INFO: [ app_end ] --START--
INFO: Run Behavior\ShowPageTraceBehavior [ RunTime:0.000825s ]
INFO: [ app_end ] --END-- [ RunTime:0.000868s ]

[ 2014-09-01T20:57:50+08:00 ] 127.0.0.1 /NewFace/index.php/Home/Index/check_login
INFO: [ app_begin ] --START--
INFO: Run Behavior\ReadHtmlCacheBehavior [ RunTime:0.000823s ]
INFO: [ app_begin ] --END-- [ RunTime:0.001291s ]
SQL: SHOW COLUMNS FROM `student` [ RunTime:0.002673s ]
SQL: SELECT * FROM `student` WHERE `stu_xuehao` = 0 LIMIT 1   [ RunTime:0.003026s ]
INFO: [ app_end ] --START--
INFO: Run Behavior\ShowPageTraceBehavior [ RunTime:0.000861s ]
INFO: [ app_end ] --END-- [ RunTime:0.000902s ]

[ 2014-09-01T20:57:51+08:00 ] 127.0.0.1 /NewFace/index.php/Home/Index/check_login
INFO: [ app_begin ] --START--
INFO: Run Behavior\ReadHtmlCacheBehavior [ RunTime:0.000888s ]
INFO: [ app_begin ] --END-- [ RunTime:0.001319s ]
SQL: SHOW COLUMNS FROM `student` [ RunTime:0.002829s ]
SQL: SELECT * FROM `student` WHERE `stu_xuehao` = 0 LIMIT 1   [ RunTime:0.002901s ]
INFO: [ app_end ] --START--
INFO: Run Behavior\ShowPageTraceBehavior [ RunTime:0.000843s ]
INFO: [ app_end ] --END-- [ RunTime:0.000881s ]

[ 2014-09-01T20:57:51+08:00 ] 127.0.0.1 /NewFace/index.php/Home/Index/check_login
INFO: [ app_begin ] --START--
INFO: Run Behavior\ReadHtmlCacheBehavior [ RunTime:0.000819s ]
INFO: [ app_begin ] --END-- [ RunTime:0.001285s ]
SQL: SHOW COLUMNS FROM `student` [ RunTime:0.002754s ]
SQL: SELECT * FROM `student` WHERE `stu_xuehao` = 0 LIMIT 1   [ RunTime:0.002980s ]
INFO: [ app_end ] --START--
INFO: Run Behavior\ShowPageTraceBehavior [ RunTime:0.000949s ]
INFO: [ app_end ] --END-- [ RunTime:0.000990s ]

[ 2014-09-01T20:57:52+08:00 ] 127.0.0.1 /NewFace/index.php/Home/Index/check_login
INFO: [ app_begin ] --START--
INFO: Run Behavior\ReadHtmlCacheBehavior [ RunTime:0.000819s ]
INFO: [ app_begin ] --END-- [ RunTime:0.001274s ]
SQL: SHOW COLUMNS FROM `student` [ RunTime:0.003117s ]
SQL: SELECT * FROM `student` WHERE `stu_xuehao` = 0 LIMIT 1   [ RunTime:0.003219s ]
INFO: [ app_end ] --START--
INFO: Run Behavior\ShowPageTraceBehavior [ RunTime:0.000920s ]
INFO: [ app_end ] --END-- [ RunTime:0.000960s ]

[ 2014-09-01T20:57:52+08:00 ] 127.0.0.1 /NewFace/index.php/Home/Index/check_login
INFO: [ app_begin ] --START--
INFO: Run Behavior\ReadHtmlCacheBehavior [ RunTime:0.000818s ]
INFO: [ app_begin ] --END-- [ RunTime:0.001300s ]
SQL: SHOW COLUMNS FROM `student` [ RunTime:0.002872s ]
SQL: SELECT * FROM `student` WHERE `stu_xuehao` = 0 LIMIT 1   [ RunTime:0.003342s ]
INFO: [ app_end ] --START--
INFO: Run Behavior\ShowPageTraceBehavior [ RunTime:0.000985s ]
INFO: [ app_end ] --END-- [ RunTime:0.001034s ]

[ 2014-09-01T20:57:53+08:00 ] 127.0.0.1 /NewFace/index.php/Home/Index/check_login
INFO: [ app_begin ] --START--
INFO: Run Behavior\ReadHtmlCacheBehavior [ RunTime:0.000823s ]
INFO: [ app_begin ] --END-- [ RunTime:0.001272s ]
SQL: SHOW COLUMNS FROM `student` [ RunTime:0.003390s ]
SQL: SELECT * FROM `student` WHERE `stu_xuehao` = 0 LIMIT 1   [ RunTime:0.003415s ]
INFO: [ app_end ] --START--
INFO: Run Behavior\ShowPageTraceBehavior [ RunTime:0.000986s ]
INFO: [ app_end ] --END-- [ RunTime:0.001042s ]

[ 2014-09-01T20:57:57+08:00 ] 127.0.0.1 /NewFace/index.php/Home/Index/check_login
INFO: [ app_begin ] --START--
INFO: Run Behavior\ReadHtmlCacheBehavior [ RunTime:0.000851s ]
INFO: [ app_begin ] --END-- [ RunTime:0.001332s ]
SQL: SHOW COLUMNS FROM `student` [ RunTime:0.002892s ]
SQL: SELECT * FROM `student` WHERE `stu_xuehao` = 0 LIMIT 1   [ RunTime:0.003248s ]
INFO: [ app_end ] --START--
INFO: Run Behavior\ShowPageTraceBehavior [ RunTime:0.000938s ]
INFO: [ app_end ] --END-- [ RunTime:0.000981s ]

[ 2014-09-01T20:57:58+08:00 ] 127.0.0.1 /NewFace/index.php/Home/Index/check_login
INFO: [ app_begin ] --START--
INFO: Run Behavior\ReadHtmlCacheBehavior [ RunTime:0.000839s ]
INFO: [ app_begin ] --END-- [ RunTime:0.001301s ]
SQL: SHOW COLUMNS FROM `student` [ RunTime:0.002942s ]
SQL: SELECT * FROM `student` WHERE `stu_xuehao` = 0 LIMIT 1   [ RunTime:0.003540s ]
INFO: [ app_end ] --START--
INFO: Run Behavior\ShowPageTraceBehavior [ RunTime:0.001041s ]
INFO: [ app_end ] --END-- [ RunTime:0.001092s ]

[ 2014-09-01T20:57:58+08:00 ] 127.0.0.1 /NewFace/index.php/Home/Index/check_login
INFO: [ app_begin ] --START--
INFO: Run Behavior\ReadHtmlCacheBehavior [ RunTime:0.000825s ]
INFO: [ app_begin ] --END-- [ RunTime:0.001293s ]
SQL: SHOW COLUMNS FROM `student` [ RunTime:0.002776s ]
SQL: SELECT * FROM `student` WHERE `stu_xuehao` = 0 LIMIT 1   [ RunTime:0.003196s ]
INFO: [ app_end ] --START--
INFO: Run Behavior\ShowPageTraceBehavior [ RunTime:0.000932s ]
INFO: [ app_end ] --END-- [ RunTime:0.000979s ]

[ 2014-09-01T20:58:02+08:00 ] 127.0.0.1 /NewFace/index.php/Home/Index/check_login
INFO: [ app_begin ] --START--
INFO: Run Behavior\ReadHtmlCacheBehavior [ RunTime:0.000821s ]
INFO: [ app_begin ] --END-- [ RunTime:0.001293s ]
SQL: SHOW COLUMNS FROM `student` [ RunTime:0.002637s ]
SQL: SELECT * FROM `student` WHERE `stu_xuehao` = 0 LIMIT 1   [ RunTime:0.003077s ]
INFO: [ app_end ] --START--
INFO: Run Behavior\ShowPageTraceBehavior [ RunTime:0.000891s ]
INFO: [ app_end ] --END-- [ RunTime:0.000935s ]

[ 2014-09-01T20:58:04+08:00 ] 127.0.0.1 /NewFace/index.php/Home/Index/check_login
INFO: [ app_begin ] --START--
INFO: Run Behavior\ReadHtmlCacheBehavior [ RunTime:0.000745s ]
INFO: [ app_begin ] --END-- [ RunTime:0.001157s ]
SQL: SHOW COLUMNS FROM `student` [ RunTime:0.002596s ]
SQL: SELECT * FROM `student` WHERE `stu_xuehao` = 0 LIMIT 1   [ RunTime:0.002944s ]
INFO: [ app_end ] --START--
INFO: Run Behavior\ShowPageTraceBehavior [ RunTime:0.000923s ]
INFO: [ app_end ] --END-- [ RunTime:0.000966s ]

[ 2014-09-01T20:58:05+08:00 ] 127.0.0.1 /NewFace/index.php/Home/Index/check_login
INFO: [ app_begin ] --START--
INFO: Run Behavior\ReadHtmlCacheBehavior [ RunTime:0.000796s ]
INFO: [ app_begin ] --END-- [ RunTime:0.001255s ]
SQL: SHOW COLUMNS FROM `student` [ RunTime:0.003106s ]
SQL: SELECT * FROM `student` WHERE `stu_xuehao` = 0 LIMIT 1   [ RunTime:0.003602s ]
INFO: [ app_end ] --START--
INFO: Run Behavior\ShowPageTraceBehavior [ RunTime:0.000969s ]
INFO: [ app_end ] --END-- [ RunTime:0.001014s ]

[ 2014-09-01T21:01:43+08:00 ] 127.0.0.1 /NewFace/index.php/Home/Index/check_login
INFO: [ app_begin ] --START--
INFO: Run Behavior\ReadHtmlCacheBehavior [ RunTime:0.000851s ]
INFO: [ app_begin ] --END-- [ RunTime:0.001421s ]
SQL: SHOW COLUMNS FROM `student` [ RunTime:0.002611s ]
SQL: SELECT * FROM `student` WHERE `stu_xuehao` = 0 LIMIT 1   [ RunTime:0.003016s ]
INFO: [ app_end ] --START--
INFO: Run Behavior\ShowPageTraceBehavior [ RunTime:0.000982s ]
INFO: [ app_end ] --END-- [ RunTime:0.001044s ]

[ 2014-09-01T21:01:45+08:00 ] 127.0.0.1 /NewFace/index.php/Home/Index/check_login
INFO: [ app_begin ] --START--
INFO: Run Behavior\ReadHtmlCacheBehavior [ RunTime:0.000839s ]
INFO: [ app_begin ] --END-- [ RunTime:0.001277s ]
SQL: SHOW COLUMNS FROM `student` [ RunTime:0.002672s ]
SQL: SELECT * FROM `student` WHERE `stu_xuehao` = 0 LIMIT 1   [ RunTime:0.002906s ]
INFO: [ app_end ] --START--
INFO: Run Behavior\ShowPageTraceBehavior [ RunTime:0.000914s ]
INFO: [ app_end ] --END-- [ RunTime:0.000957s ]

[ 2014-09-01T21:01:45+08:00 ] 127.0.0.1 /NewFace/index.php/Home/Index/check_login
INFO: [ app_begin ] --START--
INFO: Run Behavior\ReadHtmlCacheBehavior [ RunTime:0.000809s ]
INFO: [ app_begin ] --END-- [ RunTime:0.001279s ]
SQL: SHOW COLUMNS FROM `student` [ RunTime:0.002789s ]
SQL: SELECT * FROM `student` WHERE `stu_xuehao` = 0 LIMIT 1   [ RunTime:0.003205s ]
INFO: [ app_end ] --START--
INFO: Run Behavior\ShowPageTraceBehavior [ RunTime:0.000935s ]
INFO: [ app_end ] --END-- [ RunTime:0.000989s ]

[ 2014-09-01T21:01:46+08:00 ] 127.0.0.1 /NewFace/index.php/Home/Index/check_login
INFO: [ app_begin ] --START--
INFO: Run Behavior\ReadHtmlCacheBehavior [ RunTime:0.000823s ]
INFO: [ app_begin ] --END-- [ RunTime:0.001274s ]
SQL: SHOW COLUMNS FROM `student` [ RunTime:0.002803s ]
SQL: SELECT * FROM `student` WHERE `stu_xuehao` = 0 LIMIT 1   [ RunTime:0.003230s ]
INFO: [ app_end ] --START--
INFO: Run Behavior\ShowPageTraceBehavior [ RunTime:0.001027s ]
INFO: [ app_end ] --END-- [ RunTime:0.001076s ]

[ 2014-09-01T21:01:46+08:00 ] 127.0.0.1 /NewFace/index.php/Home/Index/check_login
INFO: [ app_begin ] --START--
INFO: Run Behavior\ReadHtmlCacheBehavior [ RunTime:0.000794s ]
INFO: [ app_begin ] --END-- [ RunTime:0.001248s ]
SQL: SHOW COLUMNS FROM `student` [ RunTime:0.002906s ]
SQL: SELECT * FROM `student` WHERE `stu_xuehao` = 0 LIMIT 1   [ RunTime:0.003252s ]
INFO: [ app_end ] --START--
INFO: Run Behavior\ShowPageTraceBehavior [ RunTime:0.000937s ]
INFO: [ app_end ] --END-- [ RunTime:0.000984s ]

[ 2014-09-01T21:01:46+08:00 ] 127.0.0.1 /NewFace/index.php/Home/Index/check_login
INFO: [ app_begin ] --START--
INFO: Run Behavior\ReadHtmlCacheBehavior [ RunTime:0.000979s ]
INFO: [ app_begin ] --END-- [ RunTime:0.001448s ]
SQL: SHOW COLUMNS FROM `student` [ RunTime:0.003108s ]
SQL: SELECT * FROM `student` WHERE `stu_xuehao` = 0 LIMIT 1   [ RunTime:0.004108s ]
INFO: [ app_end ] --START--
INFO: Run Behavior\ShowPageTraceBehavior [ RunTime:0.000988s ]
INFO: [ app_end ] --END-- [ RunTime:0.001037s ]

[ 2014-09-01T21:01:46+08:00 ] 127.0.0.1 /NewFace/index.php/Home/Index/check_login
INFO: [ app_begin ] --START--
INFO: Run Behavior\ReadHtmlCacheBehavior [ RunTime:0.001088s ]
INFO: [ app_begin ] --END-- [ RunTime:0.001654s ]
SQL: SHOW COLUMNS FROM `student` [ RunTime:0.002453s ]
SQL: SELECT * FROM `student` WHERE `stu_xuehao` = 0 LIMIT 1   [ RunTime:0.002750s ]
INFO: [ app_end ] --START--
INFO: Run Behavior\ShowPageTraceBehavior [ RunTime:0.000830s ]
INFO: [ app_end ] --END-- [ RunTime:0.000884s ]

[ 2014-09-01T21:01:47+08:00 ] 127.0.0.1 /NewFace/index.php/Home/Index/check_login
INFO: [ app_begin ] --START--
INFO: Run Behavior\ReadHtmlCacheBehavior [ RunTime:0.000812s ]
INFO: [ app_begin ] --END-- [ RunTime:0.001269s ]
SQL: SHOW COLUMNS FROM `student` [ RunTime:0.002772s ]
SQL: SELECT * FROM `student` WHERE `stu_xuehao` = 0 LIMIT 1   [ RunTime:0.003579s ]
INFO: [ app_end ] --START--
INFO: Run Behavior\ShowPageTraceBehavior [ RunTime:0.000938s ]
INFO: [ app_end ] --END-- [ RunTime:0.000983s ]

[ 2014-09-01T21:01:47+08:00 ] 127.0.0.1 /NewFace/index.php/Home/Index/check_login
INFO: [ app_begin ] --START--
INFO: Run Behavior\ReadHtmlCacheBehavior [ RunTime:0.000886s ]
INFO: [ app_begin ] --END-- [ RunTime:0.001359s ]
SQL: SHOW COLUMNS FROM `student` [ RunTime:0.003184s ]
SQL: SELECT * FROM `student` WHERE `stu_xuehao` = 0 LIMIT 1   [ RunTime:0.003240s ]
INFO: [ app_end ] --START--
INFO: Run Behavior\ShowPageTraceBehavior [ RunTime:0.000851s ]
INFO: [ app_end ] --END-- [ RunTime:0.000899s ]

[ 2014-09-01T21:01:47+08:00 ] 127.0.0.1 /NewFace/index.php/Home/Index/check_login
INFO: [ app_begin ] --START--
INFO: Run Behavior\ReadHtmlCacheBehavior [ RunTime:0.000825s ]
INFO: [ app_begin ] --END-- [ RunTime:0.001309s ]
SQL: SHOW COLUMNS FROM `student` [ RunTime:0.002765s ]
SQL: SELECT * FROM `student` WHERE `stu_xuehao` = 0 LIMIT 1   [ RunTime:0.003256s ]
INFO: [ app_end ] --START--
INFO: Run Behavior\ShowPageTraceBehavior [ RunTime:0.000896s ]
INFO: [ app_end ] --END-- [ RunTime:0.000938s ]

[ 2014-09-01T21:01:48+08:00 ] 127.0.0.1 /NewFace/index.php/Home/Index/check_login
INFO: [ app_begin ] --START--
INFO: Run Behavior\ReadHtmlCacheBehavior [ RunTime:0.000822s ]
INFO: [ app_begin ] --END-- [ RunTime:0.001275s ]
SQL: SHOW COLUMNS FROM `student` [ RunTime:0.002839s ]
SQL: SELECT * FROM `student` WHERE `stu_xuehao` = 0 LIMIT 1   [ RunTime:0.003986s ]
INFO: [ app_end ] --START--
INFO: Run Behavior\ShowPageTraceBehavior [ RunTime:0.001519s ]
INFO: [ app_end ] --END-- [ RunTime:0.001588s ]

[ 2014-09-01T21:01:48+08:00 ] 127.0.0.1 /NewFace/index.php/Home/Index/check_login
INFO: [ app_begin ] --START--
INFO: Run Behavior\ReadHtmlCacheBehavior [ RunTime:0.000718s ]
INFO: [ app_begin ] --END-- [ RunTime:0.001182s ]
SQL: SHOW COLUMNS FROM `student` [ RunTime:0.002526s ]
SQL: SELECT * FROM `student` WHERE `stu_xuehao` = 0 LIMIT 1   [ RunTime:0.002753s ]
INFO: [ app_end ] --START--
INFO: Run Behavior\ShowPageTraceBehavior [ RunTime:0.000809s ]
INFO: [ app_end ] --END-- [ RunTime:0.000843s ]

[ 2014-09-01T21:01:48+08:00 ] 127.0.0.1 /NewFace/index.php/Home/Index/check_login
INFO: [ app_begin ] --START--
INFO: Run Behavior\ReadHtmlCacheBehavior [ RunTime:0.000718s ]
INFO: [ app_begin ] --END-- [ RunTime:0.001125s ]
SQL: SHOW COLUMNS FROM `student` [ RunTime:0.002708s ]
SQL: SELECT * FROM `student` WHERE `stu_xuehao` = 0 LIMIT 1   [ RunTime:0.002776s ]
INFO: [ app_end ] --START--
INFO: Run Behavior\ShowPageTraceBehavior [ RunTime:0.000794s ]
INFO: [ app_end ] --END-- [ RunTime:0.000834s ]

[ 2014-09-01T21:01:49+08:00 ] 127.0.0.1 /NewFace/index.php/Home/Index/check_login
INFO: [ app_begin ] --START--
INFO: Run Behavior\ReadHtmlCacheBehavior [ RunTime:0.000815s ]
INFO: [ app_begin ] --END-- [ RunTime:0.001288s ]
SQL: SHOW COLUMNS FROM `student` [ RunTime:0.002639s ]
SQL: SELECT * FROM `student` WHERE `stu_xuehao` = 0 LIMIT 1   [ RunTime:0.002674s ]
INFO: [ app_end ] --START--
INFO: Run Behavior\ShowPageTraceBehavior [ RunTime:0.000843s ]
INFO: [ app_end ] --END-- [ RunTime:0.000880s ]

[ 2014-09-01T21:01:50+08:00 ] 127.0.0.1 /NewFace/index.php/Home/Index/check_login
INFO: [ app_begin ] --START--
INFO: Run Behavior\ReadHtmlCacheBehavior [ RunTime:0.000600s ]
INFO: [ app_begin ] --END-- [ RunTime:0.000925s ]
SQL: SHOW COLUMNS FROM `student` [ RunTime:0.002650s ]
SQL: SELECT * FROM `student` WHERE `stu_xuehao` = 0 LIMIT 1   [ RunTime:0.002863s ]
INFO: [ app_end ] --START--
INFO: Run Behavior\ShowPageTraceBehavior [ RunTime:0.000785s ]
INFO: [ app_end ] --END-- [ RunTime:0.000822s ]

[ 2014-09-01T21:01:51+08:00 ] 127.0.0.1 /NewFace/index.php/Home/Index/check_login
INFO: [ app_begin ] --START--
INFO: Run Behavior\ReadHtmlCacheBehavior [ RunTime:0.000808s ]
INFO: [ app_begin ] --END-- [ RunTime:0.001237s ]
SQL: SHOW COLUMNS FROM `student` [ RunTime:0.002749s ]
SQL: SELECT * FROM `student` WHERE `stu_xuehao` = 0 LIMIT 1   [ RunTime:0.002909s ]
INFO: [ app_end ] --START--
INFO: Run Behavior\ShowPageTraceBehavior [ RunTime:0.000848s ]
INFO: [ app_end ] --END-- [ RunTime:0.000887s ]

[ 2014-09-01T21:01:53+08:00 ] 127.0.0.1 /NewFace/index.php/Home/Index/check_login
INFO: [ app_begin ] --START--
INFO: Run Behavior\ReadHtmlCacheBehavior [ RunTime:0.000730s ]
INFO: [ app_begin ] --END-- [ RunTime:0.001176s ]
SQL: SHOW COLUMNS FROM `student` [ RunTime:0.002736s ]
SQL: SELECT * FROM `student` WHERE `stu_xuehao` = 0 LIMIT 1   [ RunTime:0.002872s ]
INFO: [ app_end ] --START--
INFO: Run Behavior\ShowPageTraceBehavior [ RunTime:0.000863s ]
INFO: [ app_end ] --END-- [ RunTime:0.000904s ]

[ 2014-09-01T21:01:53+08:00 ] 127.0.0.1 /NewFace/index.php/Home/Index/check_login
INFO: [ app_begin ] --START--
INFO: Run Behavior\ReadHtmlCacheBehavior [ RunTime:0.000741s ]
INFO: [ app_begin ] --END-- [ RunTime:0.001136s ]
SQL: SHOW COLUMNS FROM `student` [ RunTime:0.003057s ]
SQL: SELECT * FROM `student` WHERE `stu_xuehao` = 0 LIMIT 1   [ RunTime:0.002844s ]
INFO: [ app_end ] --START--
INFO: Run Behavior\ShowPageTraceBehavior [ RunTime:0.000804s ]
INFO: [ app_end ] --END-- [ RunTime:0.000838s ]

[ 2014-09-01T21:01:54+08:00 ] 127.0.0.1 /NewFace/index.php/Home/Index/check_login
INFO: [ app_begin ] --START--
INFO: Run Behavior\ReadHtmlCacheBehavior [ RunTime:0.001317s ]
INFO: [ app_begin ] --END-- [ RunTime:0.001931s ]
SQL: SHOW COLUMNS FROM `student` [ RunTime:0.004468s ]
SQL: SELECT * FROM `student` WHERE `stu_xuehao` = 0 LIMIT 1   [ RunTime:0.003816s ]
INFO: [ app_end ] --START--
INFO: Run Behavior\ShowPageTraceBehavior [ RunTime:0.001505s ]
INFO: [ app_end ] --END-- [ RunTime:0.001634s ]

[ 2014-09-01T21:01:57+08:00 ] 127.0.0.1 /NewFace/index.php/Home/Index/check_login
INFO: [ app_begin ] --START--
INFO: Run Behavior\ReadHtmlCacheBehavior [ RunTime:0.000815s ]
INFO: [ app_begin ] --END-- [ RunTime:0.001273s ]
SQL: SHOW COLUMNS FROM `student` [ RunTime:0.002838s ]
SQL: SELECT * FROM `student` WHERE `stu_xuehao` = 0 LIMIT 1   [ RunTime:0.003481s ]
INFO: [ app_end ] --START--
INFO: Run Behavior\ShowPageTraceBehavior [ RunTime:0.000965s ]
INFO: [ app_end ] --END-- [ RunTime:0.001011s ]

[ 2014-09-01T21:01:57+08:00 ] 127.0.0.1 /NewFace/index.php/Home/Index/check_login
INFO: [ app_begin ] --START--
INFO: Run Behavior\ReadHtmlCacheBehavior [ RunTime:0.000824s ]
INFO: [ app_begin ] --END-- [ RunTime:0.001281s ]
SQL: SHOW COLUMNS FROM `student` [ RunTime:0.002821s ]
SQL: SELECT * FROM `student` WHERE `stu_xuehao` = 0 LIMIT 1   [ RunTime:0.003287s ]
INFO: [ app_end ] --START--
INFO: Run Behavior\ShowPageTraceBehavior [ RunTime:0.000870s ]
INFO: [ app_end ] --END-- [ RunTime:0.000912s ]

[ 2014-09-01T21:01:57+08:00 ] 127.0.0.1 /NewFace/index.php/Home/Index/check_login
INFO: [ app_begin ] --START--
INFO: Run Behavior\ReadHtmlCacheBehavior [ RunTime:0.000822s ]
INFO: [ app_begin ] --END-- [ RunTime:0.001291s ]
SQL: SHOW COLUMNS FROM `student` [ RunTime:0.002714s ]
SQL: SELECT * FROM `student` WHERE `stu_xuehao` = 0 LIMIT 1   [ RunTime:0.003331s ]
INFO: [ app_end ] --START--
INFO: Run Behavior\ShowPageTraceBehavior [ RunTime:0.000951s ]
INFO: [ app_end ] --END-- [ RunTime:0.000996s ]

[ 2014-09-01T21:01:58+08:00 ] 127.0.0.1 /NewFace/index.php/Home/Index/check_login
INFO: [ app_begin ] --START--
INFO: Run Behavior\ReadHtmlCacheBehavior [ RunTime:0.000821s ]
INFO: [ app_begin ] --END-- [ RunTime:0.001251s ]
SQL: SHOW COLUMNS FROM `student` [ RunTime:0.002892s ]
SQL: SELECT * FROM `student` WHERE `stu_xuehao` = 0 LIMIT 1   [ RunTime:0.002874s ]
INFO: [ app_end ] --START--
INFO: Run Behavior\ShowPageTraceBehavior [ RunTime:0.000796s ]
INFO: [ app_end ] --END-- [ RunTime:0.000837s ]

[ 2014-09-01T21:01:58+08:00 ] 127.0.0.1 /NewFace/index.php/Home/Index/check_login
INFO: [ app_begin ] --START--
INFO: Run Behavior\ReadHtmlCacheBehavior [ RunTime:0.000821s ]
INFO: [ app_begin ] --END-- [ RunTime:0.001289s ]
SQL: SHOW COLUMNS FROM `student` [ RunTime:0.003005s ]
SQL: SELECT * FROM `student` WHERE `stu_xuehao` = 0 LIMIT 1   [ RunTime:0.003236s ]
INFO: [ app_end ] --START--
INFO: Run Behavior\ShowPageTraceBehavior [ RunTime:0.000908s ]
INFO: [ app_end ] --END-- [ RunTime:0.000949s ]

[ 2014-09-01T21:02:12+08:00 ] 127.0.0.1 /NewFace/index.php/Home/Index/check_login
INFO: [ app_begin ] --START--
INFO: Run Behavior\ReadHtmlCacheBehavior [ RunTime:0.000807s ]
INFO: [ app_begin ] --END-- [ RunTime:0.001294s ]
SQL: SHOW COLUMNS FROM `student` [ RunTime:0.003057s ]
SQL: SELECT * FROM `student` WHERE `stu_xuehao` = 0 LIMIT 1   [ RunTime:0.003461s ]
INFO: [ app_end ] --START--
INFO: Run Behavior\ShowPageTraceBehavior [ RunTime:0.000957s ]
INFO: [ app_end ] --END-- [ RunTime:0.001009s ]

[ 2014-09-01T21:02:14+08:00 ] 127.0.0.1 /NewFace/index.php/Home/Index/check_login
INFO: [ app_begin ] --START--
INFO: Run Behavior\ReadHtmlCacheBehavior [ RunTime:0.000856s ]
INFO: [ app_begin ] --END-- [ RunTime:0.001383s ]
SQL: SHOW COLUMNS FROM `student` [ RunTime:0.002832s ]
SQL: SELECT * FROM `student` WHERE `stu_xuehao` = 0 LIMIT 1   [ RunTime:0.002893s ]
INFO: [ app_end ] --START--
INFO: Run Behavior\ShowPageTraceBehavior [ RunTime:0.000756s ]
INFO: [ app_end ] --END-- [ RunTime:0.000791s ]

[ 2014-09-01T21:02:24+08:00 ] 127.0.0.1 /NewFace/index.php/Home/Index/check_login
INFO: [ app_begin ] --START--
INFO: Run Behavior\ReadHtmlCacheBehavior [ RunTime:0.000745s ]
INFO: [ app_begin ] --END-- [ RunTime:0.001262s ]
SQL: SHOW COLUMNS FROM `student` [ RunTime:0.003192s ]
SQL: SELECT * FROM `student` WHERE `stu_xuehao` = 2014214373 LIMIT 1   [ RunTime:0.001953s ]
SQL: SELECT * FROM `student` WHERE `stu_xuehao` = 2014214373 AND `stu_idcard` = '身份证后6位' LIMIT 1   [ RunTime:0.004450s ]
INFO: [ app_end ] --START--
INFO: Run Behavior\ShowPageTraceBehavior [ RunTime:0.001109s ]
INFO: [ app_end ] --END-- [ RunTime:0.001216s ]

[ 2014-09-01T21:02:31+08:00 ] 127.0.0.1 /NewFace/index.php/Home/Index/check_login
INFO: [ app_begin ] --START--
INFO: Run Behavior\ReadHtmlCacheBehavior [ RunTime:0.001470s ]
INFO: [ app_begin ] --END-- [ RunTime:0.002676s ]
SQL: SHOW COLUMNS FROM `student` [ RunTime:0.006620s ]
SQL: SELECT * FROM `student` WHERE `stu_xuehao` = 2014214373 LIMIT 1   [ RunTime:0.003010s ]
SQL: SELECT * FROM `student` WHERE `stu_xuehao` = 2014214373 AND `stu_idcard` = '123' LIMIT 1   [ RunTime:0.005945s ]
INFO: [ app_end ] --START--
INFO: Run Behavior\ShowPageTraceBehavior [ RunTime:0.001119s ]
INFO: [ app_end ] --END-- [ RunTime:0.001191s ]

[ 2014-09-01T21:02:36+08:00 ] 127.0.0.1 /NewFace/index.php/Home/Index/check_login
INFO: [ app_begin ] --START--
INFO: Run Behavior\ReadHtmlCacheBehavior [ RunTime:0.000567s ]
INFO: [ app_begin ] --END-- [ RunTime:0.000924s ]
SQL: SHOW COLUMNS FROM `student` [ RunTime:0.002811s ]
SQL: SELECT * FROM `student` WHERE `stu_xuehao` = 2014214373 LIMIT 1   [ RunTime:0.002007s ]
SQL: SELECT * FROM `student` WHERE `stu_xuehao` = 2014214373 AND `stu_idcard` = '183827' LIMIT 1   [ RunTime:0.001726s ]
SQL: SELECT * FROM `student` WHERE ( stu_xuehao=2014214373 ) LIMIT 1   [ RunTime:0.002221s ]
INFO: [ app_end ] --START--
INFO: Run Behavior\ShowPageTraceBehavior [ RunTime:0.001418s ]
INFO: [ app_end ] --END-- [ RunTime:0.001555s ]

