[ 2014-09-28T07:21:26+08:00 ] 127.0.0.1 /newface/index.php/Home/Index
INFO: [ app_init ] --START--
INFO: Run Behavior\BuildLiteBehavior [ RunTime:0.000023s ]
INFO: [ app_init ] --END-- [ RunTime:0.000391s ]
INFO: [ app_begin ] --START--
INFO: Run Behavior\ReadHtmlCacheBehavior [ RunTime:0.000489s ]
INFO: [ app_begin ] --END-- [ RunTime:0.000567s ]
SQL: SHOW COLUMNS FROM `student` [ RunTime:0.001106s ]
SQL: SELECT * FROM `student` JOIN image ON student.stu_id=image.img_uid  ORDER BY stu_praise_count desc LIMIT 0,11   [ RunTime:0.002483s ]
INFO: [ view_parse ] --START--
INFO: [ template_filter ] --START--
INFO: Run Behavior\ContentReplaceBehavior [ RunTime:0.000189s ]
INFO: [ template_filter ] --END-- [ RunTime:0.000281s ]
NOTIC: [8] Undefined index: login /website/newface/Application/Runtime/Cache/Home/2a94b8bda04ff446dcedd42276fc99ee.php 第 33 行.
INFO: Run Behavior\ParseTemplateBehavior [ RunTime:0.012536s ]
INFO: [ view_parse ] --END-- [ RunTime:0.012621s ]
INFO: [ view_filter ] --START--
INFO: Run Behavior\WriteHtmlCacheBehavior [ RunTime:0.000157s ]
INFO: [ view_filter ] --END-- [ RunTime:0.000228s ]
INFO: [ app_end ] --START--
INFO: Run Behavior\ShowPageTraceBehavior [ RunTime:0.000500s ]
INFO: [ app_end ] --END-- [ RunTime:0.000579s ]

