[ 2014-08-29T09:59:58+08:00 ] 127.0.0.1 /NewFace/
INFO: [ app_init ] --START--
INFO: Run Behavior\BuildLiteBehavior [ RunTime:0.000025s ]
INFO: [ app_init ] --END-- [ RunTime:0.000728s ]
INFO: [ app_begin ] --START--
INFO: Run Behavior\ReadHtmlCacheBehavior [ RunTime:0.001323s ]
INFO: [ app_begin ] --END-- [ RunTime:0.001402s ]
INFO: [ view_parse ] --START--
INFO: [ template_filter ] --START--
INFO: Run Behavior\ContentReplaceBehavior [ RunTime:0.000036s ]
INFO: [ template_filter ] --END-- [ RunTime:0.000099s ]
INFO: Run Behavior\ParseTemplateBehavior [ RunTime:0.017692s ]
INFO: [ view_parse ] --END-- [ RunTime:0.017771s ]
INFO: [ view_filter ] --START--
INFO: Run Behavior\WriteHtmlCacheBehavior [ RunTime:0.000549s ]
INFO: [ view_filter ] --END-- [ RunTime:0.000590s ]
INFO: [ app_end ] --START--
INFO: Run Behavior\ShowPageTraceBehavior [ RunTime:0.000793s ]
INFO: [ app_end ] --END-- [ RunTime:0.000838s ]

[ 2014-08-29T10:33:45+08:00 ] 127.0.0.1 /NewFace/
ERR: 模板不存在:./Application/Home/View/Index/index.html

[ 2014-08-29T19:46:45+08:00 ] 127.0.0.1 /NewFace/index.php/Home/Index/check_login
INFO: [ app_begin ] --START--
INFO: Run Behavior\ReadHtmlCacheBehavior [ RunTime:0.008189s ]
INFO: [ app_begin ] --END-- [ RunTime:0.009195s ]
SQL: SHOW COLUMNS FROM `student` [ RunTime:0.034445s ]
SQL: SELECT * FROM `student` WHERE `stu_xuehao` = 0 LIMIT 1   [ RunTime:0.007204s ]

[ 2014-08-29T19:47:51+08:00 ] 127.0.0.1 /NewFace/index.php/Home/Index/check_login
INFO: [ app_begin ] --START--
INFO: Run Behavior\ReadHtmlCacheBehavior [ RunTime:0.000649s ]
INFO: [ app_begin ] --END-- [ RunTime:0.000989s ]
SQL: SHOW COLUMNS FROM `student` [ RunTime:0.002917s ]
SQL: SELECT * FROM `student` WHERE `stu_xuehao` = 0 LIMIT 1   [ RunTime:0.003117s ]

[ 2014-08-29T19:49:15+08:00 ] 127.0.0.1 /NewFace/index.php/Home/Index/check_login
INFO: [ app_begin ] --START--
INFO: Run Behavior\ReadHtmlCacheBehavior [ RunTime:0.000786s ]
INFO: [ app_begin ] --END-- [ RunTime:0.001343s ]
SQL: SHOW COLUMNS FROM `student` [ RunTime:0.002630s ]
SQL: SELECT * FROM `student` WHERE `stu_xuehao` = 0 LIMIT 1   [ RunTime:0.003589s ]

[ 2014-08-29T19:49:46+08:00 ] 127.0.0.1 /NewFace/index.php/Home/Index/check_login
INFO: [ app_begin ] --START--
INFO: Run Behavior\ReadHtmlCacheBehavior [ RunTime:0.000816s ]
INFO: [ app_begin ] --END-- [ RunTime:0.001280s ]
SQL: SHOW COLUMNS FROM `student` [ RunTime:0.002784s ]
SQL: SELECT * FROM `student` WHERE `stu_xuehao` = 0 LIMIT 1   [ RunTime:0.003438s ]

[ 2014-08-29T19:50:01+08:00 ] 127.0.0.1 /NewFace/index.php/Home/Index/check_login
INFO: [ app_begin ] --START--
INFO: Run Behavior\ReadHtmlCacheBehavior [ RunTime:0.000793s ]
INFO: [ app_begin ] --END-- [ RunTime:0.001225s ]
SQL: SHOW COLUMNS FROM `student` [ RunTime:0.002770s ]
SQL: SELECT * FROM `student` WHERE `stu_xuehao` = 0 LIMIT 1   [ RunTime:0.003630s ]

[ 2014-08-29T19:53:39+08:00 ] 127.0.0.1 /NewFace/index.php/Home/Index/check_login
INFO: [ app_begin ] --START--
INFO: Run Behavior\ReadHtmlCacheBehavior [ RunTime:0.001254s ]
INFO: [ app_begin ] --END-- [ RunTime:0.001939s ]
SQL: SHOW COLUMNS FROM `student` [ RunTime:0.003065s ]
SQL: SELECT * FROM `student` WHERE `stu_xuehao` = 0 LIMIT 1   [ RunTime:0.003239s ]

[ 2014-08-29T19:55:30+08:00 ] 127.0.0.1 /NewFace/index.php/Home/Index/check_login
INFO: [ app_begin ] --START--
INFO: Run Behavior\ReadHtmlCacheBehavior [ RunTime:0.000710s ]
INFO: [ app_begin ] --END-- [ RunTime:0.001100s ]
SQL: SHOW COLUMNS FROM `student` [ RunTime:0.002876s ]
SQL: SELECT * FROM `student` WHERE `stu_xuehao` = 0 LIMIT 1   [ RunTime:0.003779s ]

[ 2014-08-29T20:01:56+08:00 ] 127.0.0.1 /NewFace/index.php/Home/Index/check_login
INFO: [ app_begin ] --START--
INFO: Run Behavior\ReadHtmlCacheBehavior [ RunTime:0.000784s ]
INFO: [ app_begin ] --END-- [ RunTime:0.001262s ]
SQL: SHOW COLUMNS FROM `student` [ RunTime:0.002988s ]
SQL: SELECT * FROM `student` WHERE `stu_xuehao` = 0 LIMIT 1   [ RunTime:0.003249s ]

[ 2014-08-29T20:02:27+08:00 ] 127.0.0.1 /NewFace/index.php/Home/Index/check_login
INFO: [ app_begin ] --START--
INFO: Run Behavior\ReadHtmlCacheBehavior [ RunTime:0.000991s ]
INFO: [ app_begin ] --END-- [ RunTime:0.001680s ]
SQL: SHOW COLUMNS FROM `student` [ RunTime:0.002739s ]
SQL: SELECT * FROM `student` WHERE `stu_xuehao` = 0 LIMIT 1   [ RunTime:0.003075s ]

[ 2014-08-29T20:02:29+08:00 ] 127.0.0.1 /NewFace/index.php/Home/Index/check_login
INFO: [ app_begin ] --START--
INFO: Run Behavior\ReadHtmlCacheBehavior [ RunTime:0.000746s ]
INFO: [ app_begin ] --END-- [ RunTime:0.001200s ]
SQL: SHOW COLUMNS FROM `student` [ RunTime:0.002845s ]
SQL: SELECT * FROM `student` WHERE `stu_xuehao` = 0 LIMIT 1   [ RunTime:0.003435s ]

[ 2014-08-29T20:02:42+08:00 ] 127.0.0.1 /NewFace/index.php/Home/Index/check_login
INFO: [ app_begin ] --START--
INFO: Run Behavior\ReadHtmlCacheBehavior [ RunTime:0.000676s ]
INFO: [ app_begin ] --END-- [ RunTime:0.001136s ]
SQL: SHOW COLUMNS FROM `student` [ RunTime:0.002878s ]
SQL: SELECT * FROM `student` WHERE `stu_xuehao` = 0 LIMIT 1   [ RunTime:0.003430s ]

[ 2014-08-29T20:03:10+08:00 ] 127.0.0.1 /NewFace/index.php/Home/Index/check_login
INFO: [ app_begin ] --START--
INFO: Run Behavior\ReadHtmlCacheBehavior [ RunTime:0.000725s ]
INFO: [ app_begin ] --END-- [ RunTime:0.001249s ]
SQL: SHOW COLUMNS FROM `student` [ RunTime:0.002877s ]
SQL: SELECT * FROM `student` WHERE `stu_xuehao` = 0 LIMIT 1   [ RunTime:0.003376s ]

[ 2014-08-29T20:03:12+08:00 ] 127.0.0.1 /NewFace/index.php/Home/Index/check_login
INFO: [ app_begin ] --START--
INFO: Run Behavior\ReadHtmlCacheBehavior [ RunTime:0.000706s ]
INFO: [ app_begin ] --END-- [ RunTime:0.001103s ]
SQL: SHOW COLUMNS FROM `student` [ RunTime:0.002880s ]
SQL: SELECT * FROM `student` WHERE `stu_xuehao` = 0 LIMIT 1   [ RunTime:0.003423s ]

[ 2014-08-29T20:04:09+08:00 ] 127.0.0.1 /NewFace/index.php/Home/Index/check_login
INFO: [ app_begin ] --START--
INFO: Run Behavior\ReadHtmlCacheBehavior [ RunTime:0.001008s ]
INFO: [ app_begin ] --END-- [ RunTime:0.001627s ]
SQL: SHOW COLUMNS FROM `student` [ RunTime:0.004553s ]
SQL: SELECT * FROM `student` WHERE `stu_xuehao` = 0 LIMIT 1   [ RunTime:0.005259s ]
INFO: [ app_end ] --START--
INFO: Run Behavior\ShowPageTraceBehavior [ RunTime:0.002245s ]
INFO: [ app_end ] --END-- [ RunTime:0.002404s ]

[ 2014-08-29T20:05:02+08:00 ] 127.0.0.1 /NewFace/index.php/Home/Index/check_login
INFO: [ app_begin ] --START--
INFO: Run Behavior\ReadHtmlCacheBehavior [ RunTime:0.000775s ]
INFO: [ app_begin ] --END-- [ RunTime:0.001233s ]
SQL: SHOW COLUMNS FROM `student` [ RunTime:0.003198s ]
SQL: SELECT * FROM `student` WHERE `stu_xuehao` = 0 LIMIT 1   [ RunTime:0.003543s ]
INFO: [ app_end ] --START--
INFO: Run Behavior\ShowPageTraceBehavior [ RunTime:0.000886s ]
INFO: [ app_end ] --END-- [ RunTime:0.000934s ]

[ 2014-08-29T20:05:06+08:00 ] 127.0.0.1 /NewFace/index.php/Home/Index/check_login
INFO: [ app_begin ] --START--
INFO: Run Behavior\ReadHtmlCacheBehavior [ RunTime:0.000801s ]
INFO: [ app_begin ] --END-- [ RunTime:0.001227s ]
SQL: SHOW COLUMNS FROM `student` [ RunTime:0.002740s ]
SQL: SELECT * FROM `student` WHERE `stu_xuehao` = 0 LIMIT 1   [ RunTime:0.021162s ]
INFO: [ app_end ] --START--
INFO: Run Behavior\ShowPageTraceBehavior [ RunTime:0.000798s ]
INFO: [ app_end ] --END-- [ RunTime:0.000844s ]

[ 2014-08-29T20:05:30+08:00 ] 127.0.0.1 /NewFace/index.php/Home/Index/check_login
INFO: [ app_begin ] --START--
INFO: Run Behavior\ReadHtmlCacheBehavior [ RunTime:0.000732s ]
INFO: [ app_begin ] --END-- [ RunTime:0.001193s ]
SQL: SHOW COLUMNS FROM `student` [ RunTime:0.002669s ]
SQL: SELECT * FROM `student` WHERE `stu_xuehao` = 0 LIMIT 1   [ RunTime:0.023491s ]
INFO: [ app_end ] --START--
INFO: Run Behavior\ShowPageTraceBehavior [ RunTime:0.000736s ]
INFO: [ app_end ] --END-- [ RunTime:0.000778s ]

[ 2014-08-29T20:06:14+08:00 ] 127.0.0.1 /NewFace/index.php/Home/Index/check_login
INFO: [ app_begin ] --START--
INFO: Run Behavior\ReadHtmlCacheBehavior [ RunTime:0.000659s ]
INFO: [ app_begin ] --END-- [ RunTime:0.001021s ]
SQL: SHOW COLUMNS FROM `student` [ RunTime:0.002893s ]
SQL: SELECT * FROM `student` WHERE `stu_xuehao` = 0 LIMIT 1   [ RunTime:0.003163s ]
INFO: [ app_end ] --START--
INFO: Run Behavior\ShowPageTraceBehavior [ RunTime:0.000989s ]
INFO: [ app_end ] --END-- [ RunTime:0.001051s ]

[ 2014-08-29T20:07:00+08:00 ] 127.0.0.1 /NewFace/index.php/Home/Index/check_login
INFO: [ app_begin ] --START--
INFO: Run Behavior\ReadHtmlCacheBehavior [ RunTime:0.001275s ]
INFO: [ app_begin ] --END-- [ RunTime:0.002027s ]
SQL: SHOW COLUMNS FROM `student` [ RunTime:0.002887s ]
SQL: SELECT * FROM `student` WHERE `stu_xuehao` = 0 LIMIT 1   [ RunTime:0.003092s ]
INFO: [ app_end ] --START--
INFO: Run Behavior\ShowPageTraceBehavior [ RunTime:0.000746s ]
INFO: [ app_end ] --END-- [ RunTime:0.000783s ]

[ 2014-08-29T20:07:14+08:00 ] 127.0.0.1 /NewFace/index.php/Home/Index/check_login
INFO: [ app_begin ] --START--
INFO: Run Behavior\ReadHtmlCacheBehavior [ RunTime:0.000769s ]
INFO: [ app_begin ] --END-- [ RunTime:0.001235s ]
SQL: SHOW COLUMNS FROM `student` [ RunTime:0.002817s ]
SQL: SELECT * FROM `student` WHERE `stu_xuehao` = 0 LIMIT 1   [ RunTime:0.003503s ]
INFO: [ app_end ] --START--
INFO: Run Behavior\ShowPageTraceBehavior [ RunTime:0.000872s ]
INFO: [ app_end ] --END-- [ RunTime:0.000919s ]

[ 2014-08-29T20:07:20+08:00 ] 127.0.0.1 /NewFace/index.php/Home/Index/check_login
INFO: [ app_begin ] --START--
INFO: Run Behavior\ReadHtmlCacheBehavior [ RunTime:0.001158s ]
INFO: [ app_begin ] --END-- [ RunTime:0.001906s ]
SQL: SHOW COLUMNS FROM `student` [ RunTime:0.005109s ]
SQL: SELECT * FROM `student` WHERE `stu_xuehao` = 2014211524 LIMIT 1   [ RunTime:0.000609s ]
SQL: SELECT * FROM `student` WHERE `stu_xuehao` = 2014211524 AND `stu_idcard` = 'sdfdsfds' LIMIT 1   [ RunTime:0.005699s ]
INFO: [ app_end ] --START--
INFO: Run Behavior\ShowPageTraceBehavior [ RunTime:0.001348s ]
INFO: [ app_end ] --END-- [ RunTime:0.001419s ]

[ 2014-08-29T20:07:43+08:00 ] 127.0.0.1 /NewFace/index.php/Home/Index/check_login
INFO: [ app_begin ] --START--
INFO: Run Behavior\ReadHtmlCacheBehavior [ RunTime:0.001987s ]
INFO: [ app_begin ] --END-- [ RunTime:0.003191s ]
SQL: SHOW COLUMNS FROM `student` [ RunTime:0.006210s ]
SQL: SELECT * FROM `student` WHERE `stu_xuehao` = 2014211524 LIMIT 1   [ RunTime:0.000672s ]
SQL: SELECT * FROM `student` WHERE `stu_xuehao` = 2014211524 AND `stu_idcard` = '28195x' LIMIT 1   [ RunTime:0.000780s ]

[ 2014-08-29T20:10:59+08:00 ] 127.0.0.1 /NewFace/index.php/Home/Index/check_login
INFO: [ app_begin ] --START--
INFO: Run Behavior\ReadHtmlCacheBehavior [ RunTime:0.001068s ]
INFO: [ app_begin ] --END-- [ RunTime:0.001784s ]
SQL: SHOW COLUMNS FROM `student` [ RunTime:0.004063s ]
SQL: SELECT * FROM `student` WHERE `stu_xuehao` = 2014211524 LIMIT 1   [ RunTime:0.000566s ]
SQL: SELECT * FROM `student` WHERE `stu_xuehao` = 2014211524 AND `stu_idcard` = '28195X' LIMIT 1   [ RunTime:0.000453s ]

[ 2014-08-29T20:11:04+08:00 ] 127.0.0.1 /NewFace/index.php/Home/Index/check_login
INFO: [ app_begin ] --START--
INFO: Run Behavior\ReadHtmlCacheBehavior [ RunTime:0.000781s ]
INFO: [ app_begin ] --END-- [ RunTime:0.001218s ]
SQL: SHOW COLUMNS FROM `student` [ RunTime:0.002832s ]
SQL: SELECT * FROM `student` WHERE `stu_xuehao` = 2014211524 LIMIT 1   [ RunTime:0.000383s ]
SQL: SELECT * FROM `student` WHERE `stu_xuehao` = 2014211524 AND `stu_idcard` = '2815X' LIMIT 1   [ RunTime:0.003511s ]
INFO: [ app_end ] --START--
INFO: Run Behavior\ShowPageTraceBehavior [ RunTime:0.000778s ]
INFO: [ app_end ] --END-- [ RunTime:0.000813s ]

[ 2014-08-29T20:11:11+08:00 ] 127.0.0.1 /NewFace/index.php/Home/Index/check_login
INFO: [ app_begin ] --START--
INFO: Run Behavior\ReadHtmlCacheBehavior [ RunTime:0.001124s ]
INFO: [ app_begin ] --END-- [ RunTime:0.001817s ]
SQL: SHOW COLUMNS FROM `student` [ RunTime:0.004396s ]
SQL: SELECT * FROM `student` WHERE `stu_xuehao` = 2014211524 LIMIT 1   [ RunTime:0.000378s ]
SQL: SELECT * FROM `student` WHERE `stu_xuehao` = 2014211524 AND `stu_idcard` = '2815X' LIMIT 1   [ RunTime:0.002976s ]
INFO: [ app_end ] --START--
INFO: Run Behavior\ShowPageTraceBehavior [ RunTime:0.000764s ]
INFO: [ app_end ] --END-- [ RunTime:0.000804s ]

[ 2014-08-29T20:27:39+08:00 ] 127.0.0.1 /NewFace/index.php/Home/Index/check_login
INFO: [ app_begin ] --START--
INFO: Run Behavior\ReadHtmlCacheBehavior [ RunTime:0.001332s ]
INFO: [ app_begin ] --END-- [ RunTime:0.002124s ]
SQL: SHOW COLUMNS FROM `student` [ RunTime:0.003531s ]
SQL: SELECT * FROM `student` WHERE `stu_xuehao` = 0 LIMIT 1   [ RunTime:0.004282s ]
INFO: [ app_end ] --START--
INFO: Run Behavior\ShowPageTraceBehavior [ RunTime:0.000984s ]
INFO: [ app_end ] --END-- [ RunTime:0.001030s ]

[ 2014-08-29T20:27:57+08:00 ] 127.0.0.1 /NewFace/index.php/Home/Index/check_login
INFO: [ app_begin ] --START--
INFO: Run Behavior\ReadHtmlCacheBehavior [ RunTime:0.000733s ]
INFO: [ app_begin ] --END-- [ RunTime:0.001171s ]
SQL: SHOW COLUMNS FROM `student` [ RunTime:0.002750s ]
SQL: SELECT * FROM `student` WHERE `stu_xuehao` = 0 LIMIT 1   [ RunTime:0.003394s ]
INFO: [ app_end ] --START--
INFO: Run Behavior\ShowPageTraceBehavior [ RunTime:0.000853s ]
INFO: [ app_end ] --END-- [ RunTime:0.000903s ]

[ 2014-08-29T20:27:58+08:00 ] 127.0.0.1 /NewFace/index.php/Home/Index/check_login
INFO: [ app_begin ] --START--
INFO: Run Behavior\ReadHtmlCacheBehavior [ RunTime:0.000602s ]
INFO: [ app_begin ] --END-- [ RunTime:0.001017s ]
SQL: SHOW COLUMNS FROM `student` [ RunTime:0.002575s ]
SQL: SELECT * FROM `student` WHERE `stu_xuehao` = 0 LIMIT 1   [ RunTime:0.004843s ]
INFO: [ app_end ] --START--
INFO: Run Behavior\ShowPageTraceBehavior [ RunTime:0.000808s ]
INFO: [ app_end ] --END-- [ RunTime:0.000858s ]

[ 2014-08-29T20:27:59+08:00 ] 127.0.0.1 /NewFace/index.php/Home/Index/check_login
INFO: [ app_begin ] --START--
INFO: Run Behavior\ReadHtmlCacheBehavior [ RunTime:0.000660s ]
INFO: [ app_begin ] --END-- [ RunTime:0.001051s ]
SQL: SHOW COLUMNS FROM `student` [ RunTime:0.003109s ]
SQL: SELECT * FROM `student` WHERE `stu_xuehao` = 0 LIMIT 1   [ RunTime:0.003046s ]
INFO: [ app_end ] --START--
INFO: Run Behavior\ShowPageTraceBehavior [ RunTime:0.000798s ]
INFO: [ app_end ] --END-- [ RunTime:0.000837s ]

[ 2014-08-29T20:27:59+08:00 ] 127.0.0.1 /NewFace/index.php/Home/Index/check_login
INFO: [ app_begin ] --START--
INFO: Run Behavior\ReadHtmlCacheBehavior [ RunTime:0.000741s ]
INFO: [ app_begin ] --END-- [ RunTime:0.001204s ]
SQL: SHOW COLUMNS FROM `student` [ RunTime:0.002828s ]
SQL: SELECT * FROM `student` WHERE `stu_xuehao` = 0 LIMIT 1   [ RunTime:0.003405s ]
INFO: [ app_end ] --START--
INFO: Run Behavior\ShowPageTraceBehavior [ RunTime:0.000851s ]
INFO: [ app_end ] --END-- [ RunTime:0.000891s ]

[ 2014-08-29T20:27:59+08:00 ] 127.0.0.1 /NewFace/index.php/Home/Index/check_login
INFO: [ app_begin ] --START--
INFO: Run Behavior\ReadHtmlCacheBehavior [ RunTime:0.000706s ]
INFO: [ app_begin ] --END-- [ RunTime:0.001163s ]
SQL: SHOW COLUMNS FROM `student` [ RunTime:0.017683s ]
SQL: SELECT * FROM `student` WHERE `stu_xuehao` = 0 LIMIT 1   [ RunTime:0.009137s ]
INFO: [ app_end ] --START--
INFO: Run Behavior\ShowPageTraceBehavior [ RunTime:0.000949s ]
INFO: [ app_end ] --END-- [ RunTime:0.001000s ]

[ 2014-08-29T20:27:59+08:00 ] 127.0.0.1 /NewFace/index.php/Home/Index/check_login
INFO: [ app_begin ] --START--
INFO: Run Behavior\ReadHtmlCacheBehavior [ RunTime:0.000736s ]
INFO: [ app_begin ] --END-- [ RunTime:0.001196s ]
SQL: SHOW COLUMNS FROM `student` [ RunTime:0.002928s ]
SQL: SELECT * FROM `student` WHERE `stu_xuehao` = 0 LIMIT 1   [ RunTime:0.003365s ]
INFO: [ app_end ] --START--
INFO: Run Behavior\ShowPageTraceBehavior [ RunTime:0.000839s ]
INFO: [ app_end ] --END-- [ RunTime:0.000879s ]

[ 2014-08-29T20:27:59+08:00 ] 127.0.0.1 /NewFace/index.php/Home/Index/check_login
INFO: [ app_begin ] --START--
INFO: Run Behavior\ReadHtmlCacheBehavior [ RunTime:0.000717s ]
INFO: [ app_begin ] --END-- [ RunTime:0.001143s ]
SQL: SHOW COLUMNS FROM `student` [ RunTime:0.002784s ]
SQL: SELECT * FROM `student` WHERE `stu_xuehao` = 0 LIMIT 1   [ RunTime:0.003395s ]
INFO: [ app_end ] --START--
INFO: Run Behavior\ShowPageTraceBehavior [ RunTime:0.000836s ]
INFO: [ app_end ] --END-- [ RunTime:0.000877s ]

[ 2014-08-29T20:28:00+08:00 ] 127.0.0.1 /NewFace/index.php/Home/Index/check_login
INFO: [ app_begin ] --START--
INFO: Run Behavior\ReadHtmlCacheBehavior [ RunTime:0.000750s ]
INFO: [ app_begin ] --END-- [ RunTime:0.001250s ]
SQL: SHOW COLUMNS FROM `student` [ RunTime:0.003087s ]
SQL: SELECT * FROM `student` WHERE `stu_xuehao` = 0 LIMIT 1   [ RunTime:0.003871s ]
INFO: [ app_end ] --START--
INFO: Run Behavior\ShowPageTraceBehavior [ RunTime:0.000844s ]
INFO: [ app_end ] --END-- [ RunTime:0.000885s ]

[ 2014-08-29T20:28:00+08:00 ] 127.0.0.1 /NewFace/index.php/Home/Index/check_login
INFO: [ app_begin ] --START--
INFO: Run Behavior\ReadHtmlCacheBehavior [ RunTime:0.000741s ]
INFO: [ app_begin ] --END-- [ RunTime:0.001207s ]
SQL: SHOW COLUMNS FROM `student` [ RunTime:0.002872s ]
SQL: SELECT * FROM `student` WHERE `stu_xuehao` = 0 LIMIT 1   [ RunTime:0.003576s ]
INFO: [ app_end ] --START--
INFO: Run Behavior\ShowPageTraceBehavior [ RunTime:0.000837s ]
INFO: [ app_end ] --END-- [ RunTime:0.000880s ]

[ 2014-08-29T20:28:01+08:00 ] 127.0.0.1 /NewFace/index.php/Home/Index/check_login
INFO: [ app_begin ] --START--
INFO: Run Behavior\ReadHtmlCacheBehavior [ RunTime:0.000744s ]
INFO: [ app_begin ] --END-- [ RunTime:0.001206s ]
SQL: SHOW COLUMNS FROM `student` [ RunTime:0.002912s ]
SQL: SELECT * FROM `student` WHERE `stu_xuehao` = 0 LIMIT 1   [ RunTime:0.003425s ]
INFO: [ app_end ] --START--
INFO: Run Behavior\ShowPageTraceBehavior [ RunTime:0.000855s ]
INFO: [ app_end ] --END-- [ RunTime:0.000897s ]

[ 2014-08-29T20:28:01+08:00 ] 127.0.0.1 /NewFace/index.php/Home/Index/check_login
INFO: [ app_begin ] --START--
INFO: Run Behavior\ReadHtmlCacheBehavior [ RunTime:0.000744s ]
INFO: [ app_begin ] --END-- [ RunTime:0.001235s ]
SQL: SHOW COLUMNS FROM `student` [ RunTime:0.002742s ]
SQL: SELECT * FROM `student` WHERE `stu_xuehao` = 0 LIMIT 1   [ RunTime:0.003386s ]
INFO: [ app_end ] --START--
INFO: Run Behavior\ShowPageTraceBehavior [ RunTime:0.001066s ]
INFO: [ app_end ] --END-- [ RunTime:0.001115s ]

[ 2014-08-29T20:28:01+08:00 ] 127.0.0.1 /NewFace/index.php/Home/Index/check_login
INFO: [ app_begin ] --START--
INFO: Run Behavior\ReadHtmlCacheBehavior [ RunTime:0.000738s ]
INFO: [ app_begin ] --END-- [ RunTime:0.001193s ]
SQL: SHOW COLUMNS FROM `student` [ RunTime:0.002883s ]
SQL: SELECT * FROM `student` WHERE `stu_xuehao` = 0 LIMIT 1   [ RunTime:0.003013s ]
INFO: [ app_end ] --START--
INFO: Run Behavior\ShowPageTraceBehavior [ RunTime:0.000832s ]
INFO: [ app_end ] --END-- [ RunTime:0.000886s ]

[ 2014-08-29T20:28:01+08:00 ] 127.0.0.1 /NewFace/index.php/Home/Index/check_login
INFO: [ app_begin ] --START--
INFO: Run Behavior\ReadHtmlCacheBehavior [ RunTime:0.000735s ]
INFO: [ app_begin ] --END-- [ RunTime:0.001215s ]
SQL: SHOW COLUMNS FROM `student` [ RunTime:0.003105s ]
SQL: SELECT * FROM `student` WHERE `stu_xuehao` = 0 LIMIT 1   [ RunTime:0.003414s ]
INFO: [ app_end ] --START--
INFO: Run Behavior\ShowPageTraceBehavior [ RunTime:0.000833s ]
INFO: [ app_end ] --END-- [ RunTime:0.000878s ]

[ 2014-08-29T20:28:02+08:00 ] 127.0.0.1 /NewFace/index.php/Home/Index/check_login
INFO: [ app_begin ] --START--
INFO: Run Behavior\ReadHtmlCacheBehavior [ RunTime:0.000735s ]
INFO: [ app_begin ] --END-- [ RunTime:0.001207s ]
SQL: SHOW COLUMNS FROM `student` [ RunTime:0.003281s ]
SQL: SELECT * FROM `student` WHERE `stu_xuehao` = 0 LIMIT 1   [ RunTime:0.003404s ]
INFO: [ app_end ] --START--
INFO: Run Behavior\ShowPageTraceBehavior [ RunTime:0.000838s ]
INFO: [ app_end ] --END-- [ RunTime:0.000878s ]

[ 2014-08-29T20:28:23+08:00 ] 127.0.0.1 /NewFace/index.php/Home/Index/check_login
INFO: [ app_begin ] --START--
INFO: Run Behavior\ReadHtmlCacheBehavior [ RunTime:0.001063s ]
INFO: [ app_begin ] --END-- [ RunTime:0.001613s ]
SQL: SHOW COLUMNS FROM `student` [ RunTime:0.002633s ]
SQL: SELECT * FROM `student` WHERE `stu_xuehao` = 0 LIMIT 1   [ RunTime:0.003205s ]
INFO: [ app_end ] --START--
INFO: Run Behavior\ShowPageTraceBehavior [ RunTime:0.000772s ]
INFO: [ app_end ] --END-- [ RunTime:0.000812s ]

[ 2014-08-29T20:28:24+08:00 ] 127.0.0.1 /NewFace/index.php/Home/Index/check_login
INFO: [ app_begin ] --START--
INFO: Run Behavior\ReadHtmlCacheBehavior [ RunTime:0.000740s ]
INFO: [ app_begin ] --END-- [ RunTime:0.001209s ]
SQL: SHOW COLUMNS FROM `student` [ RunTime:0.003092s ]
SQL: SELECT * FROM `student` WHERE `stu_xuehao` = 0 LIMIT 1   [ RunTime:0.003423s ]
INFO: [ app_end ] --START--
INFO: Run Behavior\ShowPageTraceBehavior [ RunTime:0.000845s ]
INFO: [ app_end ] --END-- [ RunTime:0.000887s ]

[ 2014-08-29T20:28:24+08:00 ] 127.0.0.1 /NewFace/index.php/Home/Index/check_login
INFO: [ app_begin ] --START--
INFO: Run Behavior\ReadHtmlCacheBehavior [ RunTime:0.000743s ]
INFO: [ app_begin ] --END-- [ RunTime:0.001151s ]
SQL: SHOW COLUMNS FROM `student` [ RunTime:0.002694s ]
SQL: SELECT * FROM `student` WHERE `stu_xuehao` = 0 LIMIT 1   [ RunTime:0.003383s ]
INFO: [ app_end ] --START--
INFO: Run Behavior\ShowPageTraceBehavior [ RunTime:0.000894s ]
INFO: [ app_end ] --END-- [ RunTime:0.000938s ]

[ 2014-08-29T20:28:24+08:00 ] 127.0.0.1 /NewFace/index.php/Home/Index/check_login
INFO: [ app_begin ] --START--
INFO: Run Behavior\ReadHtmlCacheBehavior [ RunTime:0.000739s ]
INFO: [ app_begin ] --END-- [ RunTime:0.001208s ]
SQL: SHOW COLUMNS FROM `student` [ RunTime:0.002750s ]
SQL: SELECT * FROM `student` WHERE `stu_xuehao` = 0 LIMIT 1   [ RunTime:0.003387s ]
INFO: [ app_end ] --START--
INFO: Run Behavior\ShowPageTraceBehavior [ RunTime:0.000857s ]
INFO: [ app_end ] --END-- [ RunTime:0.000905s ]

[ 2014-08-29T20:28:27+08:00 ] 127.0.0.1 /NewFace/index.php/Home/Index/check_login
INFO: [ app_begin ] --START--
INFO: Run Behavior\ReadHtmlCacheBehavior [ RunTime:0.000781s ]
INFO: [ app_begin ] --END-- [ RunTime:0.001302s ]
SQL: SHOW COLUMNS FROM `student` [ RunTime:0.002771s ]
SQL: SELECT * FROM `student` WHERE `stu_xuehao` = 0 LIMIT 1   [ RunTime:0.003429s ]
INFO: [ app_end ] --START--
INFO: Run Behavior\ShowPageTraceBehavior [ RunTime:0.000894s ]
INFO: [ app_end ] --END-- [ RunTime:0.000941s ]

[ 2014-08-29T20:28:27+08:00 ] 127.0.0.1 /NewFace/index.php/Home/Index/check_login
INFO: [ app_begin ] --START--
INFO: Run Behavior\ReadHtmlCacheBehavior [ RunTime:0.000753s ]
INFO: [ app_begin ] --END-- [ RunTime:0.001223s ]
SQL: SHOW COLUMNS FROM `student` [ RunTime:0.002850s ]
SQL: SELECT * FROM `student` WHERE `stu_xuehao` = 0 LIMIT 1   [ RunTime:0.003363s ]
INFO: [ app_end ] --START--
INFO: Run Behavior\ShowPageTraceBehavior [ RunTime:0.000866s ]
INFO: [ app_end ] --END-- [ RunTime:0.000907s ]

[ 2014-08-29T20:28:27+08:00 ] 127.0.0.1 /NewFace/index.php/Home/Index/check_login
INFO: [ app_begin ] --START--
INFO: Run Behavior\ReadHtmlCacheBehavior [ RunTime:0.000749s ]
INFO: [ app_begin ] --END-- [ RunTime:0.001230s ]
SQL: SHOW COLUMNS FROM `student` [ RunTime:0.002734s ]
SQL: SELECT * FROM `student` WHERE `stu_xuehao` = 0 LIMIT 1   [ RunTime:0.003377s ]
INFO: [ app_end ] --START--
INFO: Run Behavior\ShowPageTraceBehavior [ RunTime:0.000865s ]
INFO: [ app_end ] --END-- [ RunTime:0.000911s ]

[ 2014-08-29T20:28:27+08:00 ] 127.0.0.1 /NewFace/index.php/Home/Index/check_login
INFO: [ app_begin ] --START--
INFO: Run Behavior\ReadHtmlCacheBehavior [ RunTime:0.000740s ]
INFO: [ app_begin ] --END-- [ RunTime:0.001196s ]
SQL: SHOW COLUMNS FROM `student` [ RunTime:0.003045s ]
SQL: SELECT * FROM `student` WHERE `stu_xuehao` = 0 LIMIT 1   [ RunTime:0.003414s ]
INFO: [ app_end ] --START--
INFO: Run Behavior\ShowPageTraceBehavior [ RunTime:0.000860s ]
INFO: [ app_end ] --END-- [ RunTime:0.000904s ]

[ 2014-08-29T20:28:29+08:00 ] 127.0.0.1 /NewFace/index.php/Home/Index/check_login
INFO: [ app_begin ] --START--
INFO: Run Behavior\ReadHtmlCacheBehavior [ RunTime:0.000680s ]
INFO: [ app_begin ] --END-- [ RunTime:0.001122s ]
SQL: SHOW COLUMNS FROM `student` [ RunTime:0.002802s ]
SQL: SELECT * FROM `student` WHERE `stu_xuehao` = 0 LIMIT 1   [ RunTime:0.003021s ]
INFO: [ app_end ] --START--
INFO: Run Behavior\ShowPageTraceBehavior [ RunTime:0.000764s ]
INFO: [ app_end ] --END-- [ RunTime:0.000802s ]

[ 2014-08-29T20:28:29+08:00 ] 127.0.0.1 /NewFace/index.php/Home/Index/check_login
INFO: [ app_begin ] --START--
INFO: Run Behavior\ReadHtmlCacheBehavior [ RunTime:0.000759s ]
INFO: [ app_begin ] --END-- [ RunTime:0.001247s ]
SQL: SHOW COLUMNS FROM `student` [ RunTime:0.002801s ]
SQL: SELECT * FROM `student` WHERE `stu_xuehao` = 0 LIMIT 1   [ RunTime:0.003516s ]
INFO: [ app_end ] --START--
INFO: Run Behavior\ShowPageTraceBehavior [ RunTime:0.000893s ]
INFO: [ app_end ] --END-- [ RunTime:0.000941s ]

[ 2014-08-29T20:28:29+08:00 ] 127.0.0.1 /NewFace/index.php/Home/Index/check_login
INFO: [ app_begin ] --START--
INFO: Run Behavior\ReadHtmlCacheBehavior [ RunTime:0.000738s ]
INFO: [ app_begin ] --END-- [ RunTime:0.001230s ]
SQL: SHOW COLUMNS FROM `student` [ RunTime:0.003607s ]
SQL: SELECT * FROM `student` WHERE `stu_xuehao` = 0 LIMIT 1   [ RunTime:0.003422s ]
INFO: [ app_end ] --START--
INFO: Run Behavior\ShowPageTraceBehavior [ RunTime:0.000836s ]
INFO: [ app_end ] --END-- [ RunTime:0.000878s ]

[ 2014-08-29T20:31:03+08:00 ] 127.0.0.1 /NewFace/index.php/Home/Index/check_login
INFO: [ app_begin ] --START--
INFO: Run Behavior\ReadHtmlCacheBehavior [ RunTime:0.000776s ]
INFO: [ app_begin ] --END-- [ RunTime:0.001234s ]
SQL: SHOW COLUMNS FROM `student` [ RunTime:0.002979s ]
SQL: SELECT * FROM `student` WHERE `stu_xuehao` = 0 LIMIT 1   [ RunTime:0.028491s ]
INFO: [ app_end ] --START--
INFO: Run Behavior\ShowPageTraceBehavior [ RunTime:0.000946s ]
INFO: [ app_end ] --END-- [ RunTime:0.001002s ]

[ 2014-08-29T20:31:04+08:00 ] 127.0.0.1 /NewFace/index.php/Home/Index/check_login
INFO: [ app_begin ] --START--
INFO: Run Behavior\ReadHtmlCacheBehavior [ RunTime:0.000742s ]
INFO: [ app_begin ] --END-- [ RunTime:0.001205s ]
SQL: SHOW COLUMNS FROM `student` [ RunTime:0.002822s ]
SQL: SELECT * FROM `student` WHERE `stu_xuehao` = 0 LIMIT 1   [ RunTime:0.002863s ]
INFO: [ app_end ] --START--
INFO: Run Behavior\ShowPageTraceBehavior [ RunTime:0.000909s ]
INFO: [ app_end ] --END-- [ RunTime:0.000955s ]

[ 2014-08-29T20:31:04+08:00 ] 127.0.0.1 /NewFace/index.php/Home/Index/check_login
INFO: [ app_begin ] --START--
INFO: Run Behavior\ReadHtmlCacheBehavior [ RunTime:0.000724s ]
INFO: [ app_begin ] --END-- [ RunTime:0.001187s ]
SQL: SHOW COLUMNS FROM `student` [ RunTime:0.002803s ]
SQL: SELECT * FROM `student` WHERE `stu_xuehao` = 0 LIMIT 1   [ RunTime:0.003222s ]
INFO: [ app_end ] --START--
INFO: Run Behavior\ShowPageTraceBehavior [ RunTime:0.000741s ]
INFO: [ app_end ] --END-- [ RunTime:0.000782s ]

[ 2014-08-29T20:31:04+08:00 ] 127.0.0.1 /NewFace/index.php/Home/Index/check_login
INFO: [ app_begin ] --START--
INFO: Run Behavior\ReadHtmlCacheBehavior [ RunTime:0.000697s ]
INFO: [ app_begin ] --END-- [ RunTime:0.001154s ]
SQL: SHOW COLUMNS FROM `student` [ RunTime:0.002987s ]
SQL: SELECT * FROM `student` WHERE `stu_xuehao` = 0 LIMIT 1   [ RunTime:0.003455s ]
INFO: [ app_end ] --START--
INFO: Run Behavior\ShowPageTraceBehavior [ RunTime:0.000833s ]
INFO: [ app_end ] --END-- [ RunTime:0.000874s ]

[ 2014-08-29T20:31:10+08:00 ] 127.0.0.1 /NewFace/index.php/Home/Index/check_login
INFO: [ app_begin ] --START--
INFO: Run Behavior\ReadHtmlCacheBehavior [ RunTime:0.001207s ]
INFO: [ app_begin ] --END-- [ RunTime:0.001944s ]
SQL: SHOW COLUMNS FROM `student` [ RunTime:0.002875s ]
SQL: SELECT * FROM `student` WHERE `stu_xuehao` = 0 LIMIT 1   [ RunTime:0.002951s ]
INFO: [ app_end ] --START--
INFO: Run Behavior\ShowPageTraceBehavior [ RunTime:0.000740s ]
INFO: [ app_end ] --END-- [ RunTime:0.000774s ]

[ 2014-08-29T20:31:10+08:00 ] 127.0.0.1 /NewFace/index.php/Home/Index/check_login
INFO: [ app_begin ] --START--
INFO: Run Behavior\ReadHtmlCacheBehavior [ RunTime:0.000724s ]
INFO: [ app_begin ] --END-- [ RunTime:0.001106s ]
SQL: SHOW COLUMNS FROM `student` [ RunTime:0.002760s ]
SQL: SELECT * FROM `student` WHERE `stu_xuehao` = 0 LIMIT 1   [ RunTime:0.003340s ]
INFO: [ app_end ] --START--
INFO: Run Behavior\ShowPageTraceBehavior [ RunTime:0.000769s ]
INFO: [ app_end ] --END-- [ RunTime:0.000806s ]

[ 2014-08-29T20:31:14+08:00 ] 127.0.0.1 /NewFace/index.php/Home/Index/check_login
INFO: [ app_begin ] --START--
INFO: Run Behavior\ReadHtmlCacheBehavior [ RunTime:0.000702s ]
INFO: [ app_begin ] --END-- [ RunTime:0.001210s ]
SQL: SHOW COLUMNS FROM `student` [ RunTime:0.003096s ]
SQL: SELECT * FROM `student` WHERE `stu_xuehao` = 0 LIMIT 1   [ RunTime:0.003785s ]
INFO: [ app_end ] --START--
INFO: Run Behavior\ShowPageTraceBehavior [ RunTime:0.000886s ]
INFO: [ app_end ] --END-- [ RunTime:0.000936s ]

[ 2014-08-29T20:31:14+08:00 ] 127.0.0.1 /NewFace/index.php/Home/Index/check_login
INFO: [ app_begin ] --START--
INFO: Run Behavior\ReadHtmlCacheBehavior [ RunTime:0.000797s ]
INFO: [ app_begin ] --END-- [ RunTime:0.001267s ]
SQL: SHOW COLUMNS FROM `student` [ RunTime:0.002801s ]
SQL: SELECT * FROM `student` WHERE `stu_xuehao` = 0 LIMIT 1   [ RunTime:0.003213s ]
INFO: [ app_end ] --START--
INFO: Run Behavior\ShowPageTraceBehavior [ RunTime:0.000760s ]
INFO: [ app_end ] --END-- [ RunTime:0.000798s ]

[ 2014-08-29T20:31:30+08:00 ] 127.0.0.1 /NewFace/index.php/Home/Index/check_login
INFO: [ app_begin ] --START--
INFO: Run Behavior\ReadHtmlCacheBehavior [ RunTime:0.000780s ]
INFO: [ app_begin ] --END-- [ RunTime:0.001261s ]
SQL: SHOW COLUMNS FROM `student` [ RunTime:0.003562s ]
SQL: SELECT * FROM `student` WHERE `stu_xuehao` = 0 LIMIT 1   [ RunTime:0.003453s ]
INFO: [ app_end ] --START--
INFO: Run Behavior\ShowPageTraceBehavior [ RunTime:0.000899s ]
INFO: [ app_end ] --END-- [ RunTime:0.000940s ]

[ 2014-08-29T20:31:31+08:00 ] 127.0.0.1 /NewFace/index.php/Home/Index/check_login
INFO: [ app_begin ] --START--
INFO: Run Behavior\ReadHtmlCacheBehavior [ RunTime:0.000781s ]
INFO: [ app_begin ] --END-- [ RunTime:0.001262s ]
SQL: SHOW COLUMNS FROM `student` [ RunTime:0.021125s ]
SQL: SELECT * FROM `student` WHERE `stu_xuehao` = 0 LIMIT 1   [ RunTime:0.003413s ]
INFO: [ app_end ] --START--
INFO: Run Behavior\ShowPageTraceBehavior [ RunTime:0.000888s ]
INFO: [ app_end ] --END-- [ RunTime:0.000930s ]

[ 2014-08-29T20:31:31+08:00 ] 127.0.0.1 /NewFace/index.php/Home/Index/check_login
INFO: [ app_begin ] --START--
INFO: Run Behavior\ReadHtmlCacheBehavior [ RunTime:0.000787s ]
INFO: [ app_begin ] --END-- [ RunTime:0.001196s ]
SQL: SHOW COLUMNS FROM `student` [ RunTime:0.003042s ]
SQL: SELECT * FROM `student` WHERE `stu_xuehao` = 0 LIMIT 1   [ RunTime:0.003380s ]
INFO: [ app_end ] --START--
INFO: Run Behavior\ShowPageTraceBehavior [ RunTime:0.000876s ]
INFO: [ app_end ] --END-- [ RunTime:0.000917s ]

[ 2014-08-29T20:31:31+08:00 ] 127.0.0.1 /NewFace/index.php/Home/Index/check_login
INFO: [ app_begin ] --START--
INFO: Run Behavior\ReadHtmlCacheBehavior [ RunTime:0.000665s ]
INFO: [ app_begin ] --END-- [ RunTime:0.001063s ]
SQL: SHOW COLUMNS FROM `student` [ RunTime:0.003473s ]
SQL: SELECT * FROM `student` WHERE `stu_xuehao` = 0 LIMIT 1   [ RunTime:0.003615s ]
INFO: [ app_end ] --START--
INFO: Run Behavior\ShowPageTraceBehavior [ RunTime:0.001173s ]
INFO: [ app_end ] --END-- [ RunTime:0.001247s ]

[ 2014-08-29T20:31:38+08:00 ] 127.0.0.1 /NewFace/index.php/Home/Index/check_login
INFO: [ app_begin ] --START--
INFO: Run Behavior\ReadHtmlCacheBehavior [ RunTime:0.000783s ]
INFO: [ app_begin ] --END-- [ RunTime:0.001239s ]
SQL: SHOW COLUMNS FROM `student` [ RunTime:0.003354s ]
SQL: SELECT * FROM `student` WHERE `stu_xuehao` = 0 LIMIT 1   [ RunTime:0.003460s ]
INFO: [ app_end ] --START--
INFO: Run Behavior\ShowPageTraceBehavior [ RunTime:0.000897s ]
INFO: [ app_end ] --END-- [ RunTime:0.000938s ]

[ 2014-08-29T20:31:41+08:00 ] 127.0.0.1 /NewFace/index.php/Home/Index/check_login
INFO: [ app_begin ] --START--
INFO: Run Behavior\ReadHtmlCacheBehavior [ RunTime:0.000773s ]
INFO: [ app_begin ] --END-- [ RunTime:0.001218s ]
SQL: SHOW COLUMNS FROM `student` [ RunTime:0.002820s ]
SQL: SELECT * FROM `student` WHERE `stu_xuehao` = 0 LIMIT 1   [ RunTime:0.002819s ]
INFO: [ app_end ] --START--
INFO: Run Behavior\ShowPageTraceBehavior [ RunTime:0.000800s ]
INFO: [ app_end ] --END-- [ RunTime:0.000843s ]

[ 2014-08-29T20:31:42+08:00 ] 127.0.0.1 /NewFace/index.php/Home/Index/check_login
INFO: [ app_begin ] --START--
INFO: Run Behavior\ReadHtmlCacheBehavior [ RunTime:0.000801s ]
INFO: [ app_begin ] --END-- [ RunTime:0.001271s ]
SQL: SHOW COLUMNS FROM `student` [ RunTime:0.002956s ]
SQL: SELECT * FROM `student` WHERE `stu_xuehao` = 0 LIMIT 1   [ RunTime:0.003413s ]
INFO: [ app_end ] --START--
INFO: Run Behavior\ShowPageTraceBehavior [ RunTime:0.000901s ]
INFO: [ app_end ] --END-- [ RunTime:0.000942s ]

[ 2014-08-29T20:33:03+08:00 ] 127.0.0.1 /NewFace/index.php/Home/Index/check_login
INFO: [ app_begin ] --START--
INFO: Run Behavior\ReadHtmlCacheBehavior [ RunTime:0.001183s ]
INFO: [ app_begin ] --END-- [ RunTime:0.001875s ]
SQL: SHOW COLUMNS FROM `student` [ RunTime:0.002644s ]
SQL: SELECT * FROM `student` WHERE `stu_xuehao` = 0 LIMIT 1   [ RunTime:0.002911s ]
INFO: [ app_end ] --START--
INFO: Run Behavior\ShowPageTraceBehavior [ RunTime:0.000744s ]
INFO: [ app_end ] --END-- [ RunTime:0.000782s ]

[ 2014-08-29T20:33:04+08:00 ] 127.0.0.1 /NewFace/index.php/Home/Index/check_login
INFO: [ app_begin ] --START--
INFO: Run Behavior\ReadHtmlCacheBehavior [ RunTime:0.000715s ]
INFO: [ app_begin ] --END-- [ RunTime:0.001153s ]
SQL: SHOW COLUMNS FROM `student` [ RunTime:0.002996s ]
SQL: SELECT * FROM `student` WHERE `stu_xuehao` = 0 LIMIT 1   [ RunTime:0.003460s ]
INFO: [ app_end ] --START--
INFO: Run Behavior\ShowPageTraceBehavior [ RunTime:0.000836s ]
INFO: [ app_end ] --END-- [ RunTime:0.000876s ]

[ 2014-08-29T20:33:09+08:00 ] 127.0.0.1 /NewFace/index.php/Home/Index/check_login
INFO: [ app_begin ] --START--
INFO: Run Behavior\ReadHtmlCacheBehavior [ RunTime:0.000768s ]
INFO: [ app_begin ] --END-- [ RunTime:0.001226s ]
SQL: SHOW COLUMNS FROM `student` [ RunTime:0.002802s ]
SQL: SELECT * FROM `student` WHERE `stu_xuehao` = 2014211524 LIMIT 1   [ RunTime:0.000385s ]
SQL: SELECT * FROM `student` WHERE `stu_xuehao` = 2014211524 AND `stu_idcard` = 'SDFDF' LIMIT 1   [ RunTime:0.003455s ]
INFO: [ app_end ] --START--
INFO: Run Behavior\ShowPageTraceBehavior [ RunTime:0.000844s ]
INFO: [ app_end ] --END-- [ RunTime:0.000887s ]

[ 2014-08-29T20:33:10+08:00 ] 127.0.0.1 /NewFace/index.php/Home/Index/check_login
INFO: [ app_begin ] --START--
INFO: Run Behavior\ReadHtmlCacheBehavior [ RunTime:0.000732s ]
INFO: [ app_begin ] --END-- [ RunTime:0.001187s ]
SQL: SHOW COLUMNS FROM `student` [ RunTime:0.003002s ]
SQL: SELECT * FROM `student` WHERE `stu_xuehao` = 2014211524 LIMIT 1   [ RunTime:0.024703s ]
SQL: SELECT * FROM `student` WHERE `stu_xuehao` = 2014211524 AND `stu_idcard` = 'SDFDF' LIMIT 1   [ RunTime:0.047928s ]
INFO: [ app_end ] --START--
INFO: Run Behavior\ShowPageTraceBehavior [ RunTime:0.000834s ]
INFO: [ app_end ] --END-- [ RunTime:0.000875s ]

[ 2014-08-29T20:33:10+08:00 ] 127.0.0.1 /NewFace/index.php/Home/Index/check_login
INFO: [ app_begin ] --START--
INFO: Run Behavior\ReadHtmlCacheBehavior [ RunTime:0.000732s ]
INFO: [ app_begin ] --END-- [ RunTime:0.001196s ]
SQL: SHOW COLUMNS FROM `student` [ RunTime:0.002678s ]
SQL: SELECT * FROM `student` WHERE `stu_xuehao` = 2014211524 LIMIT 1   [ RunTime:0.000365s ]
SQL: SELECT * FROM `student` WHERE `stu_xuehao` = 2014211524 AND `stu_idcard` = 'SDFDF' LIMIT 1   [ RunTime:0.003168s ]
INFO: [ app_end ] --START--
INFO: Run Behavior\ShowPageTraceBehavior [ RunTime:0.000793s ]
INFO: [ app_end ] --END-- [ RunTime:0.000833s ]

[ 2014-08-29T20:33:10+08:00 ] 127.0.0.1 /NewFace/index.php/Home/Index/check_login
INFO: [ app_begin ] --START--
INFO: Run Behavior\ReadHtmlCacheBehavior [ RunTime:0.000734s ]
INFO: [ app_begin ] --END-- [ RunTime:0.001211s ]
SQL: SHOW COLUMNS FROM `student` [ RunTime:0.002840s ]
SQL: SELECT * FROM `student` WHERE `stu_xuehao` = 2014211524 LIMIT 1   [ RunTime:0.000375s ]
SQL: SELECT * FROM `student` WHERE `stu_xuehao` = 2014211524 AND `stu_idcard` = 'SDFDF' LIMIT 1   [ RunTime:0.003398s ]
INFO: [ app_end ] --START--
INFO: Run Behavior\ShowPageTraceBehavior [ RunTime:0.000976s ]
INFO: [ app_end ] --END-- [ RunTime:0.001020s ]

[ 2014-08-29T20:33:11+08:00 ] 127.0.0.1 /NewFace/index.php/Home/Index/check_login
INFO: [ app_begin ] --START--
INFO: Run Behavior\ReadHtmlCacheBehavior [ RunTime:0.000690s ]
INFO: [ app_begin ] --END-- [ RunTime:0.001095s ]
SQL: SHOW COLUMNS FROM `student` [ RunTime:0.002766s ]
SQL: SELECT * FROM `student` WHERE `stu_xuehao` = 2014211524 LIMIT 1   [ RunTime:0.000372s ]
SQL: SELECT * FROM `student` WHERE `stu_xuehao` = 2014211524 AND `stu_idcard` = 'SDFDF' LIMIT 1   [ RunTime:0.003041s ]
INFO: [ app_end ] --START--
INFO: Run Behavior\ShowPageTraceBehavior [ RunTime:0.000797s ]
INFO: [ app_end ] --END-- [ RunTime:0.000836s ]

[ 2014-08-29T20:33:14+08:00 ] 127.0.0.1 /NewFace/index.php/Home/Index/check_login
INFO: [ app_begin ] --START--
INFO: Run Behavior\ReadHtmlCacheBehavior [ RunTime:0.000732s ]
INFO: [ app_begin ] --END-- [ RunTime:0.001197s ]
SQL: SHOW COLUMNS FROM `student` [ RunTime:0.002893s ]
SQL: SELECT * FROM `student` WHERE `stu_xuehao` = 2014211524 LIMIT 1   [ RunTime:0.000401s ]
SQL: SELECT * FROM `student` WHERE `stu_xuehao` = 2014211524 AND `stu_idcard` = 'SDFDF' LIMIT 1   [ RunTime:0.003783s ]
INFO: [ app_end ] --START--
INFO: Run Behavior\ShowPageTraceBehavior [ RunTime:0.000863s ]
INFO: [ app_end ] --END-- [ RunTime:0.000904s ]

[ 2014-08-29T20:33:14+08:00 ] 127.0.0.1 /NewFace/index.php/Home/Index/check_login
INFO: [ app_begin ] --START--
INFO: Run Behavior\ReadHtmlCacheBehavior [ RunTime:0.000744s ]
INFO: [ app_begin ] --END-- [ RunTime:0.001179s ]
SQL: SHOW COLUMNS FROM `student` [ RunTime:0.002919s ]
SQL: SELECT * FROM `student` WHERE `stu_xuehao` = 2014211524 LIMIT 1   [ RunTime:0.000382s ]
SQL: SELECT * FROM `student` WHERE `stu_xuehao` = 2014211524 AND `stu_idcard` = 'SDFDF' LIMIT 1   [ RunTime:0.003359s ]
INFO: [ app_end ] --START--
INFO: Run Behavior\ShowPageTraceBehavior [ RunTime:0.000856s ]
INFO: [ app_end ] --END-- [ RunTime:0.000898s ]

[ 2014-08-29T20:33:14+08:00 ] 127.0.0.1 /NewFace/index.php/Home/Index/check_login
INFO: [ app_begin ] --START--
INFO: Run Behavior\ReadHtmlCacheBehavior [ RunTime:0.000747s ]
INFO: [ app_begin ] --END-- [ RunTime:0.001208s ]
SQL: SHOW COLUMNS FROM `student` [ RunTime:0.003012s ]
SQL: SELECT * FROM `student` WHERE `stu_xuehao` = 2014211524 LIMIT 1   [ RunTime:0.000450s ]
SQL: SELECT * FROM `student` WHERE `stu_xuehao` = 2014211524 AND `stu_idcard` = 'SDFDF' LIMIT 1   [ RunTime:0.003401s ]
INFO: [ app_end ] --START--
INFO: Run Behavior\ShowPageTraceBehavior [ RunTime:0.000834s ]
INFO: [ app_end ] --END-- [ RunTime:0.000874s ]

[ 2014-08-29T20:33:14+08:00 ] 127.0.0.1 /NewFace/index.php/Home/Index/check_login
INFO: [ app_begin ] --START--
INFO: Run Behavior\ReadHtmlCacheBehavior [ RunTime:0.000731s ]
INFO: [ app_begin ] --END-- [ RunTime:0.001194s ]
SQL: SHOW COLUMNS FROM `student` [ RunTime:0.002697s ]
SQL: SELECT * FROM `student` WHERE `stu_xuehao` = 2014211524 LIMIT 1   [ RunTime:0.000400s ]
SQL: SELECT * FROM `student` WHERE `stu_xuehao` = 2014211524 AND `stu_idcard` = 'SDFDF' LIMIT 1   [ RunTime:0.003147s ]
INFO: [ app_end ] --START--
INFO: Run Behavior\ShowPageTraceBehavior [ RunTime:0.000741s ]
INFO: [ app_end ] --END-- [ RunTime:0.000775s ]

[ 2014-08-29T20:33:15+08:00 ] 127.0.0.1 /NewFace/index.php/Home/Index/check_login
INFO: [ app_begin ] --START--
INFO: Run Behavior\ReadHtmlCacheBehavior [ RunTime:0.000737s ]
INFO: [ app_begin ] --END-- [ RunTime:0.001197s ]
SQL: SHOW COLUMNS FROM `student` [ RunTime:0.026673s ]
SQL: SELECT * FROM `student` WHERE `stu_xuehao` = 2014211524 LIMIT 1   [ RunTime:0.000459s ]
SQL: SELECT * FROM `student` WHERE `stu_xuehao` = 2014211524 AND `stu_idcard` = 'SDFDF' LIMIT 1   [ RunTime:0.004419s ]
INFO: [ app_end ] --START--
INFO: Run Behavior\ShowPageTraceBehavior [ RunTime:0.000740s ]
INFO: [ app_end ] --END-- [ RunTime:0.000776s ]

[ 2014-08-29T20:33:24+08:00 ] 127.0.0.1 /NewFace/index.php/Home/Index/check_login
INFO: [ app_begin ] --START--
INFO: Run Behavior\ReadHtmlCacheBehavior [ RunTime:0.000691s ]
INFO: [ app_begin ] --END-- [ RunTime:0.001197s ]
SQL: SHOW COLUMNS FROM `student` [ RunTime:0.003103s ]
SQL: SELECT * FROM `student` WHERE `stu_xuehao` = 2014211524 LIMIT 1   [ RunTime:0.000386s ]
SQL: SELECT * FROM `student` WHERE `stu_xuehao` = 2014211524 AND `stu_idcard` = 'SDFDF' LIMIT 1   [ RunTime:0.003021s ]
INFO: [ app_end ] --START--
INFO: Run Behavior\ShowPageTraceBehavior [ RunTime:0.000712s ]
INFO: [ app_end ] --END-- [ RunTime:0.000750s ]

[ 2014-08-29T20:33:24+08:00 ] 127.0.0.1 /NewFace/index.php/Home/Index/check_login
INFO: [ app_begin ] --START--
INFO: Run Behavior\ReadHtmlCacheBehavior [ RunTime:0.000644s ]
INFO: [ app_begin ] --END-- [ RunTime:0.001046s ]
SQL: SHOW COLUMNS FROM `student` [ RunTime:0.002804s ]
SQL: SELECT * FROM `student` WHERE `stu_xuehao` = 2014211524 LIMIT 1   [ RunTime:0.042774s ]
SQL: SELECT * FROM `student` WHERE `stu_xuehao` = 2014211524 AND `stu_idcard` = 'SDFDF' LIMIT 1   [ RunTime:0.002981s ]
INFO: [ app_end ] --START--
INFO: Run Behavior\ShowPageTraceBehavior [ RunTime:0.000727s ]
INFO: [ app_end ] --END-- [ RunTime:0.000765s ]

[ 2014-08-29T20:33:24+08:00 ] 127.0.0.1 /NewFace/index.php/Home/Index/check_login
INFO: [ app_begin ] --START--
INFO: Run Behavior\ReadHtmlCacheBehavior [ RunTime:0.000664s ]
INFO: [ app_begin ] --END-- [ RunTime:0.001002s ]
SQL: SHOW COLUMNS FROM `student` [ RunTime:0.002914s ]
SQL: SELECT * FROM `student` WHERE `stu_xuehao` = 2014211524 LIMIT 1   [ RunTime:0.016267s ]
SQL: SELECT * FROM `student` WHERE `stu_xuehao` = 2014211524 AND `stu_idcard` = 'SDFDF' LIMIT 1   [ RunTime:0.003375s ]
INFO: [ app_end ] --START--
INFO: Run Behavior\ShowPageTraceBehavior [ RunTime:0.000785s ]
INFO: [ app_end ] --END-- [ RunTime:0.000831s ]

[ 2014-08-29T20:33:27+08:00 ] 127.0.0.1 /NewFace/index.php/Home/Index/check_login
INFO: [ app_begin ] --START--
INFO: Run Behavior\ReadHtmlCacheBehavior [ RunTime:0.000861s ]
INFO: [ app_begin ] --END-- [ RunTime:0.001325s ]
SQL: SHOW COLUMNS FROM `student` [ RunTime:0.002911s ]
SQL: SELECT * FROM `student` WHERE `stu_xuehao` = 2014211524 LIMIT 1   [ RunTime:0.000400s ]
SQL: SELECT * FROM `student` WHERE `stu_xuehao` = 2014211524 AND `stu_idcard` = 'SDFDF' LIMIT 1   [ RunTime:0.003114s ]
INFO: [ app_end ] --START--
INFO: Run Behavior\ShowPageTraceBehavior [ RunTime:0.000936s ]
INFO: [ app_end ] --END-- [ RunTime:0.000978s ]

[ 2014-08-29T20:33:27+08:00 ] 127.0.0.1 /NewFace/index.php/Home/Index/check_login
INFO: [ app_begin ] --START--
INFO: Run Behavior\ReadHtmlCacheBehavior [ RunTime:0.000742s ]
INFO: [ app_begin ] --END-- [ RunTime:0.001199s ]
SQL: SHOW COLUMNS FROM `student` [ RunTime:0.002760s ]
SQL: SELECT * FROM `student` WHERE `stu_xuehao` = 2014211524 LIMIT 1   [ RunTime:0.000368s ]
SQL: SELECT * FROM `student` WHERE `stu_xuehao` = 2014211524 AND `stu_idcard` = 'SDFDF' LIMIT 1   [ RunTime:0.003388s ]
INFO: [ app_end ] --START--
INFO: Run Behavior\ShowPageTraceBehavior [ RunTime:0.000877s ]
INFO: [ app_end ] --END-- [ RunTime:0.000916s ]

[ 2014-08-29T20:33:32+08:00 ] 127.0.0.1 /NewFace/index.php/Home/Index/check_login
INFO: [ app_begin ] --START--
INFO: Run Behavior\ReadHtmlCacheBehavior [ RunTime:0.000746s ]
INFO: [ app_begin ] --END-- [ RunTime:0.001244s ]
SQL: SHOW COLUMNS FROM `student` [ RunTime:0.002971s ]
SQL: SELECT * FROM `student` WHERE `stu_xuehao` = 2014211524 LIMIT 1   [ RunTime:0.000401s ]
SQL: SELECT * FROM `student` WHERE `stu_xuehao` = 2014211524 AND `stu_idcard` = 'SDFDF' LIMIT 1   [ RunTime:0.003417s ]
INFO: [ app_end ] --START--
INFO: Run Behavior\ShowPageTraceBehavior [ RunTime:0.000828s ]
INFO: [ app_end ] --END-- [ RunTime:0.000868s ]

[ 2014-08-29T20:33:33+08:00 ] 127.0.0.1 /NewFace/index.php/Home/Index/check_login
INFO: [ app_begin ] --START--
INFO: Run Behavior\ReadHtmlCacheBehavior [ RunTime:0.000710s ]
INFO: [ app_begin ] --END-- [ RunTime:0.001250s ]
SQL: SHOW COLUMNS FROM `student` [ RunTime:0.002745s ]
SQL: SELECT * FROM `student` WHERE `stu_xuehao` = 2014211524 LIMIT 1   [ RunTime:0.000368s ]
SQL: SELECT * FROM `student` WHERE `stu_xuehao` = 2014211524 AND `stu_idcard` = 'SDFDF' LIMIT 1   [ RunTime:0.003705s ]
INFO: [ app_end ] --START--
INFO: Run Behavior\ShowPageTraceBehavior [ RunTime:0.000748s ]
INFO: [ app_end ] --END-- [ RunTime:0.000784s ]

[ 2014-08-29T20:33:43+08:00 ] 127.0.0.1 /NewFace/index.php/Home/Index/check_login
INFO: [ app_begin ] --START--
INFO: Run Behavior\ReadHtmlCacheBehavior [ RunTime:0.000780s ]
INFO: [ app_begin ] --END-- [ RunTime:0.001267s ]
SQL: SHOW COLUMNS FROM `student` [ RunTime:0.002837s ]
SQL: SELECT * FROM `student` WHERE `stu_xuehao` = 2014211524 LIMIT 1   [ RunTime:0.000421s ]
SQL: SELECT * FROM `student` WHERE `stu_xuehao` = 2014211524 AND `stu_idcard` = 'SDFDF' LIMIT 1   [ RunTime:0.003443s ]
INFO: [ app_end ] --START--
INFO: Run Behavior\ShowPageTraceBehavior [ RunTime:0.000855s ]
INFO: [ app_end ] --END-- [ RunTime:0.000898s ]

[ 2014-08-29T20:33:44+08:00 ] 127.0.0.1 /NewFace/index.php/Home/Index/check_login
INFO: [ app_begin ] --START--
INFO: Run Behavior\ReadHtmlCacheBehavior [ RunTime:0.000569s ]
INFO: [ app_begin ] --END-- [ RunTime:0.000931s ]
SQL: SHOW COLUMNS FROM `student` [ RunTime:0.003549s ]
SQL: SELECT * FROM `student` WHERE `stu_xuehao` = 2014211524 LIMIT 1   [ RunTime:0.000554s ]
SQL: SELECT * FROM `student` WHERE `stu_xuehao` = 2014211524 AND `stu_idcard` = 'SDFDF' LIMIT 1   [ RunTime:0.005394s ]
INFO: [ app_end ] --START--
INFO: Run Behavior\ShowPageTraceBehavior [ RunTime:0.001104s ]
INFO: [ app_end ] --END-- [ RunTime:0.001174s ]

[ 2014-08-29T20:33:45+08:00 ] 127.0.0.1 /NewFace/index.php/Home/Index/check_login
INFO: [ app_begin ] --START--
INFO: Run Behavior\ReadHtmlCacheBehavior [ RunTime:0.000708s ]
INFO: [ app_begin ] --END-- [ RunTime:0.001166s ]
SQL: SHOW COLUMNS FROM `student` [ RunTime:0.002974s ]
SQL: SELECT * FROM `student` WHERE `stu_xuehao` = 2014211524 LIMIT 1   [ RunTime:0.000377s ]
SQL: SELECT * FROM `student` WHERE `stu_xuehao` = 2014211524 AND `stu_idcard` = 'SDFDF' LIMIT 1   [ RunTime:0.003427s ]
INFO: [ app_end ] --START--
INFO: Run Behavior\ShowPageTraceBehavior [ RunTime:0.000855s ]
INFO: [ app_end ] --END-- [ RunTime:0.000895s ]

[ 2014-08-29T20:34:00+08:00 ] 127.0.0.1 /NewFace/index.php/Home/Index/check_login
INFO: [ app_begin ] --START--
INFO: Run Behavior\ReadHtmlCacheBehavior [ RunTime:0.001027s ]
INFO: [ app_begin ] --END-- [ RunTime:0.001607s ]
SQL: SHOW COLUMNS FROM `student` [ RunTime:0.003430s ]
SQL: SELECT * FROM `student` WHERE `stu_xuehao` = 2014210339 LIMIT 1   [ RunTime:0.011151s ]
SQL: SELECT * FROM `student` WHERE `stu_xuehao` = 2014210339 AND `stu_idcard` = 'SDFDF' LIMIT 1   [ RunTime:0.003081s ]
INFO: [ app_end ] --START--
INFO: Run Behavior\ShowPageTraceBehavior [ RunTime:0.000781s ]
INFO: [ app_end ] --END-- [ RunTime:0.000826s ]

[ 2014-08-29T20:34:01+08:00 ] 127.0.0.1 /NewFace/index.php/Home/Index/check_login
INFO: [ app_begin ] --START--
INFO: Run Behavior\ReadHtmlCacheBehavior [ RunTime:0.000752s ]
INFO: [ app_begin ] --END-- [ RunTime:0.001215s ]
SQL: SHOW COLUMNS FROM `student` [ RunTime:0.003025s ]
SQL: SELECT * FROM `student` WHERE `stu_xuehao` = 2014210339 LIMIT 1   [ RunTime:0.000807s ]
SQL: SELECT * FROM `student` WHERE `stu_xuehao` = 2014210339 AND `stu_idcard` = 'SDFDF' LIMIT 1   [ RunTime:0.003422s ]
INFO: [ app_end ] --START--
INFO: Run Behavior\ShowPageTraceBehavior [ RunTime:0.000826s ]
INFO: [ app_end ] --END-- [ RunTime:0.000870s ]

[ 2014-08-29T20:34:02+08:00 ] 127.0.0.1 /NewFace/index.php/Home/Index/check_login
INFO: [ app_begin ] --START--
INFO: Run Behavior\ReadHtmlCacheBehavior [ RunTime:0.000752s ]
INFO: [ app_begin ] --END-- [ RunTime:0.001227s ]
SQL: SHOW COLUMNS FROM `student` [ RunTime:0.002801s ]
SQL: SELECT * FROM `student` WHERE `stu_xuehao` = 2014210339 LIMIT 1   [ RunTime:0.000782s ]
SQL: SELECT * FROM `student` WHERE `stu_xuehao` = 2014210339 AND `stu_idcard` = 'SDFDF' LIMIT 1   [ RunTime:0.003368s ]
INFO: [ app_end ] --START--
INFO: Run Behavior\ShowPageTraceBehavior [ RunTime:0.000862s ]
INFO: [ app_end ] --END-- [ RunTime:0.000906s ]

[ 2014-08-29T20:34:47+08:00 ] 127.0.0.1 /NewFace/index.php/Home/Index/check_login
INFO: [ app_begin ] --START--
INFO: Run Behavior\ReadHtmlCacheBehavior [ RunTime:0.001187s ]
INFO: [ app_begin ] --END-- [ RunTime:0.001852s ]
SQL: SHOW COLUMNS FROM `student` [ RunTime:0.004015s ]
SQL: SELECT * FROM `student` WHERE `stu_xuehao` = 2014210339 LIMIT 1   [ RunTime:0.001136s ]
SQL: SELECT * FROM `student` WHERE `stu_xuehao` = 2014210339 AND `stu_idcard` = 'SDFDF' LIMIT 1   [ RunTime:0.005063s ]
INFO: [ app_end ] --START--
INFO: Run Behavior\ShowPageTraceBehavior [ RunTime:0.001279s ]
INFO: [ app_end ] --END-- [ RunTime:0.001333s ]

[ 2014-08-29T20:34:49+08:00 ] 127.0.0.1 /NewFace/index.php/Home/Index/check_login
INFO: [ app_begin ] --START--
INFO: Run Behavior\ReadHtmlCacheBehavior [ RunTime:0.000833s ]
INFO: [ app_begin ] --END-- [ RunTime:0.001325s ]
SQL: SHOW COLUMNS FROM `student` [ RunTime:0.003027s ]
SQL: SELECT * FROM `student` WHERE `stu_xuehao` = 2014210339 LIMIT 1   [ RunTime:0.000710s ]
SQL: SELECT * FROM `student` WHERE `stu_xuehao` = 2014210339 AND `stu_idcard` = 'SDFDF' LIMIT 1   [ RunTime:0.002989s ]
INFO: [ app_end ] --START--
INFO: Run Behavior\ShowPageTraceBehavior [ RunTime:0.000799s ]
INFO: [ app_end ] --END-- [ RunTime:0.000845s ]

[ 2014-08-29T20:34:50+08:00 ] 127.0.0.1 /NewFace/index.php/Home/Index/check_login
INFO: [ app_begin ] --START--
INFO: Run Behavior\ReadHtmlCacheBehavior [ RunTime:0.000835s ]
INFO: [ app_begin ] --END-- [ RunTime:0.001294s ]
SQL: SHOW COLUMNS FROM `student` [ RunTime:0.002920s ]
SQL: SELECT * FROM `student` WHERE `stu_xuehao` = 2014210339 LIMIT 1   [ RunTime:0.000766s ]
SQL: SELECT * FROM `student` WHERE `stu_xuehao` = 2014210339 AND `stu_idcard` = 'SDFDF' LIMIT 1   [ RunTime:0.003455s ]
INFO: [ app_end ] --START--
INFO: Run Behavior\ShowPageTraceBehavior [ RunTime:0.001074s ]
INFO: [ app_end ] --END-- [ RunTime:0.001121s ]

[ 2014-08-29T20:34:55+08:00 ] 127.0.0.1 /NewFace/index.php/Home/Index/check_login
INFO: [ app_begin ] --START--
INFO: Run Behavior\ReadHtmlCacheBehavior [ RunTime:0.000737s ]
INFO: [ app_begin ] --END-- [ RunTime:0.001204s ]
SQL: SHOW COLUMNS FROM `student` [ RunTime:0.002956s ]
SQL: SELECT * FROM `student` WHERE `stu_xuehao` = 2014210339 LIMIT 1   [ RunTime:0.000966s ]
SQL: SELECT * FROM `student` WHERE `stu_xuehao` = 2014210339 AND `stu_idcard` = 'SDFDF' LIMIT 1   [ RunTime:0.003442s ]
INFO: [ app_end ] --START--
INFO: Run Behavior\ShowPageTraceBehavior [ RunTime:0.000853s ]
INFO: [ app_end ] --END-- [ RunTime:0.000900s ]

[ 2014-08-29T20:34:56+08:00 ] 127.0.0.1 /NewFace/index.php/Home/Index/check_login
INFO: [ app_begin ] --START--
INFO: Run Behavior\ReadHtmlCacheBehavior [ RunTime:0.000782s ]
INFO: [ app_begin ] --END-- [ RunTime:0.001240s ]
SQL: SHOW COLUMNS FROM `student` [ RunTime:0.002869s ]
SQL: SELECT * FROM `student` WHERE `stu_xuehao` = 2014210339 LIMIT 1   [ RunTime:0.000774s ]
SQL: SELECT * FROM `student` WHERE `stu_xuehao` = 2014210339 AND `stu_idcard` = 'SDFDF' LIMIT 1   [ RunTime:0.003345s ]
INFO: [ app_end ] --START--
INFO: Run Behavior\ShowPageTraceBehavior [ RunTime:0.000919s ]
INFO: [ app_end ] --END-- [ RunTime:0.000967s ]

[ 2014-08-29T20:35:02+08:00 ] 127.0.0.1 /NewFace/index.php/Home/Index/check_login
INFO: [ app_begin ] --START--
INFO: Run Behavior\ReadHtmlCacheBehavior [ RunTime:0.000742s ]
INFO: [ app_begin ] --END-- [ RunTime:0.001152s ]
SQL: SHOW COLUMNS FROM `student` [ RunTime:0.002676s ]
SQL: SELECT * FROM `student` WHERE `stu_xuehao` = 0 LIMIT 1   [ RunTime:0.003057s ]
INFO: [ app_end ] --START--
INFO: Run Behavior\ShowPageTraceBehavior [ RunTime:0.000898s ]
INFO: [ app_end ] --END-- [ RunTime:0.000957s ]

[ 2014-08-29T20:35:06+08:00 ] 127.0.0.1 /NewFace/index.php/Home/Index/check_login
INFO: [ app_begin ] --START--
INFO: Run Behavior\ReadHtmlCacheBehavior [ RunTime:0.000779s ]
INFO: [ app_begin ] --END-- [ RunTime:0.001180s ]
SQL: SHOW COLUMNS FROM `student` [ RunTime:0.002939s ]
SQL: SELECT * FROM `student` WHERE `stu_xuehao` = 0 LIMIT 1   [ RunTime:0.003040s ]
INFO: [ app_end ] --START--
INFO: Run Behavior\ShowPageTraceBehavior [ RunTime:0.000792s ]
INFO: [ app_end ] --END-- [ RunTime:0.000832s ]

[ 2014-08-29T20:35:08+08:00 ] 127.0.0.1 /NewFace/index.php/Home/Index/check_login
INFO: [ app_begin ] --START--
INFO: Run Behavior\ReadHtmlCacheBehavior [ RunTime:0.000970s ]
INFO: [ app_begin ] --END-- [ RunTime:0.001575s ]
SQL: SHOW COLUMNS FROM `student` [ RunTime:0.002791s ]
SQL: SELECT * FROM `student` WHERE `stu_xuehao` = 0 LIMIT 1   [ RunTime:0.003199s ]
INFO: [ app_end ] --START--
INFO: Run Behavior\ShowPageTraceBehavior [ RunTime:0.000752s ]
INFO: [ app_end ] --END-- [ RunTime:0.000792s ]

[ 2014-08-29T20:35:14+08:00 ] 127.0.0.1 /NewFace/index.php/Home/Index/check_login
INFO: [ app_begin ] --START--
INFO: Run Behavior\ReadHtmlCacheBehavior [ RunTime:0.000834s ]
INFO: [ app_begin ] --END-- [ RunTime:0.001302s ]
SQL: SHOW COLUMNS FROM `student` [ RunTime:0.002978s ]
SQL: SELECT * FROM `student` WHERE `stu_xuehao` = 2014211524 LIMIT 1   [ RunTime:0.000398s ]
SQL: SELECT * FROM `student` WHERE `stu_xuehao` = 2014211524 AND `stu_idcard` = '身份证后6位' LIMIT 1   [ RunTime:0.003395s ]
INFO: [ app_end ] --START--
INFO: Run Behavior\ShowPageTraceBehavior [ RunTime:0.001134s ]
INFO: [ app_end ] --END-- [ RunTime:0.001190s ]

[ 2014-08-29T20:35:40+08:00 ] 127.0.0.1 /NewFace/index.php/Home/Index/check_login
INFO: [ app_begin ] --START--
INFO: Run Behavior\ReadHtmlCacheBehavior [ RunTime:0.000840s ]
INFO: [ app_begin ] --END-- [ RunTime:0.001284s ]
SQL: SHOW COLUMNS FROM `student` [ RunTime:0.003384s ]
SQL: SELECT * FROM `student` WHERE `stu_xuehao` = 2014211726 LIMIT 1   [ RunTime:0.000818s ]
SQL: SELECT * FROM `student` WHERE `stu_xuehao` = 2014211726 AND `stu_idcard` = '306033' LIMIT 1   [ RunTime:0.000752s ]
INFO: [ app_end ] --START--
INFO: Run Behavior\ShowPageTraceBehavior [ RunTime:0.000930s ]
INFO: [ app_end ] --END-- [ RunTime:0.000970s ]

[ 2014-08-29T20:35:44+08:00 ] 127.0.0.1 /NewFace/index.php/Home/Index/check_login
INFO: [ app_begin ] --START--
INFO: Run Behavior\ReadHtmlCacheBehavior [ RunTime:0.000871s ]
INFO: [ app_begin ] --END-- [ RunTime:0.001345s ]
SQL: SHOW COLUMNS FROM `student` [ RunTime:0.002881s ]
SQL: SELECT * FROM `student` WHERE `stu_xuehao` = 2014211726 LIMIT 1   [ RunTime:0.000973s ]
SQL: SELECT * FROM `student` WHERE `stu_xuehao` = 2014211726 AND `stu_idcard` = '306033' LIMIT 1   [ RunTime:0.000713s ]
INFO: [ app_end ] --START--
INFO: Run Behavior\ShowPageTraceBehavior [ RunTime:0.000896s ]
INFO: [ app_end ] --END-- [ RunTime:0.000937s ]

[ 2014-08-29T20:35:49+08:00 ] 127.0.0.1 /NewFace/index.php/Home/Index/check_login
INFO: [ app_begin ] --START--
INFO: Run Behavior\ReadHtmlCacheBehavior [ RunTime:0.000845s ]
INFO: [ app_begin ] --END-- [ RunTime:0.001318s ]
SQL: SHOW COLUMNS FROM `student` [ RunTime:0.002902s ]
SQL: SELECT * FROM `student` WHERE `stu_xuehao` = 2014211726 LIMIT 1   [ RunTime:0.001135s ]
SQL: SELECT * FROM `student` WHERE `stu_xuehao` = 2014211726 AND `stu_idcard` = '306033' LIMIT 1   [ RunTime:0.000776s ]
INFO: [ app_end ] --START--
INFO: Run Behavior\ShowPageTraceBehavior [ RunTime:0.000901s ]
INFO: [ app_end ] --END-- [ RunTime:0.000945s ]

[ 2014-08-29T20:35:50+08:00 ] 127.0.0.1 /NewFace/index.php/Home/Index/check_login
INFO: [ app_begin ] --START--
INFO: Run Behavior\ReadHtmlCacheBehavior [ RunTime:0.000833s ]
INFO: [ app_begin ] --END-- [ RunTime:0.001270s ]
SQL: SHOW COLUMNS FROM `student` [ RunTime:0.002993s ]
SQL: SELECT * FROM `student` WHERE `stu_xuehao` = 2014211726 LIMIT 1   [ RunTime:0.000777s ]
SQL: SELECT * FROM `student` WHERE `stu_xuehao` = 2014211726 AND `stu_idcard` = '306033' LIMIT 1   [ RunTime:0.000717s ]
INFO: [ app_end ] --START--
INFO: Run Behavior\ShowPageTraceBehavior [ RunTime:0.000950s ]
INFO: [ app_end ] --END-- [ RunTime:0.000992s ]

[ 2014-08-29T20:35:52+08:00 ] 127.0.0.1 /NewFace/index.php/Home/Index/check_login
INFO: [ app_begin ] --START--
INFO: Run Behavior\ReadHtmlCacheBehavior [ RunTime:0.000844s ]
INFO: [ app_begin ] --END-- [ RunTime:0.001298s ]
SQL: SHOW COLUMNS FROM `student` [ RunTime:0.002750s ]
SQL: SELECT * FROM `student` WHERE `stu_xuehao` = 2014211726 LIMIT 1   [ RunTime:0.000907s ]
SQL: SELECT * FROM `student` WHERE `stu_xuehao` = 2014211726 AND `stu_idcard` = '306033' LIMIT 1   [ RunTime:0.000810s ]
INFO: [ app_end ] --START--
INFO: Run Behavior\ShowPageTraceBehavior [ RunTime:0.000949s ]
INFO: [ app_end ] --END-- [ RunTime:0.000990s ]

[ 2014-08-29T20:35:54+08:00 ] 127.0.0.1 /NewFace/index.php/Home/Index/check_login
INFO: [ app_begin ] --START--
INFO: Run Behavior\ReadHtmlCacheBehavior [ RunTime:0.000863s ]
INFO: [ app_begin ] --END-- [ RunTime:0.001322s ]
SQL: SHOW COLUMNS FROM `student` [ RunTime:0.002887s ]
SQL: SELECT * FROM `student` WHERE `stu_xuehao` = 2014211726 LIMIT 1   [ RunTime:0.000802s ]
SQL: SELECT * FROM `student` WHERE `stu_xuehao` = 2014211726 AND `stu_idcard` = '306033' LIMIT 1   [ RunTime:0.000761s ]
INFO: [ app_end ] --START--
INFO: Run Behavior\ShowPageTraceBehavior [ RunTime:0.000932s ]
INFO: [ app_end ] --END-- [ RunTime:0.000973s ]

[ 2014-08-29T20:36:10+08:00 ] 127.0.0.1 /NewFace/index.php/Home/Index/check_login
INFO: [ app_begin ] --START--
INFO: Run Behavior\ReadHtmlCacheBehavior [ RunTime:0.001212s ]
INFO: [ app_begin ] --END-- [ RunTime:0.001900s ]
SQL: SHOW COLUMNS FROM `student` [ RunTime:0.002859s ]
SQL: SELECT * FROM `student` WHERE `stu_xuehao` = 2014211726 LIMIT 1   [ RunTime:0.000731s ]
SQL: SELECT * FROM `student` WHERE `stu_xuehao` = 2014211726 AND `stu_idcard` = '306033' LIMIT 1   [ RunTime:0.000603s ]
INFO: [ app_end ] --START--
INFO: Run Behavior\ShowPageTraceBehavior [ RunTime:0.000873s ]
INFO: [ app_end ] --END-- [ RunTime:0.000912s ]

[ 2014-08-29T20:36:12+08:00 ] 127.0.0.1 /NewFace/index.php/Home/Index/check_login
INFO: [ app_begin ] --START--
INFO: Run Behavior\ReadHtmlCacheBehavior [ RunTime:0.000771s ]
INFO: [ app_begin ] --END-- [ RunTime:0.001235s ]
SQL: SHOW COLUMNS FROM `student` [ RunTime:0.021591s ]
SQL: SELECT * FROM `student` WHERE `stu_xuehao` = 2014211726 LIMIT 1   [ RunTime:0.000763s ]
SQL: SELECT * FROM `student` WHERE `stu_xuehao` = 2014211726 AND `stu_idcard` = '306033' LIMIT 1   [ RunTime:0.000849s ]
INFO: [ app_end ] --START--
INFO: Run Behavior\ShowPageTraceBehavior [ RunTime:0.001228s ]
INFO: [ app_end ] --END-- [ RunTime:0.001330s ]

[ 2014-08-29T20:38:23+08:00 ] 127.0.0.1 /NewFace/index.php/Home/Index/check_login
INFO: [ app_begin ] --START--
INFO: Run Behavior\ReadHtmlCacheBehavior [ RunTime:0.001192s ]
INFO: [ app_begin ] --END-- [ RunTime:0.001888s ]
SQL: SHOW COLUMNS FROM `student` [ RunTime:0.002857s ]
SQL: SELECT * FROM `student` WHERE `stu_xuehao` = 2014211726 LIMIT 1   [ RunTime:0.000836s ]
SQL: SELECT * FROM `student` WHERE `stu_xuehao` = 2014211726 AND `stu_idcard` = '306033' LIMIT 1   [ RunTime:0.000732s ]
INFO: [ app_end ] --START--
INFO: Run Behavior\ShowPageTraceBehavior [ RunTime:0.000919s ]
INFO: [ app_end ] --END-- [ RunTime:0.000961s ]

[ 2014-08-29T20:39:18+08:00 ] 127.0.0.1 /NewFace/index.php/Home/Index/check_login
INFO: [ app_begin ] --START--
INFO: Run Behavior\ReadHtmlCacheBehavior [ RunTime:0.000914s ]
INFO: [ app_begin ] --END-- [ RunTime:0.001453s ]
SQL: SHOW COLUMNS FROM `student` [ RunTime:0.003457s ]
SQL: SELECT * FROM `student` WHERE `stu_xuehao` = 2014211726 LIMIT 1   [ RunTime:0.000982s ]
SQL: SELECT * FROM `student` WHERE `stu_xuehao` = 2014211726 AND `stu_idcard` = '306033' LIMIT 1   [ RunTime:0.000910s ]
INFO: [ app_end ] --START--
INFO: Run Behavior\ShowPageTraceBehavior [ RunTime:0.001024s ]
INFO: [ app_end ] --END-- [ RunTime:0.001070s ]

[ 2014-08-29T20:39:20+08:00 ] 127.0.0.1 /NewFace/index.php/Home/Index/check_login
INFO: [ app_begin ] --START--
INFO: Run Behavior\ReadHtmlCacheBehavior [ RunTime:0.000886s ]
INFO: [ app_begin ] --END-- [ RunTime:0.001420s ]
SQL: SHOW COLUMNS FROM `student` [ RunTime:0.003029s ]
SQL: SELECT * FROM `student` WHERE `stu_xuehao` = 2014211726 LIMIT 1   [ RunTime:0.000805s ]
SQL: SELECT * FROM `student` WHERE `stu_xuehao` = 2014211726 AND `stu_idcard` = '306033' LIMIT 1   [ RunTime:0.000724s ]
INFO: [ app_end ] --START--
INFO: Run Behavior\ShowPageTraceBehavior [ RunTime:0.000953s ]
INFO: [ app_end ] --END-- [ RunTime:0.001007s ]

[ 2014-08-29T20:39:29+08:00 ] 127.0.0.1 /NewFace/index.php/Home/Index/check_login
INFO: [ app_begin ] --START--
INFO: Run Behavior\ReadHtmlCacheBehavior [ RunTime:0.000777s ]
INFO: [ app_begin ] --END-- [ RunTime:0.001253s ]
SQL: SHOW COLUMNS FROM `student` [ RunTime:0.002951s ]
SQL: SELECT * FROM `student` WHERE `stu_xuehao` = 2014211524 LIMIT 1   [ RunTime:0.000392s ]
SQL: SELECT * FROM `student` WHERE `stu_xuehao` = 2014211524 AND `stu_idcard` = '身份证后6位' LIMIT 1   [ RunTime:0.003381s ]
INFO: [ app_end ] --START--
INFO: Run Behavior\ShowPageTraceBehavior [ RunTime:0.000882s ]
INFO: [ app_end ] --END-- [ RunTime:0.000925s ]

[ 2014-08-29T20:39:45+08:00 ] 127.0.0.1 /NewFace/index.php/Home/Index/check_login
INFO: [ app_begin ] --START--
INFO: Run Behavior\ReadHtmlCacheBehavior [ RunTime:0.000694s ]
INFO: [ app_begin ] --END-- [ RunTime:0.001038s ]
SQL: SHOW COLUMNS FROM `student` [ RunTime:0.002873s ]
SQL: SELECT * FROM `student` WHERE `stu_xuehao` = 2014211726 LIMIT 1   [ RunTime:0.000807s ]
SQL: SELECT * FROM `student` WHERE `stu_xuehao` = 2014211726 AND `stu_idcard` = '306033' LIMIT 1   [ RunTime:0.000722s ]
INFO: [ app_end ] --START--
INFO: Run Behavior\ShowPageTraceBehavior [ RunTime:0.000808s ]
INFO: [ app_end ] --END-- [ RunTime:0.000854s ]

[ 2014-08-29T20:40:32+08:00 ] 127.0.0.1 /NewFace/index.php/Home/Index/check_login
INFO: [ app_begin ] --START--
INFO: Run Behavior\ReadHtmlCacheBehavior [ RunTime:0.001355s ]
INFO: [ app_begin ] --END-- [ RunTime:0.002159s ]
SQL: SHOW COLUMNS FROM `student` [ RunTime:0.002998s ]
SQL: SELECT * FROM `student` WHERE `stu_xuehao` = 2014211726 LIMIT 1   [ RunTime:0.000927s ]
SQL: SELECT * FROM `student` WHERE `stu_xuehao` = 2014211726 AND `stu_idcard` = '306033' LIMIT 1   [ RunTime:0.000827s ]
INFO: [ app_end ] --START--
INFO: Run Behavior\ShowPageTraceBehavior [ RunTime:0.000880s ]
INFO: [ app_end ] --END-- [ RunTime:0.000920s ]

[ 2014-08-29T20:40:36+08:00 ] 127.0.0.1 /NewFace/index.php/Home/Index/check_login
INFO: [ app_begin ] --START--
INFO: Run Behavior\ReadHtmlCacheBehavior [ RunTime:0.000719s ]
INFO: [ app_begin ] --END-- [ RunTime:0.001172s ]
SQL: SHOW COLUMNS FROM `student` [ RunTime:0.002512s ]
SQL: SELECT * FROM `student` WHERE `stu_xuehao` = 2014211726 LIMIT 1   [ RunTime:0.000718s ]
SQL: SELECT * FROM `student` WHERE `stu_xuehao` = 2014211726 AND `stu_idcard` = '306033' LIMIT 1   [ RunTime:0.000627s ]
INFO: [ app_end ] --START--
INFO: Run Behavior\ShowPageTraceBehavior [ RunTime:0.000650s ]
INFO: [ app_end ] --END-- [ RunTime:0.000684s ]

[ 2014-08-29T20:42:40+08:00 ] 127.0.0.1 /NewFace/index.php/Home/Index/check_login
INFO: [ app_begin ] --START--
INFO: Run Behavior\ReadHtmlCacheBehavior [ RunTime:0.002023s ]
INFO: [ app_begin ] --END-- [ RunTime:0.003286s ]
SQL: SHOW COLUMNS FROM `student` [ RunTime:0.002683s ]
SQL: SELECT * FROM `student` WHERE `stu_xuehao` = 2014211726 LIMIT 1   [ RunTime:0.000731s ]
SQL: SELECT * FROM `student` WHERE `stu_xuehao` = 2014211726 AND `stu_idcard` = '306033' LIMIT 1   [ RunTime:0.000617s ]
INFO: [ app_end ] --START--
INFO: Run Behavior\ShowPageTraceBehavior [ RunTime:0.000924s ]
INFO: [ app_end ] --END-- [ RunTime:0.000969s ]

[ 2014-08-29T20:42:51+08:00 ] 127.0.0.1 /NewFace/index.php/Home/Index/check_login
INFO: [ app_begin ] --START--
INFO: Run Behavior\ReadHtmlCacheBehavior [ RunTime:0.000789s ]
INFO: [ app_begin ] --END-- [ RunTime:0.001265s ]
SQL: SHOW COLUMNS FROM `student` [ RunTime:0.002752s ]
SQL: SELECT * FROM `student` WHERE `stu_xuehao` = 2014211726 LIMIT 1   [ RunTime:0.000771s ]
SQL: SELECT * FROM `student` WHERE `stu_xuehao` = 2014211726 AND `stu_idcard` = '306033' LIMIT 1   [ RunTime:0.000865s ]
INFO: [ app_end ] --START--
INFO: Run Behavior\ShowPageTraceBehavior [ RunTime:0.000855s ]
INFO: [ app_end ] --END-- [ RunTime:0.000898s ]

[ 2014-08-29T20:44:50+08:00 ] 127.0.0.1 /NewFace/index.php/Home/Index/check_login
INFO: [ app_begin ] --START--
INFO: Run Behavior\ReadHtmlCacheBehavior [ RunTime:0.001148s ]
INFO: [ app_begin ] --END-- [ RunTime:0.001853s ]
SQL: SHOW COLUMNS FROM `student` [ RunTime:0.029049s ]
SQL: SELECT * FROM `student` WHERE `stu_xuehao` = 2014211726 LIMIT 1   [ RunTime:0.002980s ]
SQL: SELECT * FROM `student` WHERE `stu_xuehao` = 2014211726 AND `stu_idcard` = '306033' LIMIT 1   [ RunTime:0.002313s ]
INFO: [ app_end ] --START--
INFO: Run Behavior\ShowPageTraceBehavior [ RunTime:0.002404s ]
INFO: [ app_end ] --END-- [ RunTime:0.002525s ]

[ 2014-08-29T20:45:09+08:00 ] 127.0.0.1 /NewFace/index.php/Home/Index/check_login
INFO: [ app_begin ] --START--
INFO: Run Behavior\ReadHtmlCacheBehavior [ RunTime:0.000691s ]
INFO: [ app_begin ] --END-- [ RunTime:0.001093s ]
SQL: SHOW COLUMNS FROM `student` [ RunTime:0.002655s ]
SQL: SELECT * FROM `student` WHERE `stu_xuehao` = 2014211726 LIMIT 1   [ RunTime:0.000745s ]
SQL: SELECT * FROM `student` WHERE `stu_xuehao` = 2014211726 AND `stu_idcard` = '306033' LIMIT 1   [ RunTime:0.000746s ]
INFO: [ app_end ] --START--
INFO: Run Behavior\ShowPageTraceBehavior [ RunTime:0.000846s ]
INFO: [ app_end ] --END-- [ RunTime:0.000884s ]

[ 2014-08-29T20:53:09+08:00 ] 127.0.0.1 /NewFace/index.php/Home/Index/check_login
INFO: [ app_begin ] --START--
INFO: Run Behavior\ReadHtmlCacheBehavior [ RunTime:0.000609s ]
INFO: [ app_begin ] --END-- [ RunTime:0.000962s ]
SQL: SHOW COLUMNS FROM `student` [ RunTime:0.045935s ]
SQL: SELECT * FROM `student` WHERE `stu_xuehao` = 2014 LIMIT 1   [ RunTime:0.011229s ]
INFO: [ app_end ] --START--
INFO: Run Behavior\ShowPageTraceBehavior [ RunTime:0.001573s ]
INFO: [ app_end ] --END-- [ RunTime:0.001665s ]

[ 2014-08-29T20:53:15+08:00 ] 127.0.0.1 /NewFace/index.php/Home/Index/check_login
INFO: [ app_begin ] --START--
INFO: Run Behavior\ReadHtmlCacheBehavior [ RunTime:0.000768s ]
INFO: [ app_begin ] --END-- [ RunTime:0.001242s ]
SQL: SHOW COLUMNS FROM `student` [ RunTime:0.002693s ]
SQL: SELECT * FROM `student` WHERE `stu_xuehao` = 2014214373 LIMIT 1   [ RunTime:0.002181s ]
SQL: SELECT * FROM `student` WHERE `stu_xuehao` = 2014214373 AND `stu_idcard` = '4324' LIMIT 1   [ RunTime:0.003406s ]
INFO: [ app_end ] --START--
INFO: Run Behavior\ShowPageTraceBehavior [ RunTime:0.000890s ]
INFO: [ app_end ] --END-- [ RunTime:0.000937s ]

[ 2014-08-29T20:53:23+08:00 ] 127.0.0.1 /NewFace/index.php/Home/Index/check_login
INFO: [ app_begin ] --START--
INFO: Run Behavior\ReadHtmlCacheBehavior [ RunTime:0.001159s ]
INFO: [ app_begin ] --END-- [ RunTime:0.001865s ]
SQL: SHOW COLUMNS FROM `student` [ RunTime:0.002768s ]
SQL: SELECT * FROM `student` WHERE `stu_xuehao` = 2014214373 LIMIT 1   [ RunTime:0.002743s ]
SQL: SELECT * FROM `student` WHERE `stu_xuehao` = 2014214373 AND `stu_idcard` = '183827' LIMIT 1   [ RunTime:0.002109s ]
SQL: SELECT * FROM `student` WHERE ( stu_xuehao=2014214373 ) LIMIT 1   [ RunTime:0.002091s ]
INFO: [ app_end ] --START--
INFO: Run Behavior\ShowPageTraceBehavior [ RunTime:0.000858s ]
INFO: [ app_end ] --END-- [ RunTime:0.000902s ]

[ 2014-08-29T20:56:13+08:00 ] 127.0.0.1 /NewFace/index.php/Home/Index/check_login
INFO: [ app_begin ] --START--
INFO: Run Behavior\ReadHtmlCacheBehavior [ RunTime:0.000820s ]
INFO: [ app_begin ] --END-- [ RunTime:0.001285s ]
SQL: SHOW COLUMNS FROM `student` [ RunTime:0.002811s ]
SQL: SELECT * FROM `student` WHERE `stu_xuehao` = 2014211726 LIMIT 1   [ RunTime:0.000865s ]
SQL: SELECT * FROM `student` WHERE `stu_xuehao` = 2014211726 AND `stu_idcard` = '身份证后6位' LIMIT 1   [ RunTime:0.003270s ]
INFO: [ app_end ] --START--
INFO: Run Behavior\ShowPageTraceBehavior [ RunTime:0.000797s ]
INFO: [ app_end ] --END-- [ RunTime:0.000833s ]

[ 2014-08-29T20:56:20+08:00 ] 127.0.0.1 /NewFace/index.php/Home/Index/check_login
INFO: [ app_begin ] --START--
INFO: Run Behavior\ReadHtmlCacheBehavior [ RunTime:0.001510s ]
INFO: [ app_begin ] --END-- [ RunTime:0.002394s ]
SQL: SHOW COLUMNS FROM `student` [ RunTime:0.006957s ]
SQL: SELECT * FROM `student` WHERE `stu_xuehao` = 2014211726 LIMIT 1   [ RunTime:0.001675s ]
SQL: SELECT * FROM `student` WHERE `stu_xuehao` = 2014211726 AND `stu_idcard` = '306033' LIMIT 1   [ RunTime:0.001496s ]
SQL: SELECT * FROM `student` WHERE ( stu_xuehao=2014211726 ) LIMIT 1   [ RunTime:0.001429s ]
INFO: [ app_end ] --START--
INFO: Run Behavior\ShowPageTraceBehavior [ RunTime:0.001714s ]
INFO: [ app_end ] --END-- [ RunTime:0.001800s ]

[ 2014-08-29T20:57:21+08:00 ] 127.0.0.1 /NewFace/index.php/Home/Index/...html
ERR: 非法操作:..

[ 2014-08-29T20:58:53+08:00 ] 127.0.0.1 /NewFace/index.php/Home/Index/check_login
INFO: [ app_begin ] --START--
INFO: Run Behavior\ReadHtmlCacheBehavior [ RunTime:0.001186s ]
INFO: [ app_begin ] --END-- [ RunTime:0.001838s ]
SQL: SHOW COLUMNS FROM `student` [ RunTime:0.003603s ]
SQL: SELECT * FROM `student` WHERE `stu_xuehao` = 2014214373 LIMIT 1   [ RunTime:0.002962s ]
SQL: SELECT * FROM `student` WHERE `stu_xuehao` = 2014214373 AND `stu_idcard` = '183827' LIMIT 1   [ RunTime:0.002872s ]
SQL: SELECT * FROM `student` WHERE ( stu_xuehao=2014214373 ) LIMIT 1   [ RunTime:0.002759s ]
INFO: [ app_end ] --START--
INFO: Run Behavior\ShowPageTraceBehavior [ RunTime:0.001414s ]
INFO: [ app_end ] --END-- [ RunTime:0.001477s ]

[ 2014-08-29T20:58:58+08:00 ] 127.0.0.1 /NewFace/index.php/Home/Index/Home.html
ERR: 非法操作:Home

[ 2014-08-29T21:15:13+08:00 ] 127.0.0.1 /NewFace/index.php/Home/Index/index.php/Home/Index/check_login
INFO: [ app_begin ] --START--
INFO: Run Behavior\ReadHtmlCacheBehavior [ RunTime:0.000969s ]
INFO: [ app_begin ] --END-- [ RunTime:0.001539s ]
ERR: 非法操作:index.php

[ 2014-08-29T21:15:21+08:00 ] 127.0.0.1 /NewFace/index.php/Home/Index/index.php/Home/Index/check_login
INFO: [ app_begin ] --START--
INFO: Run Behavior\ReadHtmlCacheBehavior [ RunTime:0.000823s ]
INFO: [ app_begin ] --END-- [ RunTime:0.001232s ]
ERR: 非法操作:index.php

[ 2014-08-29T21:15:36+08:00 ] 127.0.0.1 /NewFace/index.php/Home/Index/index.php/Home/Index/check_login
INFO: [ app_begin ] --START--
INFO: Run Behavior\ReadHtmlCacheBehavior [ RunTime:0.001178s ]
INFO: [ app_begin ] --END-- [ RunTime:0.001819s ]
ERR: 非法操作:index.php

[ 2014-08-29T21:17:36+08:00 ] 127.0.0.1 /NewFace/index.php/Home/Index/index.php/Home/Index/check_login
INFO: [ app_begin ] --START--
INFO: Run Behavior\ReadHtmlCacheBehavior [ RunTime:0.000614s ]
INFO: [ app_begin ] --END-- [ RunTime:0.001011s ]
ERR: 非法操作:index.php

[ 2014-08-29T21:23:59+08:00 ] 127.0.0.1 /NewFace/index.php/Home/Index/%7BHome/Index/check_login%7D
INFO: [ app_begin ] --START--
INFO: Run Behavior\ReadHtmlCacheBehavior [ RunTime:0.000785s ]
INFO: [ app_begin ] --END-- [ RunTime:0.001316s ]
ERR: 非法操作:{Home

[ 2014-08-29T21:39:30+08:00 ] 127.0.0.1 /NewFace/index.php/Home/Index/check_login
INFO: [ app_begin ] --START--
INFO: Run Behavior\ReadHtmlCacheBehavior [ RunTime:0.001088s ]
INFO: [ app_begin ] --END-- [ RunTime:0.001689s ]
SQL: SHOW COLUMNS FROM `student` [ RunTime:0.197904s ]
SQL: SELECT * FROM `student` WHERE `stu_xuehao` = 2014214377 LIMIT 1   [ RunTime:0.120035s ]
SQL: SELECT * FROM `student` WHERE `stu_xuehao` = 2014214377 AND `stu_idcard` = '183827' LIMIT 1   [ RunTime:0.098598s ]
INFO: [ app_end ] --START--
INFO: Run Behavior\ShowPageTraceBehavior [ RunTime:0.001613s ]
INFO: [ app_end ] --END-- [ RunTime:0.001756s ]

[ 2014-08-29T21:39:40+08:00 ] 127.0.0.1 /NewFace/index.php/Home/Index/check_login
INFO: [ app_begin ] --START--
INFO: Run Behavior\ReadHtmlCacheBehavior [ RunTime:0.001769s ]
INFO: [ app_begin ] --END-- [ RunTime:0.002693s ]
SQL: SHOW COLUMNS FROM `student` [ RunTime:0.056016s ]
SQL: SELECT * FROM `student` WHERE `stu_xuehao` = 2014214733 LIMIT 1   [ RunTime:0.022170s ]
INFO: [ app_end ] --START--
INFO: Run Behavior\ShowPageTraceBehavior [ RunTime:0.001865s ]
INFO: [ app_end ] --END-- [ RunTime:0.001959s ]

[ 2014-08-29T21:39:48+08:00 ] 127.0.0.1 /NewFace/index.php/Home/Index/check_login
INFO: [ app_begin ] --START--
INFO: Run Behavior\ReadHtmlCacheBehavior [ RunTime:0.000826s ]
INFO: [ app_begin ] --END-- [ RunTime:0.001445s ]
SQL: SHOW COLUMNS FROM `student` [ RunTime:0.007549s ]
SQL: SELECT * FROM `student` WHERE `stu_xuehao` = 2014214337 LIMIT 1   [ RunTime:0.002999s ]
SQL: SELECT * FROM `student` WHERE `stu_xuehao` = 2014214337 AND `stu_idcard` = '183827' LIMIT 1   [ RunTime:0.005385s ]
INFO: [ app_end ] --START--
INFO: Run Behavior\ShowPageTraceBehavior [ RunTime:0.001409s ]
INFO: [ app_end ] --END-- [ RunTime:0.001518s ]

[ 2014-08-29T21:40:32+08:00 ] 127.0.0.1 /NewFace/index.php/Home/Index/check_login
INFO: [ app_begin ] --START--
INFO: Run Behavior\ReadHtmlCacheBehavior [ RunTime:0.002094s ]
INFO: [ app_begin ] --END-- [ RunTime:0.003603s ]
SQL: SHOW COLUMNS FROM `student` [ RunTime:0.005135s ]
SQL: SELECT * FROM `student` WHERE `stu_xuehao` = 2014214373 LIMIT 1   [ RunTime:0.003108s ]
SQL: SELECT * FROM `student` WHERE `stu_xuehao` = 2014214373 AND `stu_idcard` = '183827' LIMIT 1   [ RunTime:0.003168s ]
SQL: SELECT * FROM `student` WHERE ( stu_xuehao=2014214373 ) LIMIT 1   [ RunTime:0.002973s ]
INFO: [ app_end ] --START--
INFO: Run Behavior\ShowPageTraceBehavior [ RunTime:0.001205s ]
INFO: [ app_end ] --END-- [ RunTime:0.001289s ]

[ 2014-08-29T21:49:59+08:00 ] 127.0.0.1 /NewFace/index.php/Home/Index/check_login
INFO: [ app_begin ] --START--
INFO: Run Behavior\ReadHtmlCacheBehavior [ RunTime:0.000747s ]
INFO: [ app_begin ] --END-- [ RunTime:0.001219s ]
SQL: SHOW COLUMNS FROM `student` [ RunTime:0.017837s ]
SQL: SELECT * FROM `student` WHERE `stu_xuehao` = 2014214373 LIMIT 1   [ RunTime:0.015178s ]
SQL: SELECT * FROM `student` WHERE `stu_xuehao` = 2014214373 AND `stu_idcard` = '1' LIMIT 1   [ RunTime:0.003744s ]
INFO: [ app_end ] --START--
INFO: Run Behavior\ShowPageTraceBehavior [ RunTime:0.000803s ]
INFO: [ app_end ] --END-- [ RunTime:0.000842s ]

[ 2014-08-29T21:50:04+08:00 ] 127.0.0.1 /NewFace/index.php/Home/Index/check_login
INFO: [ app_begin ] --START--
INFO: Run Behavior\ReadHtmlCacheBehavior [ RunTime:0.000666s ]
INFO: [ app_begin ] --END-- [ RunTime:0.001127s ]
SQL: SHOW COLUMNS FROM `student` [ RunTime:0.022119s ]
SQL: SELECT * FROM `student` WHERE `stu_xuehao` = 2014214373 LIMIT 1   [ RunTime:0.002319s ]
SQL: SELECT * FROM `student` WHERE `stu_xuehao` = 2014214373 AND `stu_idcard` = '183827' LIMIT 1   [ RunTime:0.002064s ]
SQL: SELECT * FROM `student` WHERE ( stu_xuehao=2014214373 ) LIMIT 1   [ RunTime:0.001797s ]
INFO: [ app_end ] --START--
INFO: Run Behavior\ShowPageTraceBehavior [ RunTime:0.000844s ]
INFO: [ app_end ] --END-- [ RunTime:0.000883s ]

[ 2014-08-29T21:51:05+08:00 ] 127.0.0.1 /NewFace/index.php/Home/Index/__URL__/check_login
INFO: [ app_begin ] --START--
INFO: Run Behavior\ReadHtmlCacheBehavior [ RunTime:0.000821s ]
INFO: [ app_begin ] --END-- [ RunTime:0.001285s ]
ERR: 非法操作:__URL__

[ 2014-08-29T21:59:10+08:00 ] 127.0.0.1 /NewFace/index.php/Home/Index/__URL__/check_login
INFO: [ app_begin ] --START--
INFO: Run Behavior\ReadHtmlCacheBehavior [ RunTime:0.000815s ]
INFO: [ app_begin ] --END-- [ RunTime:0.001302s ]
ERR: 非法操作:__URL__

[ 2014-08-29T21:59:17+08:00 ] 127.0.0.1 /NewFace/index.php/Home/Index/check_login
INFO: [ app_begin ] --START--
INFO: Run Behavior\ReadHtmlCacheBehavior [ RunTime:0.000792s ]
INFO: [ app_begin ] --END-- [ RunTime:0.001256s ]
SQL: SHOW COLUMNS FROM `student` [ RunTime:0.003366s ]
SQL: SELECT * FROM `student` WHERE `stu_xuehao` = 2342 LIMIT 1   [ RunTime:0.003604s ]
INFO: [ app_end ] --START--
INFO: Run Behavior\ShowPageTraceBehavior [ RunTime:0.000859s ]
INFO: [ app_end ] --END-- [ RunTime:0.000899s ]

[ 2014-08-29T21:59:24+08:00 ] 127.0.0.1 /NewFace/index.php/Home/Index/check_login
INFO: [ app_begin ] --START--
INFO: Run Behavior\ReadHtmlCacheBehavior [ RunTime:0.001668s ]
INFO: [ app_begin ] --END-- [ RunTime:0.002667s ]
SQL: SHOW COLUMNS FROM `student` [ RunTime:0.003557s ]
SQL: SELECT * FROM `student` WHERE `stu_xuehao` = 2014214373 LIMIT 1   [ RunTime:0.002216s ]
SQL: SELECT * FROM `student` WHERE `stu_xuehao` = 2014214373 AND `stu_idcard` = '身份证后6位' LIMIT 1   [ RunTime:0.003671s ]
INFO: [ app_end ] --START--
INFO: Run Behavior\ShowPageTraceBehavior [ RunTime:0.000869s ]
INFO: [ app_end ] --END-- [ RunTime:0.000911s ]

[ 2014-08-29T21:59:28+08:00 ] 127.0.0.1 /NewFace/index.php/Home/Index/check_login
INFO: [ app_begin ] --START--
INFO: Run Behavior\ReadHtmlCacheBehavior [ RunTime:0.000934s ]
INFO: [ app_begin ] --END-- [ RunTime:0.001394s ]
SQL: SHOW COLUMNS FROM `student` [ RunTime:0.031493s ]
SQL: SELECT * FROM `student` WHERE `stu_xuehao` = 2014214373 LIMIT 1   [ RunTime:0.002264s ]
SQL: SELECT * FROM `student` WHERE `stu_xuehao` = 2014214373 AND `stu_idcard` = '183827' LIMIT 1   [ RunTime:0.001907s ]
SQL: SELECT * FROM `student` WHERE ( stu_xuehao=2014214373 ) LIMIT 1   [ RunTime:0.001774s ]
INFO: [ app_end ] --START--
INFO: Run Behavior\ShowPageTraceBehavior [ RunTime:0.000805s ]
INFO: [ app_end ] --END-- [ RunTime:0.000845s ]

[ 2014-08-29T21:59:46+08:00 ] 127.0.0.1 /NewFace/index.php/Home/Index/check_login
INFO: [ app_begin ] --START--
INFO: Run Behavior\ReadHtmlCacheBehavior [ RunTime:0.000943s ]
INFO: [ app_begin ] --END-- [ RunTime:0.001421s ]
SQL: SHOW COLUMNS FROM `student` [ RunTime:0.019815s ]
SQL: SELECT * FROM `student` WHERE `stu_xuehao` = 2014214373 LIMIT 1   [ RunTime:0.018819s ]
SQL: SELECT * FROM `student` WHERE `stu_xuehao` = 2014214373 AND `stu_idcard` = '身份证后6位' LIMIT 1   [ RunTime:0.004666s ]
INFO: [ app_end ] --START--
INFO: Run Behavior\ShowPageTraceBehavior [ RunTime:0.000895s ]
INFO: [ app_end ] --END-- [ RunTime:0.000947s ]

[ 2014-08-29T21:59:52+08:00 ] 127.0.0.1 /NewFace/index.php/Home/Index/check_login
INFO: [ app_begin ] --START--
INFO: Run Behavior\ReadHtmlCacheBehavior [ RunTime:0.001071s ]
INFO: [ app_begin ] --END-- [ RunTime:0.001657s ]
SQL: SHOW COLUMNS FROM `student` [ RunTime:0.008266s ]
SQL: SELECT * FROM `student` WHERE `stu_xuehao` = 2014214373 LIMIT 1   [ RunTime:0.002195s ]
SQL: SELECT * FROM `student` WHERE `stu_xuehao` = 2014214373 AND `stu_idcard` = '183827' LIMIT 1   [ RunTime:0.001933s ]
SQL: SELECT * FROM `student` WHERE ( stu_xuehao=2014214373 ) LIMIT 1   [ RunTime:0.001936s ]
INFO: [ app_end ] --START--
INFO: Run Behavior\ShowPageTraceBehavior [ RunTime:0.000804s ]
INFO: [ app_end ] --END-- [ RunTime:0.000848s ]

