[ 2014-10-04T16:00:25+08:00 ] 127.0.0.1 /newface/
INFO: [ app_init ] --START--
INFO: Run Behavior\BuildLiteBehavior [ RunTime:0.000024s ]
INFO: [ app_init ] --END-- [ RunTime:0.000387s ]
INFO: [ app_begin ] --START--
INFO: Run Behavior\ReadHtmlCacheBehavior [ RunTime:0.000473s ]
INFO: [ app_begin ] --END-- [ RunTime:0.000550s ]
SQL: SHOW COLUMNS FROM `student` [ RunTime:0.001190s ]
SQL: SELECT * FROM `student` JOIN image ON student.stu_id=image.img_uid  ORDER BY stu_praise_count desc LIMIT 0,11   [ RunTime:0.002937s ]
INFO: [ view_parse ] --START--
INFO: [ template_filter ] --START--
INFO: Run Behavior\ContentReplaceBehavior [ RunTime:0.000189s ]
INFO: [ template_filter ] --END-- [ RunTime:0.000281s ]
NOTIC: [8] Undefined index: login /website/newface/Application/Runtime/Cache/Home/2a94b8bda04ff446dcedd42276fc99ee.php 第 33 行.
INFO: Run Behavior\ParseTemplateBehavior [ RunTime:0.012381s ]
INFO: [ view_parse ] --END-- [ RunTime:0.012459s ]
INFO: [ view_filter ] --START--
INFO: Run Behavior\WriteHtmlCacheBehavior [ RunTime:0.000156s ]
INFO: [ view_filter ] --END-- [ RunTime:0.000227s ]
INFO: [ app_end ] --START--
INFO: Run Behavior\ShowPageTraceBehavior [ RunTime:0.000490s ]
INFO: [ app_end ] --END-- [ RunTime:0.000573s ]

[ 2014-10-04T16:01:10+08:00 ] 127.0.0.1 /newface/index.php/Home/Index/academy
INFO: [ app_init ] --START--
INFO: Run Behavior\BuildLiteBehavior [ RunTime:0.000024s ]
INFO: [ app_init ] --END-- [ RunTime:0.000393s ]
INFO: [ app_begin ] --START--
INFO: Run Behavior\ReadHtmlCacheBehavior [ RunTime:0.000475s ]
INFO: [ app_begin ] --END-- [ RunTime:0.000548s ]
SQL: SHOW COLUMNS FROM `student` [ RunTime:0.001133s ]
NOTIC: [8] Undefined offset: 0 /website/newface/Application/Home/Controller/IndexController.class.php 第 52 行.
SQL: SELECT COUNT(*) AS tp_count FROM `student` JOIN image ON student.stu_id=image.img_uid  LIMIT 1   [ RunTime:0.001314s ]
SQL: SELECT `stu_id`,`stu_praise_count`,`img_name` FROM `student` JOIN image ON student.stu_id=image.img_uid  ORDER BY stu_praise_count desc LIMIT 11,11   [ RunTime:0.001629s ]
INFO: [ app_end ] --START--
INFO: Run Behavior\ShowPageTraceBehavior [ RunTime:0.000603s ]
INFO: [ app_end ] --END-- [ RunTime:0.000678s ]

[ 2014-10-04T16:01:15+08:00 ] 127.0.0.1 /newface/index.php/Home/Index/academy
INFO: [ app_init ] --START--
INFO: Run Behavior\BuildLiteBehavior [ RunTime:0.000023s ]
INFO: [ app_init ] --END-- [ RunTime:0.000393s ]
INFO: [ app_begin ] --START--
INFO: Run Behavior\ReadHtmlCacheBehavior [ RunTime:0.000472s ]
INFO: [ app_begin ] --END-- [ RunTime:0.000547s ]
SQL: SHOW COLUMNS FROM `student` [ RunTime:0.001079s ]
NOTIC: [8] Undefined offset: 0 /website/newface/Application/Home/Controller/IndexController.class.php 第 52 行.
SQL: SELECT COUNT(*) AS tp_count FROM `student` JOIN image ON student.stu_id=image.img_uid  LIMIT 1   [ RunTime:0.000097s ]
SQL: SELECT `stu_id`,`stu_praise_count`,`img_name` FROM `student` JOIN image ON student.stu_id=image.img_uid  ORDER BY stu_praise_count desc LIMIT 22,11   [ RunTime:0.001793s ]
INFO: [ app_end ] --START--
INFO: Run Behavior\ShowPageTraceBehavior [ RunTime:0.000519s ]
INFO: [ app_end ] --END-- [ RunTime:0.000594s ]

[ 2014-10-04T16:01:21+08:00 ] 127.0.0.1 /newface/index.php/Home/Index/detail
INFO: [ app_init ] --START--
INFO: Run Behavior\BuildLiteBehavior [ RunTime:0.000025s ]
INFO: [ app_init ] --END-- [ RunTime:0.000395s ]
INFO: [ app_begin ] --START--
INFO: Run Behavior\ReadHtmlCacheBehavior [ RunTime:0.000474s ]
INFO: [ app_begin ] --END-- [ RunTime:0.000550s ]
SQL: SHOW COLUMNS FROM `student` [ RunTime:0.001050s ]
SQL: SELECT `stu_id`,`img_name`,`stu_praise_count` FROM `student` JOIN image ON student.stu_id=image.img_uid  WHERE ( stu_id=103 ) LIMIT 1   [ RunTime:0.000391s ]
SQL: SHOW COLUMNS FROM `comment` [ RunTime:0.000574s ]
SQL: SELECT * FROM `comment` WHERE `com_pid` = 103  [ RunTime:0.000268s ]
SQL: SHOW COLUMNS FROM `student` [ RunTime:0.000640s ]
SQL: SELECT `stu_name` FROM `student` WHERE ( stu_id = '2761' ) LIMIT 1   [ RunTime:0.000167s ]
INFO: [ app_end ] --START--
INFO: Run Behavior\ShowPageTraceBehavior [ RunTime:0.000523s ]
INFO: [ app_end ] --END-- [ RunTime:0.000596s ]

[ 2014-10-04T16:01:24+08:00 ] 127.0.0.1 /newface/index.php/Home/Index/detail
INFO: [ app_init ] --START--
INFO: Run Behavior\BuildLiteBehavior [ RunTime:0.000023s ]
INFO: [ app_init ] --END-- [ RunTime:0.000383s ]
INFO: [ app_begin ] --START--
INFO: Run Behavior\ReadHtmlCacheBehavior [ RunTime:0.000469s ]
INFO: [ app_begin ] --END-- [ RunTime:0.000545s ]
SQL: SHOW COLUMNS FROM `student` [ RunTime:0.001162s ]
SQL: SELECT `stu_id`,`img_name`,`stu_praise_count` FROM `student` JOIN image ON student.stu_id=image.img_uid  WHERE ( stu_id=103 ) LIMIT 1   [ RunTime:0.000095s ]
SQL: SHOW COLUMNS FROM `comment` [ RunTime:0.000561s ]
SQL: SELECT * FROM `comment` WHERE `com_pid` = 103  [ RunTime:0.000074s ]
SQL: SHOW COLUMNS FROM `student` [ RunTime:0.000626s ]
SQL: SELECT `stu_name` FROM `student` WHERE ( stu_id = '2761' ) LIMIT 1   [ RunTime:0.000063s ]
INFO: [ app_end ] --START--
INFO: Run Behavior\ShowPageTraceBehavior [ RunTime:0.000513s ]
INFO: [ app_end ] --END-- [ RunTime:0.000584s ]

[ 2014-10-04T16:01:29+08:00 ] 127.0.0.1 /newface/index.php/Home/Index/detail
INFO: [ app_init ] --START--
INFO: Run Behavior\BuildLiteBehavior [ RunTime:0.000022s ]
INFO: [ app_init ] --END-- [ RunTime:0.000386s ]
INFO: [ app_begin ] --START--
INFO: Run Behavior\ReadHtmlCacheBehavior [ RunTime:0.000474s ]
INFO: [ app_begin ] --END-- [ RunTime:0.000547s ]
SQL: SHOW COLUMNS FROM `student` [ RunTime:0.001148s ]
SQL: SELECT `stu_id`,`img_name`,`stu_praise_count` FROM `student` JOIN image ON student.stu_id=image.img_uid  WHERE ( stu_id=4043 ) LIMIT 1   [ RunTime:0.000437s ]
SQL: SHOW COLUMNS FROM `comment` [ RunTime:0.000740s ]
SQL: SELECT * FROM `comment` WHERE `com_pid` = 4043  [ RunTime:0.000255s ]
NOTIC: [2] Invalid argument supplied for foreach() /website/newface/Application/Home/Controller/IndexController.class.php 第 141 行.
INFO: [ app_end ] --START--
INFO: Run Behavior\ShowPageTraceBehavior [ RunTime:0.000494s ]
INFO: [ app_end ] --END-- [ RunTime:0.000566s ]

[ 2014-10-04T16:01:33+08:00 ] 127.0.0.1 /newface/index.php/Home/Index/academy
INFO: [ app_init ] --START--
INFO: Run Behavior\BuildLiteBehavior [ RunTime:0.000024s ]
INFO: [ app_init ] --END-- [ RunTime:0.000398s ]
INFO: [ app_begin ] --START--
INFO: Run Behavior\ReadHtmlCacheBehavior [ RunTime:0.000480s ]
INFO: [ app_begin ] --END-- [ RunTime:0.000553s ]
SQL: SHOW COLUMNS FROM `student` [ RunTime:0.001102s ]
NOTIC: [8] Undefined offset: 0 /website/newface/Application/Home/Controller/IndexController.class.php 第 52 行.
SQL: SELECT COUNT(*) AS tp_count FROM `student` JOIN image ON student.stu_id=image.img_uid  LIMIT 1   [ RunTime:0.000089s ]
SQL: SELECT `stu_id`,`stu_praise_count`,`img_name` FROM `student` JOIN image ON student.stu_id=image.img_uid  ORDER BY stu_praise_count desc LIMIT 33,11   [ RunTime:0.001839s ]
INFO: [ app_end ] --START--
INFO: Run Behavior\ShowPageTraceBehavior [ RunTime:0.000517s ]
INFO: [ app_end ] --END-- [ RunTime:0.000590s ]

[ 2014-10-04T16:01:34+08:00 ] 127.0.0.1 /newface/index.php/Home/Index/academy
INFO: [ app_init ] --START--
INFO: Run Behavior\BuildLiteBehavior [ RunTime:0.000029s ]
INFO: [ app_init ] --END-- [ RunTime:0.000396s ]
INFO: [ app_begin ] --START--
INFO: Run Behavior\ReadHtmlCacheBehavior [ RunTime:0.000473s ]
INFO: [ app_begin ] --END-- [ RunTime:0.000547s ]
SQL: SHOW COLUMNS FROM `student` [ RunTime:0.001077s ]
NOTIC: [8] Undefined offset: 0 /website/newface/Application/Home/Controller/IndexController.class.php 第 52 行.
SQL: SELECT COUNT(*) AS tp_count FROM `student` JOIN image ON student.stu_id=image.img_uid  LIMIT 1   [ RunTime:0.000096s ]
SQL: SELECT `stu_id`,`stu_praise_count`,`img_name` FROM `student` JOIN image ON student.stu_id=image.img_uid  ORDER BY stu_praise_count desc LIMIT 44,11   [ RunTime:0.001843s ]
INFO: [ app_end ] --START--
INFO: Run Behavior\ShowPageTraceBehavior [ RunTime:0.000515s ]
INFO: [ app_end ] --END-- [ RunTime:0.000588s ]

[ 2014-10-04T16:01:34+08:00 ] 127.0.0.1 /newface/index.php/Home/Index/academy
INFO: [ app_init ] --START--
INFO: Run Behavior\BuildLiteBehavior [ RunTime:0.000024s ]
INFO: [ app_init ] --END-- [ RunTime:0.000383s ]
INFO: [ app_begin ] --START--
INFO: Run Behavior\ReadHtmlCacheBehavior [ RunTime:0.000470s ]
INFO: [ app_begin ] --END-- [ RunTime:0.000547s ]
SQL: SHOW COLUMNS FROM `student` [ RunTime:0.001045s ]
NOTIC: [8] Undefined offset: 0 /website/newface/Application/Home/Controller/IndexController.class.php 第 52 行.
SQL: SELECT COUNT(*) AS tp_count FROM `student` JOIN image ON student.stu_id=image.img_uid  LIMIT 1   [ RunTime:0.000087s ]
SQL: SELECT `stu_id`,`stu_praise_count`,`img_name` FROM `student` JOIN image ON student.stu_id=image.img_uid  ORDER BY stu_praise_count desc LIMIT 55,11   [ RunTime:0.001775s ]
INFO: [ app_end ] --START--
INFO: Run Behavior\ShowPageTraceBehavior [ RunTime:0.000519s ]
INFO: [ app_end ] --END-- [ RunTime:0.000595s ]

[ 2014-10-04T16:01:34+08:00 ] 127.0.0.1 /newface/index.php/Home/Index/academy
INFO: [ app_init ] --START--
INFO: Run Behavior\BuildLiteBehavior [ RunTime:0.000024s ]
INFO: [ app_init ] --END-- [ RunTime:0.000394s ]
INFO: [ app_begin ] --START--
INFO: Run Behavior\ReadHtmlCacheBehavior [ RunTime:0.000473s ]
INFO: [ app_begin ] --END-- [ RunTime:0.000548s ]
SQL: SHOW COLUMNS FROM `student` [ RunTime:0.000949s ]
NOTIC: [8] Undefined offset: 0 /website/newface/Application/Home/Controller/IndexController.class.php 第 52 行.
SQL: SELECT COUNT(*) AS tp_count FROM `student` JOIN image ON student.stu_id=image.img_uid  LIMIT 1   [ RunTime:0.000098s ]
SQL: SELECT `stu_id`,`stu_praise_count`,`img_name` FROM `student` JOIN image ON student.stu_id=image.img_uid  ORDER BY stu_praise_count desc LIMIT 66,11   [ RunTime:0.001692s ]
INFO: [ app_end ] --START--
INFO: Run Behavior\ShowPageTraceBehavior [ RunTime:0.000523s ]
INFO: [ app_end ] --END-- [ RunTime:0.000598s ]

[ 2014-10-04T16:01:34+08:00 ] 127.0.0.1 /newface/index.php/Home/Index/academy
INFO: [ app_init ] --START--
INFO: Run Behavior\BuildLiteBehavior [ RunTime:0.000024s ]
INFO: [ app_init ] --END-- [ RunTime:0.000383s ]
INFO: [ app_begin ] --START--
INFO: Run Behavior\ReadHtmlCacheBehavior [ RunTime:0.000472s ]
INFO: [ app_begin ] --END-- [ RunTime:0.000546s ]
SQL: SHOW COLUMNS FROM `student` [ RunTime:0.001120s ]
NOTIC: [8] Undefined offset: 0 /website/newface/Application/Home/Controller/IndexController.class.php 第 52 行.
SQL: SELECT COUNT(*) AS tp_count FROM `student` JOIN image ON student.stu_id=image.img_uid  LIMIT 1   [ RunTime:0.000090s ]
SQL: SELECT `stu_id`,`stu_praise_count`,`img_name` FROM `student` JOIN image ON student.stu_id=image.img_uid  ORDER BY stu_praise_count desc LIMIT 77,11   [ RunTime:0.001852s ]
INFO: [ app_end ] --START--
INFO: Run Behavior\ShowPageTraceBehavior [ RunTime:0.000517s ]
INFO: [ app_end ] --END-- [ RunTime:0.000590s ]

[ 2014-10-04T16:01:35+08:00 ] 127.0.0.1 /newface/index.php/Home/Index
INFO: [ app_init ] --START--
INFO: Run Behavior\BuildLiteBehavior [ RunTime:0.000022s ]
INFO: [ app_init ] --END-- [ RunTime:0.000393s ]
INFO: [ app_begin ] --START--
INFO: Run Behavior\ReadHtmlCacheBehavior [ RunTime:0.000479s ]
INFO: [ app_begin ] --END-- [ RunTime:0.000561s ]
SQL: SHOW COLUMNS FROM `student` [ RunTime:0.001054s ]
SQL: SELECT * FROM `student` JOIN image ON student.stu_id=image.img_uid  ORDER BY stu_praise_count desc LIMIT 0,11   [ RunTime:0.000107s ]
INFO: [ view_parse ] --START--
INFO: [ template_filter ] --START--
INFO: Run Behavior\ContentReplaceBehavior [ RunTime:0.000192s ]
INFO: [ template_filter ] --END-- [ RunTime:0.000284s ]
NOTIC: [8] Undefined index: login /website/newface/Application/Runtime/Cache/Home/2a94b8bda04ff446dcedd42276fc99ee.php 第 33 行.
INFO: Run Behavior\ParseTemplateBehavior [ RunTime:0.012467s ]
INFO: [ view_parse ] --END-- [ RunTime:0.012545s ]
INFO: [ view_filter ] --START--
INFO: Run Behavior\WriteHtmlCacheBehavior [ RunTime:0.000161s ]
INFO: [ view_filter ] --END-- [ RunTime:0.000232s ]
INFO: [ app_end ] --START--
INFO: Run Behavior\ShowPageTraceBehavior [ RunTime:0.000497s ]
INFO: [ app_end ] --END-- [ RunTime:0.000575s ]

[ 2014-10-04T16:01:37+08:00 ] 127.0.0.1 /newface/index.php/Home/Index/detail
INFO: [ app_init ] --START--
INFO: Run Behavior\BuildLiteBehavior [ RunTime:0.000023s ]
INFO: [ app_init ] --END-- [ RunTime:0.000388s ]
INFO: [ app_begin ] --START--
INFO: Run Behavior\ReadHtmlCacheBehavior [ RunTime:0.000473s ]
INFO: [ app_begin ] --END-- [ RunTime:0.000548s ]
SQL: SHOW COLUMNS FROM `student` [ RunTime:0.001103s ]
SQL: SELECT `stu_id`,`img_name`,`stu_praise_count` FROM `student` JOIN image ON student.stu_id=image.img_uid  WHERE ( stu_id=1554 ) LIMIT 1   [ RunTime:0.000526s ]
SQL: SHOW COLUMNS FROM `comment` [ RunTime:0.000578s ]
SQL: SELECT * FROM `comment` WHERE `com_pid` = 1554  [ RunTime:0.000379s ]
SQL: SHOW COLUMNS FROM `student` [ RunTime:0.000650s ]
SQL: SELECT `stu_name` FROM `student` WHERE ( stu_id = '1507' ) LIMIT 1   [ RunTime:0.000166s ]
SQL: SELECT `stu_name` FROM `student` WHERE ( stu_id = '3600' ) LIMIT 1   [ RunTime:0.000143s ]
SQL: SELECT `stu_name` FROM `student` WHERE ( stu_id = '1227' ) LIMIT 1   [ RunTime:0.000159s ]
SQL: SELECT `stu_name` FROM `student` WHERE ( stu_id = '2538' ) LIMIT 1   [ RunTime:0.000177s ]
SQL: SELECT `stu_name` FROM `student` WHERE ( stu_id = '3865' ) LIMIT 1   [ RunTime:0.000136s ]
SQL: SELECT `stu_name` FROM `student` WHERE ( stu_id = '194' ) LIMIT 1   [ RunTime:0.000134s ]
SQL: SELECT `stu_name` FROM `student` WHERE ( stu_id = '2761' ) LIMIT 1   [ RunTime:0.000066s ]
SQL: SELECT `stu_name` FROM `student` WHERE ( stu_id = '2761' ) LIMIT 1   [ RunTime:0.000066s ]
SQL: SELECT `stu_name` FROM `student` WHERE ( stu_id = '4424' ) LIMIT 1   [ RunTime:0.000134s ]
SQL: SELECT `stu_name` FROM `student` WHERE ( stu_id = '1413' ) LIMIT 1   [ RunTime:0.000131s ]
SQL: SELECT `stu_name` FROM `student` WHERE ( stu_id = '1413' ) LIMIT 1   [ RunTime:0.000064s ]
SQL: SELECT `stu_name` FROM `student` WHERE ( stu_id = '2636' ) LIMIT 1   [ RunTime:0.000128s ]
SQL: SELECT `stu_name` FROM `student` WHERE ( stu_id = '2636' ) LIMIT 1   [ RunTime:0.000064s ]
SQL: SELECT `stu_name` FROM `student` WHERE ( stu_id = '2636' ) LIMIT 1   [ RunTime:0.000062s ]
SQL: SELECT `stu_name` FROM `student` WHERE ( stu_id = '2636' ) LIMIT 1   [ RunTime:0.000064s ]
SQL: SELECT `stu_name` FROM `student` WHERE ( stu_id = '31853' ) LIMIT 1   [ RunTime:0.000283s ]
SQL: SELECT `stu_name` FROM `student` WHERE ( stu_id = '4444' ) LIMIT 1   [ RunTime:0.000145s ]
SQL: SELECT `stu_name` FROM `student` WHERE ( stu_id = '1649' ) LIMIT 1   [ RunTime:0.000134s ]
SQL: SELECT `stu_name` FROM `student` WHERE ( stu_id = '3577' ) LIMIT 1   [ RunTime:0.000128s ]
SQL: SELECT `stu_name` FROM `student` WHERE ( stu_id = '39929' ) LIMIT 1   [ RunTime:0.000226s ]
SQL: SELECT `stu_name` FROM `student` WHERE ( stu_id = '39929' ) LIMIT 1   [ RunTime:0.000065s ]
SQL: SELECT `stu_name` FROM `student` WHERE ( stu_id = '39929' ) LIMIT 1   [ RunTime:0.000062s ]
SQL: SELECT `stu_name` FROM `student` WHERE ( stu_id = '39929' ) LIMIT 1   [ RunTime:0.000061s ]
INFO: [ app_end ] --START--
INFO: Run Behavior\ShowPageTraceBehavior [ RunTime:0.000506s ]
INFO: [ app_end ] --END-- [ RunTime:0.000582s ]

