[ 2014-10-12T16:40:59+08:00 ] 127.0.0.1 /newface/
INFO: [ app_init ] --START--
INFO: Run Behavior\BuildLiteBehavior [ RunTime:0.000024s ]
INFO: [ app_init ] --END-- [ RunTime:0.000395s ]
INFO: [ app_begin ] --START--
INFO: Run Behavior\ReadHtmlCacheBehavior [ RunTime:0.000480s ]
INFO: [ app_begin ] --END-- [ RunTime:0.000557s ]
SQL: SHOW COLUMNS FROM `student` [ RunTime:0.001352s ]
SQL: SELECT * FROM `student` JOIN image ON student.stu_id=image.img_uid  ORDER BY stu_praise_count desc LIMIT 0,11   [ RunTime:0.005462s ]
INFO: [ view_parse ] --START--
INFO: [ template_filter ] --START--
INFO: Run Behavior\ContentReplaceBehavior [ RunTime:0.000191s ]
INFO: [ template_filter ] --END-- [ RunTime:0.000281s ]
NOTIC: [8] Undefined index: login /website/newface/Application/Runtime/Cache/Home/2a94b8bda04ff446dcedd42276fc99ee.php 第 33 行.
INFO: Run Behavior\ParseTemplateBehavior [ RunTime:0.011279s ]
INFO: [ view_parse ] --END-- [ RunTime:0.011355s ]
INFO: [ view_filter ] --START--
INFO: Run Behavior\WriteHtmlCacheBehavior [ RunTime:0.000147s ]
INFO: [ view_filter ] --END-- [ RunTime:0.000221s ]
INFO: [ app_end ] --START--
INFO: Run Behavior\ShowPageTraceBehavior [ RunTime:0.000498s ]
INFO: [ app_end ] --END-- [ RunTime:0.000579s ]

[ 2014-10-12T16:41:08+08:00 ] 127.0.0.1 /newface/index.php/Home/Index/detail
INFO: [ app_init ] --START--
INFO: Run Behavior\BuildLiteBehavior [ RunTime:0.000023s ]
INFO: [ app_init ] --END-- [ RunTime:0.000385s ]
INFO: [ app_begin ] --START--
INFO: Run Behavior\ReadHtmlCacheBehavior [ RunTime:0.000473s ]
INFO: [ app_begin ] --END-- [ RunTime:0.000547s ]
SQL: SHOW COLUMNS FROM `student` [ RunTime:0.001099s ]
SQL: SELECT `stu_id`,`img_name`,`stu_praise_count` FROM `student` JOIN image ON student.stu_id=image.img_uid  WHERE ( stu_id=1554 ) LIMIT 1   [ RunTime:0.000993s ]
SQL: SHOW COLUMNS FROM `comment` [ RunTime:0.000918s ]
SQL: SELECT * FROM `comment` WHERE `com_pid` = 1554  [ RunTime:0.000533s ]
SQL: SHOW COLUMNS FROM `student` [ RunTime:0.000771s ]
SQL: SELECT `stu_name` FROM `student` WHERE ( stu_id = '1507' ) LIMIT 1   [ RunTime:0.000244s ]
SQL: SELECT `stu_name` FROM `student` WHERE ( stu_id = '3600' ) LIMIT 1   [ RunTime:0.000147s ]
SQL: SELECT `stu_name` FROM `student` WHERE ( stu_id = '1227' ) LIMIT 1   [ RunTime:0.000139s ]
SQL: SELECT `stu_name` FROM `student` WHERE ( stu_id = '2538' ) LIMIT 1   [ RunTime:0.000226s ]
SQL: SELECT `stu_name` FROM `student` WHERE ( stu_id = '3865' ) LIMIT 1   [ RunTime:0.000182s ]
SQL: SELECT `stu_name` FROM `student` WHERE ( stu_id = '194' ) LIMIT 1   [ RunTime:0.000135s ]
SQL: SELECT `stu_name` FROM `student` WHERE ( stu_id = '2761' ) LIMIT 1   [ RunTime:0.000175s ]
SQL: SELECT `stu_name` FROM `student` WHERE ( stu_id = '2761' ) LIMIT 1   [ RunTime:0.000071s ]
SQL: SELECT `stu_name` FROM `student` WHERE ( stu_id = '4424' ) LIMIT 1   [ RunTime:0.000147s ]
SQL: SELECT `stu_name` FROM `student` WHERE ( stu_id = '1413' ) LIMIT 1   [ RunTime:0.000149s ]
SQL: SELECT `stu_name` FROM `student` WHERE ( stu_id = '1413' ) LIMIT 1   [ RunTime:0.000066s ]
SQL: SELECT `stu_name` FROM `student` WHERE ( stu_id = '2636' ) LIMIT 1   [ RunTime:0.000142s ]
SQL: SELECT `stu_name` FROM `student` WHERE ( stu_id = '2636' ) LIMIT 1   [ RunTime:0.000065s ]
SQL: SELECT `stu_name` FROM `student` WHERE ( stu_id = '2636' ) LIMIT 1   [ RunTime:0.000064s ]
SQL: SELECT `stu_name` FROM `student` WHERE ( stu_id = '2636' ) LIMIT 1   [ RunTime:0.000067s ]
SQL: SELECT `stu_name` FROM `student` WHERE ( stu_id = '31853' ) LIMIT 1   [ RunTime:0.003949s ]
SQL: SELECT `stu_name` FROM `student` WHERE ( stu_id = '4444' ) LIMIT 1   [ RunTime:0.000289s ]
SQL: SELECT `stu_name` FROM `student` WHERE ( stu_id = '1649' ) LIMIT 1   [ RunTime:0.000177s ]
SQL: SELECT `stu_name` FROM `student` WHERE ( stu_id = '3577' ) LIMIT 1   [ RunTime:0.000144s ]
SQL: SELECT `stu_name` FROM `student` WHERE ( stu_id = '39929' ) LIMIT 1   [ RunTime:0.003039s ]
SQL: SELECT `stu_name` FROM `student` WHERE ( stu_id = '39929' ) LIMIT 1   [ RunTime:0.000071s ]
SQL: SELECT `stu_name` FROM `student` WHERE ( stu_id = '39929' ) LIMIT 1   [ RunTime:0.000064s ]
SQL: SELECT `stu_name` FROM `student` WHERE ( stu_id = '39929' ) LIMIT 1   [ RunTime:0.000061s ]
INFO: [ app_end ] --START--
INFO: Run Behavior\ShowPageTraceBehavior [ RunTime:0.000517s ]
INFO: [ app_end ] --END-- [ RunTime:0.000588s ]

[ 2014-10-12T16:41:39+08:00 ] 127.0.0.1 /newface/index.php/Home/Index/academy
INFO: [ app_init ] --START--
INFO: Run Behavior\BuildLiteBehavior [ RunTime:0.000023s ]
INFO: [ app_init ] --END-- [ RunTime:0.000401s ]
INFO: [ app_begin ] --START--
INFO: Run Behavior\ReadHtmlCacheBehavior [ RunTime:0.000483s ]
INFO: [ app_begin ] --END-- [ RunTime:0.000557s ]
SQL: SHOW COLUMNS FROM `student` [ RunTime:0.001093s ]
SQL: SELECT COUNT(*) AS tp_count FROM `student` JOIN image ON student.stu_id=image.img_uid  WHERE ( stu_academy='软件学院' ) LIMIT 1   [ RunTime:0.001439s ]
SQL: SELECT `stu_id`,`stu_praise_count`,`img_name` FROM `student` JOIN image ON student.stu_id=image.img_uid  WHERE ( stu_academy='软件学院' ) LIMIT 0,11   [ RunTime:0.000791s ]
INFO: [ app_end ] --START--
INFO: Run Behavior\ShowPageTraceBehavior [ RunTime:0.000524s ]
INFO: [ app_end ] --END-- [ RunTime:0.000599s ]

[ 2014-10-12T16:42:00+08:00 ] 127.0.0.1 /newface/index.php/Home/Index/academy
INFO: [ app_init ] --START--
INFO: Run Behavior\BuildLiteBehavior [ RunTime:0.000022s ]
INFO: [ app_init ] --END-- [ RunTime:0.000393s ]
INFO: [ app_begin ] --START--
INFO: Run Behavior\ReadHtmlCacheBehavior [ RunTime:0.000476s ]
INFO: [ app_begin ] --END-- [ RunTime:0.000549s ]
SQL: SHOW COLUMNS FROM `student` [ RunTime:0.001108s ]
SQL: SELECT COUNT(*) AS tp_count FROM `student` JOIN image ON student.stu_id=image.img_uid  WHERE ( stu_academy='软件学院' ) LIMIT 1   [ RunTime:0.000093s ]
SQL: SELECT `stu_id`,`stu_praise_count`,`img_name` FROM `student` JOIN image ON student.stu_id=image.img_uid  WHERE ( stu_academy='软件学院' ) LIMIT 11,11   [ RunTime:0.001617s ]
INFO: [ app_end ] --START--
INFO: Run Behavior\ShowPageTraceBehavior [ RunTime:0.000512s ]
INFO: [ app_end ] --END-- [ RunTime:0.000584s ]

[ 2014-10-12T16:42:07+08:00 ] 127.0.0.1 /newface/index.php/Home/Index/academy
INFO: [ app_init ] --START--
INFO: Run Behavior\BuildLiteBehavior [ RunTime:0.000024s ]
INFO: [ app_init ] --END-- [ RunTime:0.000392s ]
INFO: [ app_begin ] --START--
INFO: Run Behavior\ReadHtmlCacheBehavior [ RunTime:0.000467s ]
INFO: [ app_begin ] --END-- [ RunTime:0.000541s ]
SQL: SHOW COLUMNS FROM `student` [ RunTime:0.001142s ]
SQL: SELECT COUNT(*) AS tp_count FROM `student` JOIN image ON student.stu_id=image.img_uid  WHERE ( stu_academy='软件学院' ) LIMIT 1   [ RunTime:0.000090s ]
SQL: SELECT `stu_id`,`stu_praise_count`,`img_name` FROM `student` JOIN image ON student.stu_id=image.img_uid  WHERE ( stu_academy='软件学院' ) LIMIT 0,11   [ RunTime:0.000072s ]
INFO: [ app_end ] --START--
INFO: Run Behavior\ShowPageTraceBehavior [ RunTime:0.000515s ]
INFO: [ app_end ] --END-- [ RunTime:0.000587s ]

[ 2014-10-12T16:42:16+08:00 ] 127.0.0.1 /newface/index.php/Home/Index/academy
INFO: [ app_init ] --START--
INFO: Run Behavior\BuildLiteBehavior [ RunTime:0.000022s ]
INFO: [ app_init ] --END-- [ RunTime:0.000393s ]
INFO: [ app_begin ] --START--
INFO: Run Behavior\ReadHtmlCacheBehavior [ RunTime:0.000477s ]
INFO: [ app_begin ] --END-- [ RunTime:0.000551s ]
SQL: SHOW COLUMNS FROM `student` [ RunTime:0.001113s ]
SQL: SELECT COUNT(*) AS tp_count FROM `student` JOIN image ON student.stu_id=image.img_uid  WHERE ( stu_academy='软件学院' ) LIMIT 1   [ RunTime:0.000101s ]
SQL: SELECT `stu_id`,`stu_praise_count`,`img_name` FROM `student` JOIN image ON student.stu_id=image.img_uid  WHERE ( stu_academy='软件学院' ) LIMIT 11,11   [ RunTime:0.000076s ]
INFO: [ app_end ] --START--
INFO: Run Behavior\ShowPageTraceBehavior [ RunTime:0.000514s ]
INFO: [ app_end ] --END-- [ RunTime:0.000586s ]

[ 2014-10-12T16:42:19+08:00 ] 127.0.0.1 /newface/index.php/Home/Index/detail
INFO: [ app_init ] --START--
INFO: Run Behavior\BuildLiteBehavior [ RunTime:0.000023s ]
INFO: [ app_init ] --END-- [ RunTime:0.000399s ]
INFO: [ app_begin ] --START--
INFO: Run Behavior\ReadHtmlCacheBehavior [ RunTime:0.000483s ]
INFO: [ app_begin ] --END-- [ RunTime:0.000557s ]
SQL: SHOW COLUMNS FROM `student` [ RunTime:0.001188s ]
SQL: SELECT `stu_id`,`img_name`,`stu_praise_count` FROM `student` JOIN image ON student.stu_id=image.img_uid  WHERE ( stu_id=3107 ) LIMIT 1   [ RunTime:0.000512s ]
SQL: SHOW COLUMNS FROM `comment` [ RunTime:0.000601s ]
SQL: SELECT * FROM `comment` WHERE `com_pid` = 3107  [ RunTime:0.000298s ]
NOTIC: [2] Invalid argument supplied for foreach() /website/newface/Application/Home/Controller/IndexController.class.php 第 141 行.
INFO: [ app_end ] --START--
INFO: Run Behavior\ShowPageTraceBehavior [ RunTime:0.000509s ]
INFO: [ app_end ] --END-- [ RunTime:0.000580s ]

[ 2014-10-12T16:42:34+08:00 ] 127.0.0.1 /newface/index.php/Home/Index
INFO: [ app_init ] --START--
INFO: Run Behavior\BuildLiteBehavior [ RunTime:0.000022s ]
INFO: [ app_init ] --END-- [ RunTime:0.000394s ]
INFO: [ app_begin ] --START--
INFO: Run Behavior\ReadHtmlCacheBehavior [ RunTime:0.000480s ]
INFO: [ app_begin ] --END-- [ RunTime:0.000562s ]
SQL: SHOW COLUMNS FROM `student` [ RunTime:0.001077s ]
SQL: SELECT * FROM `student` JOIN image ON student.stu_id=image.img_uid  ORDER BY stu_praise_count desc LIMIT 0,11   [ RunTime:0.000118s ]
INFO: [ view_parse ] --START--
INFO: [ template_filter ] --START--
INFO: Run Behavior\ContentReplaceBehavior [ RunTime:0.000187s ]
INFO: [ template_filter ] --END-- [ RunTime:0.000276s ]
NOTIC: [8] Undefined index: login /website/newface/Application/Runtime/Cache/Home/2a94b8bda04ff446dcedd42276fc99ee.php 第 33 行.
INFO: Run Behavior\ParseTemplateBehavior [ RunTime:0.011268s ]
INFO: [ view_parse ] --END-- [ RunTime:0.011346s ]
INFO: [ view_filter ] --START--
INFO: Run Behavior\WriteHtmlCacheBehavior [ RunTime:0.000152s ]
INFO: [ view_filter ] --END-- [ RunTime:0.000223s ]
INFO: [ app_end ] --START--
INFO: Run Behavior\ShowPageTraceBehavior [ RunTime:0.000501s ]
INFO: [ app_end ] --END-- [ RunTime:0.000581s ]

[ 2014-10-12T16:42:34+08:00 ] 127.0.0.1 /newface/index.php/Home/Index/academy
INFO: [ app_init ] --START--
INFO: Run Behavior\BuildLiteBehavior [ RunTime:0.000023s ]
INFO: [ app_init ] --END-- [ RunTime:0.000395s ]
INFO: [ app_begin ] --START--
INFO: Run Behavior\ReadHtmlCacheBehavior [ RunTime:0.000481s ]
INFO: [ app_begin ] --END-- [ RunTime:0.000555s ]
SQL: SHOW COLUMNS FROM `student` [ RunTime:0.001160s ]
NOTIC: [8] Undefined offset: 0 /website/newface/Application/Home/Controller/IndexController.class.php 第 52 行.
SQL: SELECT COUNT(*) AS tp_count FROM `student` JOIN image ON student.stu_id=image.img_uid  LIMIT 1   [ RunTime:0.001334s ]
SQL: SELECT `stu_id`,`stu_praise_count`,`img_name` FROM `student` JOIN image ON student.stu_id=image.img_uid  ORDER BY stu_praise_count desc LIMIT 0,11   [ RunTime:0.001540s ]
INFO: [ app_end ] --START--
INFO: Run Behavior\ShowPageTraceBehavior [ RunTime:0.000556s ]
INFO: [ app_end ] --END-- [ RunTime:0.000631s ]

