[ 2014-10-22T13:49:53+08:00 ] 127.0.0.1 /newface/
INFO: [ app_init ] --START--
INFO: Run Behavior\BuildLiteBehavior [ RunTime:0.000029s ]
INFO: [ app_init ] --END-- [ RunTime:0.000416s ]
INFO: [ app_begin ] --START--
INFO: Run Behavior\ReadHtmlCacheBehavior [ RunTime:0.000481s ]
INFO: [ app_begin ] --END-- [ RunTime:0.000563s ]
SQL: SHOW COLUMNS FROM `student` [ RunTime:0.001319s ]
SQL: SELECT * FROM `student` JOIN image ON student.stu_id=image.img_uid  ORDER BY stu_praise_count desc LIMIT 0,11   [ RunTime:0.006289s ]
INFO: [ view_parse ] --START--
INFO: [ template_filter ] --START--
INFO: Run Behavior\ContentReplaceBehavior [ RunTime:0.000197s ]
INFO: [ template_filter ] --END-- [ RunTime:0.000285s ]
NOTIC: [8] Undefined index: login /website/newface/Application/Runtime/Cache/Home/2a94b8bda04ff446dcedd42276fc99ee.php 第 33 行.
INFO: Run Behavior\ParseTemplateBehavior [ RunTime:0.011364s ]
INFO: [ view_parse ] --END-- [ RunTime:0.011443s ]
INFO: [ view_filter ] --START--
INFO: Run Behavior\WriteHtmlCacheBehavior [ RunTime:0.000160s ]
INFO: [ view_filter ] --END-- [ RunTime:0.000228s ]
INFO: [ app_end ] --START--
INFO: Run Behavior\ShowPageTraceBehavior [ RunTime:0.000500s ]
INFO: [ app_end ] --END-- [ RunTime:0.000579s ]

[ 2014-10-22T13:50:19+08:00 ] 127.0.0.1 /newface/
INFO: [ app_init ] --START--
INFO: Run Behavior\BuildLiteBehavior [ RunTime:0.000025s ]
INFO: [ app_init ] --END-- [ RunTime:0.000392s ]
INFO: [ app_begin ] --START--
INFO: Run Behavior\ReadHtmlCacheBehavior [ RunTime:0.000472s ]
INFO: [ app_begin ] --END-- [ RunTime:0.000549s ]
SQL: SHOW COLUMNS FROM `student` [ RunTime:0.001117s ]
SQL: SELECT * FROM `student` JOIN image ON student.stu_id=image.img_uid  ORDER BY stu_praise_count desc LIMIT 0,11   [ RunTime:0.000123s ]
INFO: [ view_parse ] --START--
INFO: [ template_filter ] --START--
INFO: Run Behavior\ContentReplaceBehavior [ RunTime:0.000188s ]
INFO: [ template_filter ] --END-- [ RunTime:0.000278s ]
NOTIC: [8] Undefined index: login /website/newface/Application/Runtime/Cache/Home/2a94b8bda04ff446dcedd42276fc99ee.php 第 33 行.
INFO: Run Behavior\ParseTemplateBehavior [ RunTime:0.012384s ]
INFO: [ view_parse ] --END-- [ RunTime:0.012460s ]
INFO: [ view_filter ] --START--
INFO: Run Behavior\WriteHtmlCacheBehavior [ RunTime:0.000148s ]
INFO: [ view_filter ] --END-- [ RunTime:0.000218s ]
INFO: [ app_end ] --START--
INFO: Run Behavior\ShowPageTraceBehavior [ RunTime:0.000497s ]
INFO: [ app_end ] --END-- [ RunTime:0.000577s ]

