[ 2014-11-29T15:17:50+08:00 ] 202.202.32.38 /newface/
INFO: [ app_init ] --START--
INFO: Run Behavior\BuildLiteBehavior [ RunTime:0.000024s ]
INFO: [ app_init ] --END-- [ RunTime:0.000402s ]
INFO: [ app_begin ] --START--
INFO: Run Behavior\ReadHtmlCacheBehavior [ RunTime:0.000482s ]
INFO: [ app_begin ] --END-- [ RunTime:0.000559s ]
SQL: SHOW COLUMNS FROM `student` [ RunTime:0.001378s ]
SQL: SELECT * FROM `student` JOIN image ON student.stu_id=image.img_uid  ORDER BY stu_praise_count desc LIMIT 0,11   [ RunTime:0.006196s ]
INFO: [ view_parse ] --START--
INFO: [ template_filter ] --START--
INFO: Run Behavior\ContentReplaceBehavior [ RunTime:0.000190s ]
INFO: [ template_filter ] --END-- [ RunTime:0.000280s ]
NOTIC: [8] Undefined index: login /website/newface/Application/Runtime/Cache/Home/2a94b8bda04ff446dcedd42276fc99ee.php 第 33 行.
INFO: Run Behavior\ParseTemplateBehavior [ RunTime:0.011355s ]
INFO: [ view_parse ] --END-- [ RunTime:0.011440s ]
INFO: [ view_filter ] --START--
INFO: Run Behavior\WriteHtmlCacheBehavior [ RunTime:0.000162s ]
INFO: [ view_filter ] --END-- [ RunTime:0.000233s ]
INFO: [ app_end ] --START--
INFO: Run Behavior\ShowPageTraceBehavior [ RunTime:0.000518s ]
INFO: [ app_end ] --END-- [ RunTime:0.000599s ]

