[ 2015-03-19T11:10:23+08:00 ] 202.202.32.38 /newface/
INFO: [ app_init ] --START--
INFO: Run Behavior\BuildLiteBehavior [ RunTime:0.000027s ]
INFO: [ app_init ] --END-- [ RunTime:0.000638s ]
INFO: [ app_begin ] --START--
INFO: Run Behavior\ReadHtmlCacheBehavior [ RunTime:0.000720s ]
INFO: [ app_begin ] --END-- [ RunTime:0.000804s ]
SQL: SHOW COLUMNS FROM `student` [ RunTime:0.008127s ]
SQL: SELECT * FROM `student` JOIN image ON student.stu_id=image.img_uid  ORDER BY stu_praise_count desc LIMIT 0,11   [ RunTime:0.106252s ]
INFO: [ view_parse ] --START--
INFO: [ template_filter ] --START--
INFO: Run Behavior\ContentReplaceBehavior [ RunTime:0.000193s ]
INFO: [ template_filter ] --END-- [ RunTime:0.000295s ]
NOTIC: [8] Undefined index: login /website/newface/Application/Runtime/Cache/Home/2a94b8bda04ff446dcedd42276fc99ee.php 第 33 行.
INFO: Run Behavior\ParseTemplateBehavior [ RunTime:0.020783s ]
INFO: [ view_parse ] --END-- [ RunTime:0.020873s ]
INFO: [ view_filter ] --START--
INFO: Run Behavior\WriteHtmlCacheBehavior [ RunTime:0.000397s ]
INFO: [ view_filter ] --END-- [ RunTime:0.000469s ]
INFO: [ app_end ] --START--
INFO: Run Behavior\ShowPageTraceBehavior [ RunTime:0.000761s ]
INFO: [ app_end ] --END-- [ RunTime:0.000842s ]

[ 2015-03-19T11:10:31+08:00 ] 202.202.32.38 /newface/index.php/Home/Index/academy
INFO: [ app_init ] --START--
INFO: Run Behavior\BuildLiteBehavior [ RunTime:0.000026s ]
INFO: [ app_init ] --END-- [ RunTime:0.000427s ]
INFO: [ app_begin ] --START--
INFO: Run Behavior\ReadHtmlCacheBehavior [ RunTime:0.000497s ]
INFO: [ app_begin ] --END-- [ RunTime:0.000574s ]
SQL: SHOW COLUMNS FROM `student` [ RunTime:0.001144s ]
NOTIC: [8] Undefined offset: 0 /website/newface/Application/Home/Controller/IndexController.class.php 第 52 行.
SQL: SELECT COUNT(*) AS tp_count FROM `student` JOIN image ON student.stu_id=image.img_uid  LIMIT 1   [ RunTime:0.001291s ]
SQL: SELECT `stu_id`,`stu_praise_count`,`img_name` FROM `student` JOIN image ON student.stu_id=image.img_uid  ORDER BY stu_praise_count desc LIMIT 11,11   [ RunTime:0.001505s ]
INFO: [ app_end ] --START--
INFO: Run Behavior\ShowPageTraceBehavior [ RunTime:0.000551s ]
INFO: [ app_end ] --END-- [ RunTime:0.000628s ]

[ 2015-03-19T11:10:34+08:00 ] 202.202.32.38 /newface/index.php/Home/Index/academy
INFO: [ app_init ] --START--
INFO: Run Behavior\BuildLiteBehavior [ RunTime:0.000028s ]
INFO: [ app_init ] --END-- [ RunTime:0.000422s ]
INFO: [ app_begin ] --START--
INFO: Run Behavior\ReadHtmlCacheBehavior [ RunTime:0.000493s ]
INFO: [ app_begin ] --END-- [ RunTime:0.000569s ]
SQL: SHOW COLUMNS FROM `student` [ RunTime:0.001165s ]
NOTIC: [8] Undefined offset: 0 /website/newface/Application/Home/Controller/IndexController.class.php 第 52 行.
SQL: SELECT COUNT(*) AS tp_count FROM `student` JOIN image ON student.stu_id=image.img_uid  LIMIT 1   [ RunTime:0.000101s ]
SQL: SELECT `stu_id`,`stu_praise_count`,`img_name` FROM `student` JOIN image ON student.stu_id=image.img_uid  ORDER BY stu_praise_count desc LIMIT 22,11   [ RunTime:0.001820s ]
INFO: [ app_end ] --START--
INFO: Run Behavior\ShowPageTraceBehavior [ RunTime:0.000553s ]
INFO: [ app_end ] --END-- [ RunTime:0.000629s ]

[ 2015-03-19T11:10:35+08:00 ] 202.202.32.38 /newface/index.php/Home/Index/academy
INFO: [ app_init ] --START--
INFO: Run Behavior\BuildLiteBehavior [ RunTime:0.000023s ]
INFO: [ app_init ] --END-- [ RunTime:0.000414s ]
INFO: [ app_begin ] --START--
INFO: Run Behavior\ReadHtmlCacheBehavior [ RunTime:0.000491s ]
INFO: [ app_begin ] --END-- [ RunTime:0.000567s ]
SQL: SHOW COLUMNS FROM `student` [ RunTime:0.001154s ]
NOTIC: [8] Undefined offset: 0 /website/newface/Application/Home/Controller/IndexController.class.php 第 52 行.
SQL: SELECT COUNT(*) AS tp_count FROM `student` JOIN image ON student.stu_id=image.img_uid  LIMIT 1   [ RunTime:0.000099s ]
SQL: SELECT `stu_id`,`stu_praise_count`,`img_name` FROM `student` JOIN image ON student.stu_id=image.img_uid  ORDER BY stu_praise_count desc LIMIT 33,11   [ RunTime:0.001786s ]
INFO: [ app_end ] --START--
INFO: Run Behavior\ShowPageTraceBehavior [ RunTime:0.000549s ]
INFO: [ app_end ] --END-- [ RunTime:0.000631s ]

[ 2015-03-19T11:10:36+08:00 ] 202.202.32.38 /newface/index.php/Home/Index/academy
INFO: [ app_init ] --START--
INFO: Run Behavior\BuildLiteBehavior [ RunTime:0.000025s ]
INFO: [ app_init ] --END-- [ RunTime:0.000422s ]
INFO: [ app_begin ] --START--
INFO: Run Behavior\ReadHtmlCacheBehavior [ RunTime:0.000495s ]
INFO: [ app_begin ] --END-- [ RunTime:0.000570s ]
SQL: SHOW COLUMNS FROM `student` [ RunTime:0.001126s ]
NOTIC: [8] Undefined offset: 0 /website/newface/Application/Home/Controller/IndexController.class.php 第 52 行.
SQL: SELECT COUNT(*) AS tp_count FROM `student` JOIN image ON student.stu_id=image.img_uid  LIMIT 1   [ RunTime:0.000085s ]
SQL: SELECT `stu_id`,`stu_praise_count`,`img_name` FROM `student` JOIN image ON student.stu_id=image.img_uid  ORDER BY stu_praise_count desc LIMIT 44,11   [ RunTime:0.001815s ]
INFO: [ app_end ] --START--
INFO: Run Behavior\ShowPageTraceBehavior [ RunTime:0.000650s ]
INFO: [ app_end ] --END-- [ RunTime:0.000729s ]

[ 2015-03-19T11:10:37+08:00 ] 202.202.32.38 /newface/index.php/Home/Index/academy
INFO: [ app_init ] --START--
INFO: Run Behavior\BuildLiteBehavior [ RunTime:0.000024s ]
INFO: [ app_init ] --END-- [ RunTime:0.000420s ]
INFO: [ app_begin ] --START--
INFO: Run Behavior\ReadHtmlCacheBehavior [ RunTime:0.000493s ]
INFO: [ app_begin ] --END-- [ RunTime:0.000570s ]
SQL: SHOW COLUMNS FROM `student` [ RunTime:0.001094s ]
NOTIC: [8] Undefined offset: 0 /website/newface/Application/Home/Controller/IndexController.class.php 第 52 行.
SQL: SELECT COUNT(*) AS tp_count FROM `student` JOIN image ON student.stu_id=image.img_uid  LIMIT 1   [ RunTime:0.000088s ]
SQL: SELECT `stu_id`,`stu_praise_count`,`img_name` FROM `student` JOIN image ON student.stu_id=image.img_uid  ORDER BY stu_praise_count desc LIMIT 55,11   [ RunTime:0.001845s ]
INFO: [ app_end ] --START--
INFO: Run Behavior\ShowPageTraceBehavior [ RunTime:0.000634s ]
INFO: [ app_end ] --END-- [ RunTime:0.000714s ]

[ 2015-03-19T11:10:37+08:00 ] 202.202.32.38 /newface/index.php/Home/Index/academy
INFO: [ app_init ] --START--
INFO: Run Behavior\BuildLiteBehavior [ RunTime:0.000026s ]
INFO: [ app_init ] --END-- [ RunTime:0.000418s ]
INFO: [ app_begin ] --START--
INFO: Run Behavior\ReadHtmlCacheBehavior [ RunTime:0.000492s ]
INFO: [ app_begin ] --END-- [ RunTime:0.000569s ]
SQL: SHOW COLUMNS FROM `student` [ RunTime:0.001185s ]
NOTIC: [8] Undefined offset: 0 /website/newface/Application/Home/Controller/IndexController.class.php 第 52 行.
SQL: SELECT COUNT(*) AS tp_count FROM `student` JOIN image ON student.stu_id=image.img_uid  LIMIT 1   [ RunTime:0.000089s ]
SQL: SELECT `stu_id`,`stu_praise_count`,`img_name` FROM `student` JOIN image ON student.stu_id=image.img_uid  ORDER BY stu_praise_count desc LIMIT 66,11   [ RunTime:0.002158s ]
INFO: [ app_end ] --START--
INFO: Run Behavior\ShowPageTraceBehavior [ RunTime:0.000681s ]
INFO: [ app_end ] --END-- [ RunTime:0.000761s ]

[ 2015-03-19T11:10:38+08:00 ] 202.202.32.38 /newface/index.php/Home/Index/academy
INFO: [ app_init ] --START--
INFO: Run Behavior\BuildLiteBehavior [ RunTime:0.000024s ]
INFO: [ app_init ] --END-- [ RunTime:0.000425s ]
INFO: [ app_begin ] --START--
INFO: Run Behavior\ReadHtmlCacheBehavior [ RunTime:0.000490s ]
INFO: [ app_begin ] --END-- [ RunTime:0.000566s ]
SQL: SHOW COLUMNS FROM `student` [ RunTime:0.001108s ]
NOTIC: [8] Undefined offset: 0 /website/newface/Application/Home/Controller/IndexController.class.php 第 52 行.
SQL: SELECT COUNT(*) AS tp_count FROM `student` JOIN image ON student.stu_id=image.img_uid  LIMIT 1   [ RunTime:0.000086s ]
SQL: SELECT `stu_id`,`stu_praise_count`,`img_name` FROM `student` JOIN image ON student.stu_id=image.img_uid  ORDER BY stu_praise_count desc LIMIT 77,11   [ RunTime:0.001846s ]
INFO: [ app_end ] --START--
INFO: Run Behavior\ShowPageTraceBehavior [ RunTime:0.000634s ]
INFO: [ app_end ] --END-- [ RunTime:0.000714s ]

[ 2015-03-19T11:10:39+08:00 ] 202.202.32.38 /newface/index.php/Home/Index/academy
INFO: [ app_init ] --START--
INFO: Run Behavior\BuildLiteBehavior [ RunTime:0.000026s ]
INFO: [ app_init ] --END-- [ RunTime:0.000422s ]
INFO: [ app_begin ] --START--
INFO: Run Behavior\ReadHtmlCacheBehavior [ RunTime:0.000494s ]
INFO: [ app_begin ] --END-- [ RunTime:0.000571s ]
SQL: SHOW COLUMNS FROM `student` [ RunTime:0.001121s ]
NOTIC: [8] Undefined offset: 0 /website/newface/Application/Home/Controller/IndexController.class.php 第 52 行.
SQL: SELECT COUNT(*) AS tp_count FROM `student` JOIN image ON student.stu_id=image.img_uid  LIMIT 1   [ RunTime:0.000085s ]
SQL: SELECT `stu_id`,`stu_praise_count`,`img_name` FROM `student` JOIN image ON student.stu_id=image.img_uid  ORDER BY stu_praise_count desc LIMIT 88,11   [ RunTime:0.001862s ]
INFO: [ app_end ] --START--
INFO: Run Behavior\ShowPageTraceBehavior [ RunTime:0.000644s ]
INFO: [ app_end ] --END-- [ RunTime:0.000721s ]

[ 2015-03-19T11:10:40+08:00 ] 202.202.32.38 /newface/index.php/Home/Index/academy
INFO: [ app_init ] --START--
INFO: Run Behavior\BuildLiteBehavior [ RunTime:0.000024s ]
INFO: [ app_init ] --END-- [ RunTime:0.000415s ]
INFO: [ app_begin ] --START--
INFO: Run Behavior\ReadHtmlCacheBehavior [ RunTime:0.000492s ]
INFO: [ app_begin ] --END-- [ RunTime:0.000566s ]
SQL: SHOW COLUMNS FROM `student` [ RunTime:0.001117s ]
NOTIC: [8] Undefined offset: 0 /website/newface/Application/Home/Controller/IndexController.class.php 第 52 行.
SQL: SELECT COUNT(*) AS tp_count FROM `student` JOIN image ON student.stu_id=image.img_uid  LIMIT 1   [ RunTime:0.000085s ]
SQL: SELECT `stu_id`,`stu_praise_count`,`img_name` FROM `student` JOIN image ON student.stu_id=image.img_uid  ORDER BY stu_praise_count desc LIMIT 99,11   [ RunTime:0.001854s ]
INFO: [ app_end ] --START--
INFO: Run Behavior\ShowPageTraceBehavior [ RunTime:0.000628s ]
INFO: [ app_end ] --END-- [ RunTime:0.000706s ]

[ 2015-03-19T11:10:40+08:00 ] 202.202.32.38 /newface/index.php/Home/Index/academy
INFO: [ app_init ] --START--
INFO: Run Behavior\BuildLiteBehavior [ RunTime:0.000027s ]
INFO: [ app_init ] --END-- [ RunTime:0.000411s ]
INFO: [ app_begin ] --START--
INFO: Run Behavior\ReadHtmlCacheBehavior [ RunTime:0.000483s ]
INFO: [ app_begin ] --END-- [ RunTime:0.000557s ]
SQL: SHOW COLUMNS FROM `student` [ RunTime:0.001133s ]
NOTIC: [8] Undefined offset: 0 /website/newface/Application/Home/Controller/IndexController.class.php 第 52 行.
SQL: SELECT COUNT(*) AS tp_count FROM `student` JOIN image ON student.stu_id=image.img_uid  LIMIT 1   [ RunTime:0.000087s ]
SQL: SELECT `stu_id`,`stu_praise_count`,`img_name` FROM `student` JOIN image ON student.stu_id=image.img_uid  ORDER BY stu_praise_count desc LIMIT 110,11   [ RunTime:0.001860s ]
INFO: [ app_end ] --START--
INFO: Run Behavior\ShowPageTraceBehavior [ RunTime:0.000628s ]
INFO: [ app_end ] --END-- [ RunTime:0.000705s ]

[ 2015-03-19T11:10:41+08:00 ] 202.202.32.38 /newface/index.php/Home/Index/academy
INFO: [ app_init ] --START--
INFO: Run Behavior\BuildLiteBehavior [ RunTime:0.000029s ]
INFO: [ app_init ] --END-- [ RunTime:0.000444s ]
INFO: [ app_begin ] --START--
INFO: Run Behavior\ReadHtmlCacheBehavior [ RunTime:0.000507s ]
INFO: [ app_begin ] --END-- [ RunTime:0.000583s ]
SQL: SHOW COLUMNS FROM `student` [ RunTime:0.001175s ]
NOTIC: [8] Undefined offset: 0 /website/newface/Application/Home/Controller/IndexController.class.php 第 52 行.
SQL: SELECT COUNT(*) AS tp_count FROM `student` JOIN image ON student.stu_id=image.img_uid  LIMIT 1   [ RunTime:0.000089s ]
SQL: SELECT `stu_id`,`stu_praise_count`,`img_name` FROM `student` JOIN image ON student.stu_id=image.img_uid  ORDER BY stu_praise_count desc LIMIT 121,11   [ RunTime:0.001981s ]
INFO: [ app_end ] --START--
INFO: Run Behavior\ShowPageTraceBehavior [ RunTime:0.000713s ]
INFO: [ app_end ] --END-- [ RunTime:0.000795s ]

[ 2015-03-19T11:10:42+08:00 ] 202.202.32.38 /newface/index.php/Home/Index/academy
INFO: [ app_init ] --START--
INFO: Run Behavior\BuildLiteBehavior [ RunTime:0.000026s ]
INFO: [ app_init ] --END-- [ RunTime:0.000424s ]
INFO: [ app_begin ] --START--
INFO: Run Behavior\ReadHtmlCacheBehavior [ RunTime:0.000492s ]
INFO: [ app_begin ] --END-- [ RunTime:0.000569s ]
SQL: SHOW COLUMNS FROM `student` [ RunTime:0.001017s ]
NOTIC: [8] Undefined offset: 0 /website/newface/Application/Home/Controller/IndexController.class.php 第 52 行.
SQL: SELECT COUNT(*) AS tp_count FROM `student` JOIN image ON student.stu_id=image.img_uid  LIMIT 1   [ RunTime:0.000086s ]
SQL: SELECT `stu_id`,`stu_praise_count`,`img_name` FROM `student` JOIN image ON student.stu_id=image.img_uid  ORDER BY stu_praise_count desc LIMIT 132,11   [ RunTime:0.001785s ]
INFO: [ app_end ] --START--
INFO: Run Behavior\ShowPageTraceBehavior [ RunTime:0.000551s ]
INFO: [ app_end ] --END-- [ RunTime:0.000626s ]

[ 2015-03-19T11:10:42+08:00 ] 202.202.32.38 /newface/index.php/Home/Index/academy
INFO: [ app_init ] --START--
INFO: Run Behavior\BuildLiteBehavior [ RunTime:0.000025s ]
INFO: [ app_init ] --END-- [ RunTime:0.000415s ]
INFO: [ app_begin ] --START--
INFO: Run Behavior\ReadHtmlCacheBehavior [ RunTime:0.000493s ]
INFO: [ app_begin ] --END-- [ RunTime:0.000568s ]
SQL: SHOW COLUMNS FROM `student` [ RunTime:0.000949s ]
NOTIC: [8] Undefined offset: 0 /website/newface/Application/Home/Controller/IndexController.class.php 第 52 行.
SQL: SELECT COUNT(*) AS tp_count FROM `student` JOIN image ON student.stu_id=image.img_uid  LIMIT 1   [ RunTime:0.000083s ]
SQL: SELECT `stu_id`,`stu_praise_count`,`img_name` FROM `student` JOIN image ON student.stu_id=image.img_uid  ORDER BY stu_praise_count desc LIMIT 143,11   [ RunTime:0.001705s ]
INFO: [ app_end ] --START--
INFO: Run Behavior\ShowPageTraceBehavior [ RunTime:0.000541s ]
INFO: [ app_end ] --END-- [ RunTime:0.000615s ]

[ 2015-03-19T15:46:42+08:00 ] 202.202.32.38 /newface/
INFO: [ app_init ] --START--
INFO: Run Behavior\BuildLiteBehavior [ RunTime:0.000023s ]
INFO: [ app_init ] --END-- [ RunTime:0.000427s ]
INFO: [ app_begin ] --START--
INFO: Run Behavior\ReadHtmlCacheBehavior [ RunTime:0.000516s ]
INFO: [ app_begin ] --END-- [ RunTime:0.000601s ]
SQL: SHOW COLUMNS FROM `student` [ RunTime:0.001368s ]
SQL: SELECT * FROM `student` JOIN image ON student.stu_id=image.img_uid  ORDER BY stu_praise_count desc LIMIT 0,11   [ RunTime:0.006206s ]
INFO: [ view_parse ] --START--
INFO: [ template_filter ] --START--
INFO: Run Behavior\ContentReplaceBehavior [ RunTime:0.000195s ]
INFO: [ template_filter ] --END-- [ RunTime:0.000284s ]
NOTIC: [8] Undefined index: login /website/newface/Application/Runtime/Cache/Home/2a94b8bda04ff446dcedd42276fc99ee.php 第 33 行.
INFO: Run Behavior\ParseTemplateBehavior [ RunTime:0.011553s ]
INFO: [ view_parse ] --END-- [ RunTime:0.011631s ]
INFO: [ view_filter ] --START--
INFO: Run Behavior\WriteHtmlCacheBehavior [ RunTime:0.000175s ]
INFO: [ view_filter ] --END-- [ RunTime:0.000248s ]
INFO: [ app_end ] --START--
INFO: Run Behavior\ShowPageTraceBehavior [ RunTime:0.000522s ]
INFO: [ app_end ] --END-- [ RunTime:0.000601s ]

[ 2015-03-19T17:50:21+08:00 ] 202.202.32.38 /newface/
INFO: [ app_init ] --START--
INFO: Run Behavior\BuildLiteBehavior [ RunTime:0.000025s ]
INFO: [ app_init ] --END-- [ RunTime:0.000428s ]
INFO: [ app_begin ] --START--
INFO: Run Behavior\ReadHtmlCacheBehavior [ RunTime:0.000507s ]
INFO: [ app_begin ] --END-- [ RunTime:0.000588s ]
SQL: SHOW COLUMNS FROM `student` [ RunTime:0.001283s ]
SQL: SELECT * FROM `student` JOIN image ON student.stu_id=image.img_uid  ORDER BY stu_praise_count desc LIMIT 0,11   [ RunTime:0.006476s ]
INFO: [ view_parse ] --START--
INFO: [ template_filter ] --START--
INFO: Run Behavior\ContentReplaceBehavior [ RunTime:0.000190s ]
INFO: [ template_filter ] --END-- [ RunTime:0.000281s ]
NOTIC: [8] Undefined index: login /website/newface/Application/Runtime/Cache/Home/2a94b8bda04ff446dcedd42276fc99ee.php 第 33 行.
INFO: Run Behavior\ParseTemplateBehavior [ RunTime:0.011541s ]
INFO: [ view_parse ] --END-- [ RunTime:0.011623s ]
INFO: [ view_filter ] --START--
INFO: Run Behavior\WriteHtmlCacheBehavior [ RunTime:0.000182s ]
INFO: [ view_filter ] --END-- [ RunTime:0.000256s ]
INFO: [ app_end ] --START--
INFO: Run Behavior\ShowPageTraceBehavior [ RunTime:0.000529s ]
INFO: [ app_end ] --END-- [ RunTime:0.000609s ]

